<?xml version="1.0" encoding="UTF-8"?>
<!-- Generated by org.testng.reporters.JUnitReportReporter -->
<testsuite hostname="Raga" failures="0" tests="2000" name="com.juaracoding.testng2.SignInTest" time="0.822" errors="0" timestamp="2025-07-23T12:18:39 WIB" skipped="0">
  <testcase classname="com.juaracoding.testng2.SignInTest" name="testSignIn" time="0.000"/>
  <testcase classname="com.juaracoding.testng2.SignInTest" name="testSignIn" time="0.001"/>
  <testcase classname="com.juaracoding.testng2.SignInTest" name="testSignIn" time="0.001"/>
  <testcase classname="com.juaracoding.testng2.SignInTest" name="testSignIn" time="0.000"/>
  <testcase classname="com.juaracoding.testng2.SignInTest" name="testSignIn" time="0.000"/>
  <testcase classname="com.juaracoding.testng2.SignInTest" name="testSignIn" time="0.000"/>
  <testcase classname="com.juaracoding.testng2.SignInTest" name="testSignIn" time="0.000"/>
  <testcase classname="com.juaracoding.testng2.SignInTest" name="testSignIn" time="0.000"/>
  <testcase classname="com.juaracoding.testng2.SignInTest" name="testSignIn" time="0.002"/>
  <testcase classname="com.juaracoding.testng2.SignInTest" name="testSignIn" time="0.001"/>
  <testcase classname="com.juaracoding.testng2.SignInTest" name="testSignIn" time="0.001"/>
  <testcase classname="com.juaracoding.testng2.SignInTest" name="testSignIn" time="0.000"/>
  <testcase classname="com.juaracoding.testng2.SignInTest" name="testSignIn" time="0.000"/>
  <testcase classname="com.juaracoding.testng2.SignInTest" name="testSignIn" time="0.000"/>
  <testcase classname="com.juaracoding.testng2.SignInTest" name="testSignIn" time="0.001"/>
  <testcase classname="com.juaracoding.testng2.SignInTest" name="testSignIn" time="0.000"/>
  <testcase classname="com.juaracoding.testng2.SignInTest" name="testSignIn" time="0.000"/>
  <testcase classname="com.juaracoding.testng2.SignInTest" name="testSignIn" time="0.000"/>
  <testcase classname="com.juaracoding.testng2.SignInTest" name="testSignIn" time="0.000"/>
  <testcase classname="com.juaracoding.testng2.SignInTest" name="testSignIn" time="0.011"/>
  <testcase classname="com.juaracoding.testng2.SignInTest" name="testSignIn" time="0.000"/>
  <testcase classname="com.juaracoding.testng2.SignInTest" name="testSignIn" time="0.000"/>
  <testcase classname="com.juaracoding.testng2.SignInTest" name="testSignIn" time="0.000"/>
  <testcase classname="com.juaracoding.testng2.SignInTest" name="testSignIn" time="0.001"/>
  <testcase classname="com.juaracoding.testng2.SignInTest" name="testSignIn" time="0.000"/>
  <testcase classname="com.juaracoding.testng2.SignInTest" name="testSignIn" time="0.000"/>
  <testcase classname="com.juaracoding.testng2.SignInTest" name="testSignIn" time="0.002"/>
  <testcase classname="com.juaracoding.testng2.SignInTest" name="testSignIn" time="0.001"/>
  <testcase classname="com.juaracoding.testng2.SignInTest" name="testSignIn" time="0.000"/>
  <testcase classname="com.juaracoding.testng2.SignInTest" name="testSignIn" time="0.000"/>
  <testcase classname="com.juaracoding.testng2.SignInTest" name="testSignIn" time="0.001"/>
  <testcase classname="com.juaracoding.testng2.SignInTest" name="testSignIn" time="0.000"/>
  <testcase classname="com.juaracoding.testng2.SignInTest" name="testSignIn" time="0.000"/>
  <testcase classname="com.juaracoding.testng2.SignInTest" name="testSignIn" time="0.000"/>
  <testcase classname="com.juaracoding.testng2.SignInTest" name="testSignIn" time="0.000"/>
  <testcase classname="com.juaracoding.testng2.SignInTest" name="testSignIn" time="0.000"/>
  <testcase classname="com.juaracoding.testng2.SignInTest" name="testSignIn" time="0.000"/>
  <testcase classname="com.juaracoding.testng2.SignInTest" name="testSignIn" time="0.001"/>
  <testcase classname="com.juaracoding.testng2.SignInTest" name="testSignIn" time="0.000"/>
  <testcase classname="com.juaracoding.testng2.SignInTest" name="testSignIn" time="0.000"/>
  <testcase classname="com.juaracoding.testng2.SignInTest" name="testSignIn" time="0.001"/>
  <testcase classname="com.juaracoding.testng2.SignInTest" name="testSignIn" time="0.000"/>
  <testcase classname="com.juaracoding.testng2.SignInTest" name="testSignIn" time="0.000"/>
  <testcase classname="com.juaracoding.testng2.SignInTest" name="testSignIn" time="0.001"/>
  <testcase classname="com.juaracoding.testng2.SignInTest" name="testSignIn" time="0.000"/>
  <testcase classname="com.juaracoding.testng2.SignInTest" name="testSignIn" time="0.000"/>
  <testcase classname="com.juaracoding.testng2.SignInTest" name="testSignIn" time="0.000"/>
  <testcase classname="com.juaracoding.testng2.SignInTest" name="testSignIn" time="0.000"/>
  <testcase classname="com.juaracoding.testng2.SignInTest" name="testSignIn" time="0.005"/>
  <testcase classname="com.juaracoding.testng2.SignInTest" name="testSignIn" time="0.000"/>
  <testcase classname="com.juaracoding.testng2.SignInTest" name="testSignIn" time="0.001"/>
  <testcase classname="com.juaracoding.testng2.SignInTest" name="testSignIn" time="0.000"/>
  <testcase classname="com.juaracoding.testng2.SignInTest" name="testSignIn" time="0.000"/>
  <testcase classname="com.juaracoding.testng2.SignInTest" name="testSignIn" time="0.000"/>
  <testcase classname="com.juaracoding.testng2.SignInTest" name="testSignIn" time="0.000"/>
  <testcase classname="com.juaracoding.testng2.SignInTest" name="testSignIn" time="0.000"/>
  <testcase classname="com.juaracoding.testng2.SignInTest" name="testSignIn" time="0.000"/>
  <testcase classname="com.juaracoding.testng2.SignInTest" name="testSignIn" time="0.001"/>
  <testcase classname="com.juaracoding.testng2.SignInTest" name="testSignIn" time="0.000"/>
  <testcase classname="com.juaracoding.testng2.SignInTest" name="testSignIn" time="0.000"/>
  <testcase classname="com.juaracoding.testng2.SignInTest" name="testSignIn" time="0.001"/>
  <testcase classname="com.juaracoding.testng2.SignInTest" name="testSignIn" time="0.000"/>
  <testcase classname="com.juaracoding.testng2.SignInTest" name="testSignIn" time="0.000"/>
  <testcase classname="com.juaracoding.testng2.SignInTest" name="testSignIn" time="0.000"/>
  <testcase classname="com.juaracoding.testng2.SignInTest" name="testSignIn" time="0.000"/>
  <testcase classname="com.juaracoding.testng2.SignInTest" name="testSignIn" time="0.000"/>
  <testcase classname="com.juaracoding.testng2.SignInTest" name="testSignIn" time="0.000"/>
  <testcase classname="com.juaracoding.testng2.SignInTest" name="testSignIn" time="0.001"/>
  <testcase classname="com.juaracoding.testng2.SignInTest" name="testSignIn" time="0.000"/>
  <testcase classname="com.juaracoding.testng2.SignInTest" name="testSignIn" time="0.000"/>
  <testcase classname="com.juaracoding.testng2.SignInTest" name="testSignIn" time="0.001"/>
  <testcase classname="com.juaracoding.testng2.SignInTest" name="testSignIn" time="0.000"/>
  <testcase classname="com.juaracoding.testng2.SignInTest" name="testSignIn" time="0.000"/>
  <testcase classname="com.juaracoding.testng2.SignInTest" name="testSignIn" time="0.000"/>
  <testcase classname="com.juaracoding.testng2.SignInTest" name="testSignIn" time="0.001"/>
  <testcase classname="com.juaracoding.testng2.SignInTest" name="testSignIn" time="0.000"/>
  <testcase classname="com.juaracoding.testng2.SignInTest" name="testSignIn" time="0.000"/>
  <testcase classname="com.juaracoding.testng2.SignInTest" name="testSignIn" time="0.000"/>
  <testcase classname="com.juaracoding.testng2.SignInTest" name="testSignIn" time="0.000"/>
  <testcase classname="com.juaracoding.testng2.SignInTest" name="testSignIn" time="0.000"/>
  <testcase classname="com.juaracoding.testng2.SignInTest" name="testSignIn" time="0.001"/>
  <testcase classname="com.juaracoding.testng2.SignInTest" name="testSignIn" time="0.001"/>
  <testcase classname="com.juaracoding.testng2.SignInTest" name="testSignIn" time="0.000"/>
  <testcase classname="com.juaracoding.testng2.SignInTest" name="testSignIn" time="0.000"/>
  <testcase classname="com.juaracoding.testng2.SignInTest" name="testSignIn" time="0.000"/>
  <testcase classname="com.juaracoding.testng2.SignInTest" name="testSignIn" time="0.000"/>
  <testcase classname="com.juaracoding.testng2.SignInTest" name="testSignIn" time="0.001"/>
  <testcase classname="com.juaracoding.testng2.SignInTest" name="testSignIn" time="0.000"/>
  <testcase classname="com.juaracoding.testng2.SignInTest" name="testSignIn" time="0.000"/>
  <testcase classname="com.juaracoding.testng2.SignInTest" name="testSignIn" time="0.001"/>
  <testcase classname="com.juaracoding.testng2.SignInTest" name="testSignIn" time="0.000"/>
  <testcase classname="com.juaracoding.testng2.SignInTest" name="testSignIn" time="0.001"/>
  <testcase classname="com.juaracoding.testng2.SignInTest" name="testSignIn" time="0.001"/>
  <testcase classname="com.juaracoding.testng2.SignInTest" name="testSignIn" time="0.000"/>
  <testcase classname="com.juaracoding.testng2.SignInTest" name="testSignIn" time="0.000"/>
  <testcase classname="com.juaracoding.testng2.SignInTest" name="testSignIn" time="0.000"/>
  <testcase classname="com.juaracoding.testng2.SignInTest" name="testSignIn" time="0.000"/>
  <testcase classname="com.juaracoding.testng2.SignInTest" name="testSignIn" time="0.000"/>
  <testcase classname="com.juaracoding.testng2.SignInTest" name="testSignIn" time="0.001"/>
  <testcase classname="com.juaracoding.testng2.SignInTest" name="testSignIn" time="0.000"/>
  <testcase classname="com.juaracoding.testng2.SignInTest" name="testSignIn" time="0.001"/>
  <testcase classname="com.juaracoding.testng2.SignInTest" name="testSignIn" time="0.000"/>
  <testcase classname="com.juaracoding.testng2.SignInTest" name="testSignIn" time="0.000"/>
  <testcase classname="com.juaracoding.testng2.SignInTest" name="testSignIn" time="0.000"/>
  <testcase classname="com.juaracoding.testng2.SignInTest" name="testSignIn" time="0.000"/>
  <testcase classname="com.juaracoding.testng2.SignInTest" name="testSignIn" time="0.000"/>
  <testcase classname="com.juaracoding.testng2.SignInTest" name="testSignIn" time="0.000"/>
  <testcase classname="com.juaracoding.testng2.SignInTest" name="testSignIn" time="0.000"/>
  <testcase classname="com.juaracoding.testng2.SignInTest" name="testSignIn" time="0.000"/>
  <testcase classname="com.juaracoding.testng2.SignInTest" name="testSignIn" time="0.000"/>
  <testcase classname="com.juaracoding.testng2.SignInTest" name="testSignIn" time="0.001"/>
  <testcase classname="com.juaracoding.testng2.SignInTest" name="testSignIn" time="0.000"/>
  <testcase classname="com.juaracoding.testng2.SignInTest" name="testSignIn" time="0.001"/>
  <testcase classname="com.juaracoding.testng2.SignInTest" name="testSignIn" time="0.000"/>
  <testcase classname="com.juaracoding.testng2.SignInTest" name="testSignIn" time="0.000"/>
  <testcase classname="com.juaracoding.testng2.SignInTest" name="testSignIn" time="0.002"/>
  <testcase classname="com.juaracoding.testng2.SignInTest" name="testSignIn" time="0.000"/>
  <testcase classname="com.juaracoding.testng2.SignInTest" name="testSignIn" time="0.000"/>
  <testcase classname="com.juaracoding.testng2.SignInTest" name="testSignIn" time="0.000"/>
  <testcase classname="com.juaracoding.testng2.SignInTest" name="testSignIn" time="0.000"/>
  <testcase classname="com.juaracoding.testng2.SignInTest" name="testSignIn" time="0.001"/>
  <testcase classname="com.juaracoding.testng2.SignInTest" name="testSignIn" time="0.000"/>
  <testcase classname="com.juaracoding.testng2.SignInTest" name="testSignIn" time="0.000"/>
  <testcase classname="com.juaracoding.testng2.SignInTest" name="testSignIn" time="0.000"/>
  <testcase classname="com.juaracoding.testng2.SignInTest" name="testSignIn" time="0.001"/>
  <testcase classname="com.juaracoding.testng2.SignInTest" name="testSignIn" time="0.000"/>
  <testcase classname="com.juaracoding.testng2.SignInTest" name="testSignIn" time="0.000"/>
  <testcase classname="com.juaracoding.testng2.SignInTest" name="testSignIn" time="0.000"/>
  <testcase classname="com.juaracoding.testng2.SignInTest" name="testSignIn" time="0.000"/>
  <testcase classname="com.juaracoding.testng2.SignInTest" name="testSignIn" time="0.003"/>
  <testcase classname="com.juaracoding.testng2.SignInTest" name="testSignIn" time="0.000"/>
  <testcase classname="com.juaracoding.testng2.SignInTest" name="testSignIn" time="0.000"/>
  <testcase classname="com.juaracoding.testng2.SignInTest" name="testSignIn" time="0.001"/>
  <testcase classname="com.juaracoding.testng2.SignInTest" name="testSignIn" time="0.001"/>
  <testcase classname="com.juaracoding.testng2.SignInTest" name="testSignIn" time="0.001"/>
  <testcase classname="com.juaracoding.testng2.SignInTest" name="testSignIn" time="0.012"/>
  <testcase classname="com.juaracoding.testng2.SignInTest" name="testSignIn" time="0.000"/>
  <testcase classname="com.juaracoding.testng2.SignInTest" name="testSignIn" time="0.001"/>
  <testcase classname="com.juaracoding.testng2.SignInTest" name="testSignIn" time="0.000"/>
  <testcase classname="com.juaracoding.testng2.SignInTest" name="testSignIn" time="0.000"/>
  <testcase classname="com.juaracoding.testng2.SignInTest" name="testSignIn" time="0.000"/>
  <testcase classname="com.juaracoding.testng2.SignInTest" name="testSignIn" time="0.000"/>
  <testcase classname="com.juaracoding.testng2.SignInTest" name="testSignIn" time="0.003"/>
  <testcase classname="com.juaracoding.testng2.SignInTest" name="testSignIn" time="0.000"/>
  <testcase classname="com.juaracoding.testng2.SignInTest" name="testSignIn" time="0.001"/>
  <testcase classname="com.juaracoding.testng2.SignInTest" name="testSignIn" time="0.000"/>
  <testcase classname="com.juaracoding.testng2.SignInTest" name="testSignIn" time="0.000"/>
  <testcase classname="com.juaracoding.testng2.SignInTest" name="testSignIn" time="0.000"/>
  <testcase classname="com.juaracoding.testng2.SignInTest" name="testSignIn" time="0.000"/>
  <testcase classname="com.juaracoding.testng2.SignInTest" name="testSignIn" time="0.000"/>
  <testcase classname="com.juaracoding.testng2.SignInTest" name="testSignIn" time="0.000"/>
  <testcase classname="com.juaracoding.testng2.SignInTest" name="testSignIn" time="0.001"/>
  <testcase classname="com.juaracoding.testng2.SignInTest" name="testSignIn" time="0.001"/>
  <testcase classname="com.juaracoding.testng2.SignInTest" name="testSignIn" time="0.001"/>
  <testcase classname="com.juaracoding.testng2.SignInTest" name="testSignIn" time="0.000"/>
  <testcase classname="com.juaracoding.testng2.SignInTest" name="testSignIn" time="0.001"/>
  <testcase classname="com.juaracoding.testng2.SignInTest" name="testSignIn" time="0.000"/>
  <testcase classname="com.juaracoding.testng2.SignInTest" name="testSignIn" time="0.000"/>
  <testcase classname="com.juaracoding.testng2.SignInTest" name="testSignIn" time="0.000"/>
  <testcase classname="com.juaracoding.testng2.SignInTest" name="testSignIn" time="0.001"/>
  <testcase classname="com.juaracoding.testng2.SignInTest" name="testSignIn" time="0.000"/>
  <testcase classname="com.juaracoding.testng2.SignInTest" name="testSignIn" time="0.000"/>
  <testcase classname="com.juaracoding.testng2.SignInTest" name="testSignIn" time="0.000"/>
  <testcase classname="com.juaracoding.testng2.SignInTest" name="testSignIn" time="0.000"/>
  <testcase classname="com.juaracoding.testng2.SignInTest" name="testSignIn" time="0.001"/>
  <testcase classname="com.juaracoding.testng2.SignInTest" name="testSignIn" time="0.001"/>
  <testcase classname="com.juaracoding.testng2.SignInTest" name="testSignIn" time="0.000"/>
  <testcase classname="com.juaracoding.testng2.SignInTest" name="testSignIn" time="0.000"/>
  <testcase classname="com.juaracoding.testng2.SignInTest" name="testSignIn" time="0.001"/>
  <testcase classname="com.juaracoding.testng2.SignInTest" name="testSignIn" time="0.000"/>
  <testcase classname="com.juaracoding.testng2.SignInTest" name="testSignIn" time="0.010"/>
  <testcase classname="com.juaracoding.testng2.SignInTest" name="testSignIn" time="0.000"/>
  <testcase classname="com.juaracoding.testng2.SignInTest" name="testSignIn" time="0.000"/>
  <testcase classname="com.juaracoding.testng2.SignInTest" name="testSignIn" time="0.000"/>
  <testcase classname="com.juaracoding.testng2.SignInTest" name="testSignIn" time="0.001"/>
  <testcase classname="com.juaracoding.testng2.SignInTest" name="testSignIn" time="0.000"/>
  <testcase classname="com.juaracoding.testng2.SignInTest" name="testSignIn" time="0.000"/>
  <testcase classname="com.juaracoding.testng2.SignInTest" name="testSignIn" time="0.000"/>
  <testcase classname="com.juaracoding.testng2.SignInTest" name="testSignIn" time="0.000"/>
  <testcase classname="com.juaracoding.testng2.SignInTest" name="testSignIn" time="0.001"/>
  <testcase classname="com.juaracoding.testng2.SignInTest" name="testSignIn" time="0.000"/>
  <testcase classname="com.juaracoding.testng2.SignInTest" name="testSignIn" time="0.000"/>
  <testcase classname="com.juaracoding.testng2.SignInTest" name="testSignIn" time="0.000"/>
  <testcase classname="com.juaracoding.testng2.SignInTest" name="testSignIn" time="0.000"/>
  <testcase classname="com.juaracoding.testng2.SignInTest" name="testSignIn" time="0.001"/>
  <testcase classname="com.juaracoding.testng2.SignInTest" name="testSignIn" time="0.000"/>
  <testcase classname="com.juaracoding.testng2.SignInTest" name="testSignIn" time="0.001"/>
  <testcase classname="com.juaracoding.testng2.SignInTest" name="testSignIn" time="0.001"/>
  <testcase classname="com.juaracoding.testng2.SignInTest" name="testSignIn" time="0.000"/>
  <testcase classname="com.juaracoding.testng2.SignInTest" name="testSignIn" time="0.000"/>
  <testcase classname="com.juaracoding.testng2.SignInTest" name="testSignIn" time="0.001"/>
  <testcase classname="com.juaracoding.testng2.SignInTest" name="testSignIn" time="0.000"/>
  <testcase classname="com.juaracoding.testng2.SignInTest" name="testSignIn" time="0.000"/>
  <testcase classname="com.juaracoding.testng2.SignInTest" name="testSignIn" time="0.000"/>
  <testcase classname="com.juaracoding.testng2.SignInTest" name="testSignIn" time="0.000"/>
  <testcase classname="com.juaracoding.testng2.SignInTest" name="testSignIn" time="0.000"/>
  <testcase classname="com.juaracoding.testng2.SignInTest" name="testSignIn" time="0.000"/>
  <testcase classname="com.juaracoding.testng2.SignInTest" name="testSignIn" time="0.000"/>
  <testcase classname="com.juaracoding.testng2.SignInTest" name="testSignIn" time="0.000"/>
  <testcase classname="com.juaracoding.testng2.SignInTest" name="testSignIn" time="0.002"/>
  <testcase classname="com.juaracoding.testng2.SignInTest" name="testSignIn" time="0.000"/>
  <testcase classname="com.juaracoding.testng2.SignInTest" name="testSignIn" time="0.000"/>
  <testcase classname="com.juaracoding.testng2.SignInTest" name="testSignIn" time="0.000"/>
  <testcase classname="com.juaracoding.testng2.SignInTest" name="testSignIn" time="0.000"/>
  <testcase classname="com.juaracoding.testng2.SignInTest" name="testSignIn" time="0.000"/>
  <testcase classname="com.juaracoding.testng2.SignInTest" name="testSignIn" time="0.000"/>
  <testcase classname="com.juaracoding.testng2.SignInTest" name="testSignIn" time="0.000"/>
  <testcase classname="com.juaracoding.testng2.SignInTest" name="testSignIn" time="0.001"/>
  <testcase classname="com.juaracoding.testng2.SignInTest" name="testSignIn" time="0.000"/>
  <testcase classname="com.juaracoding.testng2.SignInTest" name="testSignIn" time="0.000"/>
  <testcase classname="com.juaracoding.testng2.SignInTest" name="testSignIn" time="0.000"/>
  <testcase classname="com.juaracoding.testng2.SignInTest" name="testSignIn" time="0.000"/>
  <testcase classname="com.juaracoding.testng2.SignInTest" name="testSignIn" time="0.001"/>
  <testcase classname="com.juaracoding.testng2.SignInTest" name="testSignIn" time="0.001"/>
  <testcase classname="com.juaracoding.testng2.SignInTest" name="testSignIn" time="0.001"/>
  <testcase classname="com.juaracoding.testng2.SignInTest" name="testSignIn" time="0.000"/>
  <testcase classname="com.juaracoding.testng2.SignInTest" name="testSignIn" time="0.001"/>
  <testcase classname="com.juaracoding.testng2.SignInTest" name="testSignIn" time="0.000"/>
  <testcase classname="com.juaracoding.testng2.SignInTest" name="testSignIn" time="0.000"/>
  <testcase classname="com.juaracoding.testng2.SignInTest" name="testSignIn" time="0.001"/>
  <testcase classname="com.juaracoding.testng2.SignInTest" name="testSignIn" time="0.000"/>
  <testcase classname="com.juaracoding.testng2.SignInTest" name="testSignIn" time="0.000"/>
  <testcase classname="com.juaracoding.testng2.SignInTest" name="testSignIn" time="0.000"/>
  <testcase classname="com.juaracoding.testng2.SignInTest" name="testSignIn" time="0.000"/>
  <testcase classname="com.juaracoding.testng2.SignInTest" name="testSignIn" time="0.001"/>
  <testcase classname="com.juaracoding.testng2.SignInTest" name="testSignIn" time="0.000"/>
  <testcase classname="com.juaracoding.testng2.SignInTest" name="testSignIn" time="0.000"/>
  <testcase classname="com.juaracoding.testng2.SignInTest" name="testSignIn" time="0.001"/>
  <testcase classname="com.juaracoding.testng2.SignInTest" name="testSignIn" time="0.000"/>
  <testcase classname="com.juaracoding.testng2.SignInTest" name="testSignIn" time="0.002"/>
  <testcase classname="com.juaracoding.testng2.SignInTest" name="testSignIn" time="0.000"/>
  <testcase classname="com.juaracoding.testng2.SignInTest" name="testSignIn" time="0.000"/>
  <testcase classname="com.juaracoding.testng2.SignInTest" name="testSignIn" time="0.000"/>
  <testcase classname="com.juaracoding.testng2.SignInTest" name="testSignIn" time="0.000"/>
  <testcase classname="com.juaracoding.testng2.SignInTest" name="testSignIn" time="0.001"/>
  <testcase classname="com.juaracoding.testng2.SignInTest" name="testSignIn" time="0.001"/>
  <testcase classname="com.juaracoding.testng2.SignInTest" name="testSignIn" time="0.000"/>
  <testcase classname="com.juaracoding.testng2.SignInTest" name="testSignIn" time="0.001"/>
  <testcase classname="com.juaracoding.testng2.SignInTest" name="testSignIn" time="0.000"/>
  <testcase classname="com.juaracoding.testng2.SignInTest" name="testSignIn" time="0.000"/>
  <testcase classname="com.juaracoding.testng2.SignInTest" name="testSignIn" time="0.000"/>
  <testcase classname="com.juaracoding.testng2.SignInTest" name="testSignIn" time="0.000"/>
  <testcase classname="com.juaracoding.testng2.SignInTest" name="testSignIn" time="0.000"/>
  <testcase classname="com.juaracoding.testng2.SignInTest" name="testSignIn" time="0.000"/>
  <testcase classname="com.juaracoding.testng2.SignInTest" name="testSignIn" time="0.000"/>
  <testcase classname="com.juaracoding.testng2.SignInTest" name="testSignIn" time="0.001"/>
  <testcase classname="com.juaracoding.testng2.SignInTest" name="testSignIn" time="0.001"/>
  <testcase classname="com.juaracoding.testng2.SignInTest" name="testSignIn" time="0.000"/>
  <testcase classname="com.juaracoding.testng2.SignInTest" name="testSignIn" time="0.000"/>
  <testcase classname="com.juaracoding.testng2.SignInTest" name="testSignIn" time="0.000"/>
  <testcase classname="com.juaracoding.testng2.SignInTest" name="testSignIn" time="0.000"/>
  <testcase classname="com.juaracoding.testng2.SignInTest" name="testSignIn" time="0.000"/>
  <testcase classname="com.juaracoding.testng2.SignInTest" name="testSignIn" time="0.000"/>
  <testcase classname="com.juaracoding.testng2.SignInTest" name="testSignIn" time="0.000"/>
  <testcase classname="com.juaracoding.testng2.SignInTest" name="testSignIn" time="0.006"/>
  <testcase classname="com.juaracoding.testng2.SignInTest" name="testSignIn" time="0.000"/>
  <testcase classname="com.juaracoding.testng2.SignInTest" name="testSignIn" time="0.000"/>
  <testcase classname="com.juaracoding.testng2.SignInTest" name="testSignIn" time="0.001"/>
  <testcase classname="com.juaracoding.testng2.SignInTest" name="testSignIn" time="0.000"/>
  <testcase classname="com.juaracoding.testng2.SignInTest" name="testSignIn" time="0.001"/>
  <testcase classname="com.juaracoding.testng2.SignInTest" name="testSignIn" time="0.000"/>
  <testcase classname="com.juaracoding.testng2.SignInTest" name="testSignIn" time="0.001"/>
  <testcase classname="com.juaracoding.testng2.SignInTest" name="testSignIn" time="0.001"/>
  <testcase classname="com.juaracoding.testng2.SignInTest" name="testSignIn" time="0.000"/>
  <testcase classname="com.juaracoding.testng2.SignInTest" name="testSignIn" time="0.000"/>
  <testcase classname="com.juaracoding.testng2.SignInTest" name="testSignIn" time="0.000"/>
  <testcase classname="com.juaracoding.testng2.SignInTest" name="testSignIn" time="0.001"/>
  <testcase classname="com.juaracoding.testng2.SignInTest" name="testSignIn" time="0.001"/>
  <testcase classname="com.juaracoding.testng2.SignInTest" name="testSignIn" time="0.000"/>
  <testcase classname="com.juaracoding.testng2.SignInTest" name="testSignIn" time="0.000"/>
  <testcase classname="com.juaracoding.testng2.SignInTest" name="testSignIn" time="0.000"/>
  <testcase classname="com.juaracoding.testng2.SignInTest" name="testSignIn" time="0.001"/>
  <testcase classname="com.juaracoding.testng2.SignInTest" name="testSignIn" time="0.000"/>
  <testcase classname="com.juaracoding.testng2.SignInTest" name="testSignIn" time="0.000"/>
  <testcase classname="com.juaracoding.testng2.SignInTest" name="testSignIn" time="0.000"/>
  <testcase classname="com.juaracoding.testng2.SignInTest" name="testSignIn" time="0.000"/>
  <testcase classname="com.juaracoding.testng2.SignInTest" name="testSignIn" time="0.000"/>
  <testcase classname="com.juaracoding.testng2.SignInTest" name="testSignIn" time="0.001"/>
  <testcase classname="com.juaracoding.testng2.SignInTest" name="testSignIn" time="0.000"/>
  <testcase classname="com.juaracoding.testng2.SignInTest" name="testSignIn" time="0.000"/>
  <testcase classname="com.juaracoding.testng2.SignInTest" name="testSignIn" time="0.000"/>
  <testcase classname="com.juaracoding.testng2.SignInTest" name="testSignIn" time="0.000"/>
  <testcase classname="com.juaracoding.testng2.SignInTest" name="testSignIn" time="0.000"/>
  <testcase classname="com.juaracoding.testng2.SignInTest" name="testSignIn" time="0.000"/>
  <testcase classname="com.juaracoding.testng2.SignInTest" name="testSignIn" time="0.000"/>
  <testcase classname="com.juaracoding.testng2.SignInTest" name="testSignIn" time="0.000"/>
  <testcase classname="com.juaracoding.testng2.SignInTest" name="testSignIn" time="0.000"/>
  <testcase classname="com.juaracoding.testng2.SignInTest" name="testSignIn" time="0.000"/>
  <testcase classname="com.juaracoding.testng2.SignInTest" name="testSignIn" time="0.000"/>
  <testcase classname="com.juaracoding.testng2.SignInTest" name="testSignIn" time="0.001"/>
  <testcase classname="com.juaracoding.testng2.SignInTest" name="testSignIn" time="0.002"/>
  <testcase classname="com.juaracoding.testng2.SignInTest" name="testSignIn" time="0.000"/>
  <testcase classname="com.juaracoding.testng2.SignInTest" name="testSignIn" time="0.000"/>
  <testcase classname="com.juaracoding.testng2.SignInTest" name="testSignIn" time="0.000"/>
  <testcase classname="com.juaracoding.testng2.SignInTest" name="testSignIn" time="0.000"/>
  <testcase classname="com.juaracoding.testng2.SignInTest" name="testSignIn" time="0.000"/>
  <testcase classname="com.juaracoding.testng2.SignInTest" name="testSignIn" time="0.000"/>
  <testcase classname="com.juaracoding.testng2.SignInTest" name="testSignIn" time="0.000"/>
  <testcase classname="com.juaracoding.testng2.SignInTest" name="testSignIn" time="0.000"/>
  <testcase classname="com.juaracoding.testng2.SignInTest" name="testSignIn" time="0.000"/>
  <testcase classname="com.juaracoding.testng2.SignInTest" name="testSignIn" time="0.000"/>
  <testcase classname="com.juaracoding.testng2.SignInTest" name="testSignIn" time="0.000"/>
  <testcase classname="com.juaracoding.testng2.SignInTest" name="testSignIn" time="0.000"/>
  <testcase classname="com.juaracoding.testng2.SignInTest" name="testSignIn" time="0.000"/>
  <testcase classname="com.juaracoding.testng2.SignInTest" name="testSignIn" time="0.000"/>
  <testcase classname="com.juaracoding.testng2.SignInTest" name="testSignIn" time="0.001"/>
  <testcase classname="com.juaracoding.testng2.SignInTest" name="testSignIn" time="0.000"/>
  <testcase classname="com.juaracoding.testng2.SignInTest" name="testSignIn" time="0.001"/>
  <testcase classname="com.juaracoding.testng2.SignInTest" name="testSignIn" time="0.000"/>
  <testcase classname="com.juaracoding.testng2.SignInTest" name="testSignIn" time="0.000"/>
  <testcase classname="com.juaracoding.testng2.SignInTest" name="testSignIn" time="0.001"/>
  <testcase classname="com.juaracoding.testng2.SignInTest" name="testSignIn" time="0.000"/>
  <testcase classname="com.juaracoding.testng2.SignInTest" name="testSignIn" time="0.001"/>
  <testcase classname="com.juaracoding.testng2.SignInTest" name="testSignIn" time="0.001"/>
  <testcase classname="com.juaracoding.testng2.SignInTest" name="testSignIn" time="0.000"/>
  <testcase classname="com.juaracoding.testng2.SignInTest" name="testSignIn" time="0.000"/>
  <testcase classname="com.juaracoding.testng2.SignInTest" name="testSignIn" time="0.000"/>
  <testcase classname="com.juaracoding.testng2.SignInTest" name="testSignIn" time="0.001"/>
  <testcase classname="com.juaracoding.testng2.SignInTest" name="testSignIn" time="0.003"/>
  <testcase classname="com.juaracoding.testng2.SignInTest" name="testSignIn" time="0.001"/>
  <testcase classname="com.juaracoding.testng2.SignInTest" name="testSignIn" time="0.000"/>
  <testcase classname="com.juaracoding.testng2.SignInTest" name="testSignIn" time="0.002"/>
  <testcase classname="com.juaracoding.testng2.SignInTest" name="testSignIn" time="0.001"/>
  <testcase classname="com.juaracoding.testng2.SignInTest" name="testSignIn" time="0.001"/>
  <testcase classname="com.juaracoding.testng2.SignInTest" name="testSignIn" time="0.001"/>
  <testcase classname="com.juaracoding.testng2.SignInTest" name="testSignIn" time="0.001"/>
  <testcase classname="com.juaracoding.testng2.SignInTest" name="testSignIn" time="0.003"/>
  <testcase classname="com.juaracoding.testng2.SignInTest" name="testSignIn" time="0.000"/>
  <testcase classname="com.juaracoding.testng2.SignInTest" name="testSignIn" time="0.001"/>
  <testcase classname="com.juaracoding.testng2.SignInTest" name="testSignIn" time="0.000"/>
  <testcase classname="com.juaracoding.testng2.SignInTest" name="testSignIn" time="0.000"/>
  <testcase classname="com.juaracoding.testng2.SignInTest" name="testSignIn" time="0.000"/>
  <testcase classname="com.juaracoding.testng2.SignInTest" name="testSignIn" time="0.000"/>
  <testcase classname="com.juaracoding.testng2.SignInTest" name="testSignIn" time="0.001"/>
  <testcase classname="com.juaracoding.testng2.SignInTest" name="testSignIn" time="0.001"/>
  <testcase classname="com.juaracoding.testng2.SignInTest" name="testSignIn" time="0.000"/>
  <testcase classname="com.juaracoding.testng2.SignInTest" name="testSignIn" time="0.000"/>
  <testcase classname="com.juaracoding.testng2.SignInTest" name="testSignIn" time="0.001"/>
  <testcase classname="com.juaracoding.testng2.SignInTest" name="testSignIn" time="0.001"/>
  <testcase classname="com.juaracoding.testng2.SignInTest" name="testSignIn" time="0.000"/>
  <testcase classname="com.juaracoding.testng2.SignInTest" name="testSignIn" time="0.001"/>
  <testcase classname="com.juaracoding.testng2.SignInTest" name="testSignIn" time="0.001"/>
  <testcase classname="com.juaracoding.testng2.SignInTest" name="testSignIn" time="0.000"/>
  <testcase classname="com.juaracoding.testng2.SignInTest" name="testSignIn" time="0.000"/>
  <testcase classname="com.juaracoding.testng2.SignInTest" name="testSignIn" time="0.001"/>
  <testcase classname="com.juaracoding.testng2.SignInTest" name="testSignIn" time="0.000"/>
  <testcase classname="com.juaracoding.testng2.SignInTest" name="testSignIn" time="0.000"/>
  <testcase classname="com.juaracoding.testng2.SignInTest" name="testSignIn" time="0.001"/>
  <testcase classname="com.juaracoding.testng2.SignInTest" name="testSignIn" time="0.000"/>
  <testcase classname="com.juaracoding.testng2.SignInTest" name="testSignIn" time="0.001"/>
  <testcase classname="com.juaracoding.testng2.SignInTest" name="testSignIn" time="0.000"/>
  <testcase classname="com.juaracoding.testng2.SignInTest" name="testSignIn" time="0.000"/>
  <testcase classname="com.juaracoding.testng2.SignInTest" name="testSignIn" time="0.000"/>
  <testcase classname="com.juaracoding.testng2.SignInTest" name="testSignIn" time="0.000"/>
  <testcase classname="com.juaracoding.testng2.SignInTest" name="testSignIn" time="0.000"/>
  <testcase classname="com.juaracoding.testng2.SignInTest" name="testSignIn" time="0.000"/>
  <testcase classname="com.juaracoding.testng2.SignInTest" name="testSignIn" time="0.000"/>
  <testcase classname="com.juaracoding.testng2.SignInTest" name="testSignIn" time="0.000"/>
  <testcase classname="com.juaracoding.testng2.SignInTest" name="testSignIn" time="0.000"/>
  <testcase classname="com.juaracoding.testng2.SignInTest" name="testSignIn" time="0.000"/>
  <testcase classname="com.juaracoding.testng2.SignInTest" name="testSignIn" time="0.000"/>
  <testcase classname="com.juaracoding.testng2.SignInTest" name="testSignIn" time="0.001"/>
  <testcase classname="com.juaracoding.testng2.SignInTest" name="testSignIn" time="0.001"/>
  <testcase classname="com.juaracoding.testng2.SignInTest" name="testSignIn" time="0.000"/>
  <testcase classname="com.juaracoding.testng2.SignInTest" name="testSignIn" time="0.017"/>
  <testcase classname="com.juaracoding.testng2.SignInTest" name="testSignIn" time="0.001"/>
  <testcase classname="com.juaracoding.testng2.SignInTest" name="testSignIn" time="0.000"/>
  <testcase classname="com.juaracoding.testng2.SignInTest" name="testSignIn" time="0.000"/>
  <testcase classname="com.juaracoding.testng2.SignInTest" name="testSignIn" time="0.001"/>
  <testcase classname="com.juaracoding.testng2.SignInTest" name="testSignIn" time="0.000"/>
  <testcase classname="com.juaracoding.testng2.SignInTest" name="testSignIn" time="0.001"/>
  <testcase classname="com.juaracoding.testng2.SignInTest" name="testSignIn" time="0.000"/>
  <testcase classname="com.juaracoding.testng2.SignInTest" name="testSignIn" time="0.000"/>
  <testcase classname="com.juaracoding.testng2.SignInTest" name="testSignIn" time="0.000"/>
  <testcase classname="com.juaracoding.testng2.SignInTest" name="testSignIn" time="0.000"/>
  <testcase classname="com.juaracoding.testng2.SignInTest" name="testSignIn" time="0.000"/>
  <testcase classname="com.juaracoding.testng2.SignInTest" name="testSignIn" time="0.000"/>
  <testcase classname="com.juaracoding.testng2.SignInTest" name="testSignIn" time="0.001"/>
  <testcase classname="com.juaracoding.testng2.SignInTest" name="testSignIn" time="0.000"/>
  <testcase classname="com.juaracoding.testng2.SignInTest" name="testSignIn" time="0.000"/>
  <testcase classname="com.juaracoding.testng2.SignInTest" name="testSignIn" time="0.000"/>
  <testcase classname="com.juaracoding.testng2.SignInTest" name="testSignIn" time="0.000"/>
  <testcase classname="com.juaracoding.testng2.SignInTest" name="testSignIn" time="0.000"/>
  <testcase classname="com.juaracoding.testng2.SignInTest" name="testSignIn" time="0.000"/>
  <testcase classname="com.juaracoding.testng2.SignInTest" name="testSignIn" time="0.001"/>
  <testcase classname="com.juaracoding.testng2.SignInTest" name="testSignIn" time="0.000"/>
  <testcase classname="com.juaracoding.testng2.SignInTest" name="testSignIn" time="0.000"/>
  <testcase classname="com.juaracoding.testng2.SignInTest" name="testSignIn" time="0.001"/>
  <testcase classname="com.juaracoding.testng2.SignInTest" name="testSignIn" time="0.001"/>
  <testcase classname="com.juaracoding.testng2.SignInTest" name="testSignIn" time="0.000"/>
  <testcase classname="com.juaracoding.testng2.SignInTest" name="testSignIn" time="0.001"/>
  <testcase classname="com.juaracoding.testng2.SignInTest" name="testSignIn" time="0.000"/>
  <testcase classname="com.juaracoding.testng2.SignInTest" name="testSignIn" time="0.000"/>
  <testcase classname="com.juaracoding.testng2.SignInTest" name="testSignIn" time="0.000"/>
  <testcase classname="com.juaracoding.testng2.SignInTest" name="testSignIn" time="0.001"/>
  <testcase classname="com.juaracoding.testng2.SignInTest" name="testSignIn" time="0.000"/>
  <testcase classname="com.juaracoding.testng2.SignInTest" name="testSignIn" time="0.001"/>
  <testcase classname="com.juaracoding.testng2.SignInTest" name="testSignIn" time="0.000"/>
  <testcase classname="com.juaracoding.testng2.SignInTest" name="testSignIn" time="0.000"/>
  <testcase classname="com.juaracoding.testng2.SignInTest" name="testSignIn" time="0.000"/>
  <testcase classname="com.juaracoding.testng2.SignInTest" name="testSignIn" time="0.000"/>
  <testcase classname="com.juaracoding.testng2.SignInTest" name="testSignIn" time="0.000"/>
  <testcase classname="com.juaracoding.testng2.SignInTest" name="testSignIn" time="0.001"/>
  <testcase classname="com.juaracoding.testng2.SignInTest" name="testSignIn" time="0.000"/>
  <testcase classname="com.juaracoding.testng2.SignInTest" name="testSignIn" time="0.000"/>
  <testcase classname="com.juaracoding.testng2.SignInTest" name="testSignIn" time="0.000"/>
  <testcase classname="com.juaracoding.testng2.SignInTest" name="testSignIn" time="0.000"/>
  <testcase classname="com.juaracoding.testng2.SignInTest" name="testSignIn" time="0.000"/>
  <testcase classname="com.juaracoding.testng2.SignInTest" name="testSignIn" time="0.001"/>
  <testcase classname="com.juaracoding.testng2.SignInTest" name="testSignIn" time="0.001"/>
  <testcase classname="com.juaracoding.testng2.SignInTest" name="testSignIn" time="0.000"/>
  <testcase classname="com.juaracoding.testng2.SignInTest" name="testSignIn" time="0.001"/>
  <testcase classname="com.juaracoding.testng2.SignInTest" name="testSignIn" time="0.000"/>
  <testcase classname="com.juaracoding.testng2.SignInTest" name="testSignIn" time="0.000"/>
  <testcase classname="com.juaracoding.testng2.SignInTest" name="testSignIn" time="0.000"/>
  <testcase classname="com.juaracoding.testng2.SignInTest" name="testSignIn" time="0.000"/>
  <testcase classname="com.juaracoding.testng2.SignInTest" name="testSignIn" time="0.000"/>
  <testcase classname="com.juaracoding.testng2.SignInTest" name="testSignIn" time="0.000"/>
  <testcase classname="com.juaracoding.testng2.SignInTest" name="testSignIn" time="0.001"/>
  <testcase classname="com.juaracoding.testng2.SignInTest" name="testSignIn" time="0.001"/>
  <testcase classname="com.juaracoding.testng2.SignInTest" name="testSignIn" time="0.001"/>
  <testcase classname="com.juaracoding.testng2.SignInTest" name="testSignIn" time="0.000"/>
  <testcase classname="com.juaracoding.testng2.SignInTest" name="testSignIn" time="0.000"/>
  <testcase classname="com.juaracoding.testng2.SignInTest" name="testSignIn" time="0.000"/>
  <testcase classname="com.juaracoding.testng2.SignInTest" name="testSignIn" time="0.001"/>
  <testcase classname="com.juaracoding.testng2.SignInTest" name="testSignIn" time="0.002"/>
  <testcase classname="com.juaracoding.testng2.SignInTest" name="testSignIn" time="0.000"/>
  <testcase classname="com.juaracoding.testng2.SignInTest" name="testSignIn" time="0.001"/>
  <testcase classname="com.juaracoding.testng2.SignInTest" name="testSignIn" time="0.000"/>
  <testcase classname="com.juaracoding.testng2.SignInTest" name="testSignIn" time="0.000"/>
  <testcase classname="com.juaracoding.testng2.SignInTest" name="testSignIn" time="0.000"/>
  <testcase classname="com.juaracoding.testng2.SignInTest" name="testSignIn" time="0.000"/>
  <testcase classname="com.juaracoding.testng2.SignInTest" name="testSignIn" time="0.001"/>
  <testcase classname="com.juaracoding.testng2.SignInTest" name="testSignIn" time="0.000"/>
  <testcase classname="com.juaracoding.testng2.SignInTest" name="testSignIn" time="0.000"/>
  <testcase classname="com.juaracoding.testng2.SignInTest" name="testSignIn" time="0.000"/>
  <testcase classname="com.juaracoding.testng2.SignInTest" name="testSignIn" time="0.000"/>
  <testcase classname="com.juaracoding.testng2.SignInTest" name="testSignIn" time="0.000"/>
  <testcase classname="com.juaracoding.testng2.SignInTest" name="testSignIn" time="0.000"/>
  <testcase classname="com.juaracoding.testng2.SignInTest" name="testSignIn" time="0.000"/>
  <testcase classname="com.juaracoding.testng2.SignInTest" name="testSignIn" time="0.000"/>
  <testcase classname="com.juaracoding.testng2.SignInTest" name="testSignIn" time="0.000"/>
  <testcase classname="com.juaracoding.testng2.SignInTest" name="testSignIn" time="0.000"/>
  <testcase classname="com.juaracoding.testng2.SignInTest" name="testSignIn" time="0.000"/>
  <testcase classname="com.juaracoding.testng2.SignInTest" name="testSignIn" time="0.000"/>
  <testcase classname="com.juaracoding.testng2.SignInTest" name="testSignIn" time="0.001"/>
  <testcase classname="com.juaracoding.testng2.SignInTest" name="testSignIn" time="0.000"/>
  <testcase classname="com.juaracoding.testng2.SignInTest" name="testSignIn" time="0.000"/>
  <testcase classname="com.juaracoding.testng2.SignInTest" name="testSignIn" time="0.000"/>
  <testcase classname="com.juaracoding.testng2.SignInTest" name="testSignIn" time="0.002"/>
  <testcase classname="com.juaracoding.testng2.SignInTest" name="testSignIn" time="0.001"/>
  <testcase classname="com.juaracoding.testng2.SignInTest" name="testSignIn" time="0.000"/>
  <testcase classname="com.juaracoding.testng2.SignInTest" name="testSignIn" time="0.000"/>
  <testcase classname="com.juaracoding.testng2.SignInTest" name="testSignIn" time="0.000"/>
  <testcase classname="com.juaracoding.testng2.SignInTest" name="testSignIn" time="0.000"/>
  <testcase classname="com.juaracoding.testng2.SignInTest" name="testSignIn" time="0.001"/>
  <testcase classname="com.juaracoding.testng2.SignInTest" name="testSignIn" time="0.000"/>
  <testcase classname="com.juaracoding.testng2.SignInTest" name="testSignIn" time="0.000"/>
  <testcase classname="com.juaracoding.testng2.SignInTest" name="testSignIn" time="0.010"/>
  <testcase classname="com.juaracoding.testng2.SignInTest" name="testSignIn" time="0.001"/>
  <testcase classname="com.juaracoding.testng2.SignInTest" name="testSignIn" time="0.000"/>
  <testcase classname="com.juaracoding.testng2.SignInTest" name="testSignIn" time="0.000"/>
  <testcase classname="com.juaracoding.testng2.SignInTest" name="testSignIn" time="0.000"/>
  <testcase classname="com.juaracoding.testng2.SignInTest" name="testSignIn" time="0.000"/>
  <testcase classname="com.juaracoding.testng2.SignInTest" name="testSignIn" time="0.000"/>
  <testcase classname="com.juaracoding.testng2.SignInTest" name="testSignIn" time="0.000"/>
  <testcase classname="com.juaracoding.testng2.SignInTest" name="testSignIn" time="0.001"/>
  <testcase classname="com.juaracoding.testng2.SignInTest" name="testSignIn" time="0.000"/>
  <testcase classname="com.juaracoding.testng2.SignInTest" name="testSignIn" time="0.000"/>
  <testcase classname="com.juaracoding.testng2.SignInTest" name="testSignIn" time="0.000"/>
  <testcase classname="com.juaracoding.testng2.SignInTest" name="testSignIn" time="0.000"/>
  <testcase classname="com.juaracoding.testng2.SignInTest" name="testSignIn" time="0.000"/>
  <testcase classname="com.juaracoding.testng2.SignInTest" name="testSignIn" time="0.000"/>
  <testcase classname="com.juaracoding.testng2.SignInTest" name="testSignIn" time="0.000"/>
  <testcase classname="com.juaracoding.testng2.SignInTest" name="testSignIn" time="0.000"/>
  <testcase classname="com.juaracoding.testng2.SignInTest" name="testSignIn" time="0.000"/>
  <testcase classname="com.juaracoding.testng2.SignInTest" name="testSignIn" time="0.001"/>
  <testcase classname="com.juaracoding.testng2.SignInTest" name="testSignIn" time="0.000"/>
  <testcase classname="com.juaracoding.testng2.SignInTest" name="testSignIn" time="0.000"/>
  <testcase classname="com.juaracoding.testng2.SignInTest" name="testSignIn" time="0.000"/>
  <testcase classname="com.juaracoding.testng2.SignInTest" name="testSignIn" time="0.000"/>
  <testcase classname="com.juaracoding.testng2.SignInTest" name="testSignIn" time="0.002"/>
  <testcase classname="com.juaracoding.testng2.SignInTest" name="testSignIn" time="0.001"/>
  <testcase classname="com.juaracoding.testng2.SignInTest" name="testSignIn" time="0.001"/>
  <testcase classname="com.juaracoding.testng2.SignInTest" name="testSignIn" time="0.000"/>
  <testcase classname="com.juaracoding.testng2.SignInTest" name="testSignIn" time="0.000"/>
  <testcase classname="com.juaracoding.testng2.SignInTest" name="testSignIn" time="0.001"/>
  <testcase classname="com.juaracoding.testng2.SignInTest" name="testSignIn" time="0.000"/>
  <testcase classname="com.juaracoding.testng2.SignInTest" name="testSignIn" time="0.000"/>
  <testcase classname="com.juaracoding.testng2.SignInTest" name="testSignIn" time="0.001"/>
  <testcase classname="com.juaracoding.testng2.SignInTest" name="testSignIn" time="0.000"/>
  <testcase classname="com.juaracoding.testng2.SignInTest" name="testSignIn" time="0.000"/>
  <testcase classname="com.juaracoding.testng2.SignInTest" name="testSignIn" time="0.000"/>
  <testcase classname="com.juaracoding.testng2.SignInTest" name="testSignIn" time="0.001"/>
  <testcase classname="com.juaracoding.testng2.SignInTest" name="testSignIn" time="0.000"/>
  <testcase classname="com.juaracoding.testng2.SignInTest" name="testSignIn" time="0.000"/>
  <testcase classname="com.juaracoding.testng2.SignInTest" name="testSignIn" time="0.000"/>
  <testcase classname="com.juaracoding.testng2.SignInTest" name="testSignIn" time="0.001"/>
  <testcase classname="com.juaracoding.testng2.SignInTest" name="testSignIn" time="0.001"/>
  <testcase classname="com.juaracoding.testng2.SignInTest" name="testSignIn" time="0.000"/>
  <testcase classname="com.juaracoding.testng2.SignInTest" name="testSignIn" time="0.000"/>
  <testcase classname="com.juaracoding.testng2.SignInTest" name="testSignIn" time="0.001"/>
  <testcase classname="com.juaracoding.testng2.SignInTest" name="testSignIn" time="0.001"/>
  <testcase classname="com.juaracoding.testng2.SignInTest" name="testSignIn" time="0.000"/>
  <testcase classname="com.juaracoding.testng2.SignInTest" name="testSignIn" time="0.001"/>
  <testcase classname="com.juaracoding.testng2.SignInTest" name="testSignIn" time="0.000"/>
  <testcase classname="com.juaracoding.testng2.SignInTest" name="testSignIn" time="0.000"/>
  <testcase classname="com.juaracoding.testng2.SignInTest" name="testSignIn" time="0.000"/>
  <testcase classname="com.juaracoding.testng2.SignInTest" name="testSignIn" time="0.000"/>
  <testcase classname="com.juaracoding.testng2.SignInTest" name="testSignIn" time="0.000"/>
  <testcase classname="com.juaracoding.testng2.SignInTest" name="testSignIn" time="0.000"/>
  <testcase classname="com.juaracoding.testng2.SignInTest" name="testSignIn" time="0.001"/>
  <testcase classname="com.juaracoding.testng2.SignInTest" name="testSignIn" time="0.000"/>
  <testcase classname="com.juaracoding.testng2.SignInTest" name="testSignIn" time="0.000"/>
  <testcase classname="com.juaracoding.testng2.SignInTest" name="testSignIn" time="0.001"/>
  <testcase classname="com.juaracoding.testng2.SignInTest" name="testSignIn" time="0.000"/>
  <testcase classname="com.juaracoding.testng2.SignInTest" name="testSignIn" time="0.000"/>
  <testcase classname="com.juaracoding.testng2.SignInTest" name="testSignIn" time="0.001"/>
  <testcase classname="com.juaracoding.testng2.SignInTest" name="testSignIn" time="0.000"/>
  <testcase classname="com.juaracoding.testng2.SignInTest" name="testSignIn" time="0.000"/>
  <testcase classname="com.juaracoding.testng2.SignInTest" name="testSignIn" time="0.000"/>
  <testcase classname="com.juaracoding.testng2.SignInTest" name="testSignIn" time="0.005"/>
  <testcase classname="com.juaracoding.testng2.SignInTest" name="testSignIn" time="0.000"/>
  <testcase classname="com.juaracoding.testng2.SignInTest" name="testSignIn" time="0.000"/>
  <testcase classname="com.juaracoding.testng2.SignInTest" name="testSignIn" time="0.000"/>
  <testcase classname="com.juaracoding.testng2.SignInTest" name="testSignIn" time="0.001"/>
  <testcase classname="com.juaracoding.testng2.SignInTest" name="testSignIn" time="0.001"/>
  <testcase classname="com.juaracoding.testng2.SignInTest" name="testSignIn" time="0.000"/>
  <testcase classname="com.juaracoding.testng2.SignInTest" name="testSignIn" time="0.000"/>
  <testcase classname="com.juaracoding.testng2.SignInTest" name="testSignIn" time="0.000"/>
  <testcase classname="com.juaracoding.testng2.SignInTest" name="testSignIn" time="0.000"/>
  <testcase classname="com.juaracoding.testng2.SignInTest" name="testSignIn" time="0.000"/>
  <testcase classname="com.juaracoding.testng2.SignInTest" name="testSignIn" time="0.001"/>
  <testcase classname="com.juaracoding.testng2.SignInTest" name="testSignIn" time="0.000"/>
  <testcase classname="com.juaracoding.testng2.SignInTest" name="testSignIn" time="0.000"/>
  <testcase classname="com.juaracoding.testng2.SignInTest" name="testSignIn" time="0.000"/>
  <testcase classname="com.juaracoding.testng2.SignInTest" name="testSignIn" time="0.001"/>
  <testcase classname="com.juaracoding.testng2.SignInTest" name="testSignIn" time="0.000"/>
  <testcase classname="com.juaracoding.testng2.SignInTest" name="testSignIn" time="0.001"/>
  <testcase classname="com.juaracoding.testng2.SignInTest" name="testSignIn" time="0.000"/>
  <testcase classname="com.juaracoding.testng2.SignInTest" name="testSignIn" time="0.001"/>
  <testcase classname="com.juaracoding.testng2.SignInTest" name="testSignIn" time="0.000"/>
  <testcase classname="com.juaracoding.testng2.SignInTest" name="testSignIn" time="0.000"/>
  <testcase classname="com.juaracoding.testng2.SignInTest" name="testSignIn" time="0.000"/>
  <testcase classname="com.juaracoding.testng2.SignInTest" name="testSignIn" time="0.002"/>
  <testcase classname="com.juaracoding.testng2.SignInTest" name="testSignIn" time="0.000"/>
  <testcase classname="com.juaracoding.testng2.SignInTest" name="testSignIn" time="0.000"/>
  <testcase classname="com.juaracoding.testng2.SignInTest" name="testSignIn" time="0.000"/>
  <testcase classname="com.juaracoding.testng2.SignInTest" name="testSignIn" time="0.000"/>
  <testcase classname="com.juaracoding.testng2.SignInTest" name="testSignIn" time="0.000"/>
  <testcase classname="com.juaracoding.testng2.SignInTest" name="testSignIn" time="0.007"/>
  <testcase classname="com.juaracoding.testng2.SignInTest" name="testSignIn" time="0.000"/>
  <testcase classname="com.juaracoding.testng2.SignInTest" name="testSignIn" time="0.000"/>
  <testcase classname="com.juaracoding.testng2.SignInTest" name="testSignIn" time="0.000"/>
  <testcase classname="com.juaracoding.testng2.SignInTest" name="testSignIn" time="0.001"/>
  <testcase classname="com.juaracoding.testng2.SignInTest" name="testSignIn" time="0.000"/>
  <testcase classname="com.juaracoding.testng2.SignInTest" name="testSignIn" time="0.000"/>
  <testcase classname="com.juaracoding.testng2.SignInTest" name="testSignIn" time="0.000"/>
  <testcase classname="com.juaracoding.testng2.SignInTest" name="testSignIn" time="0.001"/>
  <testcase classname="com.juaracoding.testng2.SignInTest" name="testSignIn" time="0.000"/>
  <testcase classname="com.juaracoding.testng2.SignInTest" name="testSignIn" time="0.000"/>
  <testcase classname="com.juaracoding.testng2.SignInTest" name="testSignIn" time="0.000"/>
  <testcase classname="com.juaracoding.testng2.SignInTest" name="testSignIn" time="0.000"/>
  <testcase classname="com.juaracoding.testng2.SignInTest" name="testSignIn" time="0.000"/>
  <testcase classname="com.juaracoding.testng2.SignInTest" name="testSignIn" time="0.000"/>
  <testcase classname="com.juaracoding.testng2.SignInTest" name="testSignIn" time="0.000"/>
  <testcase classname="com.juaracoding.testng2.SignInTest" name="testSignIn" time="0.000"/>
  <testcase classname="com.juaracoding.testng2.SignInTest" name="testSignIn" time="0.000"/>
  <testcase classname="com.juaracoding.testng2.SignInTest" name="testSignIn" time="0.000"/>
  <testcase classname="com.juaracoding.testng2.SignInTest" name="testSignIn" time="0.000"/>
  <testcase classname="com.juaracoding.testng2.SignInTest" name="testSignIn" time="0.000"/>
  <testcase classname="com.juaracoding.testng2.SignInTest" name="testSignIn" time="0.000"/>
  <testcase classname="com.juaracoding.testng2.SignInTest" name="testSignIn" time="0.000"/>
  <testcase classname="com.juaracoding.testng2.SignInTest" name="testSignIn" time="0.000"/>
  <testcase classname="com.juaracoding.testng2.SignInTest" name="testSignIn" time="0.000"/>
  <testcase classname="com.juaracoding.testng2.SignInTest" name="testSignIn" time="0.000"/>
  <testcase classname="com.juaracoding.testng2.SignInTest" name="testSignIn" time="0.001"/>
  <testcase classname="com.juaracoding.testng2.SignInTest" name="testSignIn" time="0.000"/>
  <testcase classname="com.juaracoding.testng2.SignInTest" name="testSignIn" time="0.000"/>
  <testcase classname="com.juaracoding.testng2.SignInTest" name="testSignIn" time="0.001"/>
  <testcase classname="com.juaracoding.testng2.SignInTest" name="testSignIn" time="0.006"/>
  <testcase classname="com.juaracoding.testng2.SignInTest" name="testSignIn" time="0.000"/>
  <testcase classname="com.juaracoding.testng2.SignInTest" name="testSignIn" time="0.000"/>
  <testcase classname="com.juaracoding.testng2.SignInTest" name="testSignIn" time="0.000"/>
  <testcase classname="com.juaracoding.testng2.SignInTest" name="testSignIn" time="0.001"/>
  <testcase classname="com.juaracoding.testng2.SignInTest" name="testSignIn" time="0.000"/>
  <testcase classname="com.juaracoding.testng2.SignInTest" name="testSignIn" time="0.000"/>
  <testcase classname="com.juaracoding.testng2.SignInTest" name="testSignIn" time="0.000"/>
  <testcase classname="com.juaracoding.testng2.SignInTest" name="testSignIn" time="0.000"/>
  <testcase classname="com.juaracoding.testng2.SignInTest" name="testSignIn" time="0.000"/>
  <testcase classname="com.juaracoding.testng2.SignInTest" name="testSignIn" time="0.000"/>
  <testcase classname="com.juaracoding.testng2.SignInTest" name="testSignIn" time="0.000"/>
  <testcase classname="com.juaracoding.testng2.SignInTest" name="testSignIn" time="0.000"/>
  <testcase classname="com.juaracoding.testng2.SignInTest" name="testSignIn" time="0.000"/>
  <testcase classname="com.juaracoding.testng2.SignInTest" name="testSignIn" time="0.001"/>
  <testcase classname="com.juaracoding.testng2.SignInTest" name="testSignIn" time="0.000"/>
  <testcase classname="com.juaracoding.testng2.SignInTest" name="testSignIn" time="0.001"/>
  <testcase classname="com.juaracoding.testng2.SignInTest" name="testSignIn" time="0.001"/>
  <testcase classname="com.juaracoding.testng2.SignInTest" name="testSignIn" time="0.000"/>
  <testcase classname="com.juaracoding.testng2.SignInTest" name="testSignIn" time="0.000"/>
  <testcase classname="com.juaracoding.testng2.SignInTest" name="testSignIn" time="0.000"/>
  <testcase classname="com.juaracoding.testng2.SignInTest" name="testSignIn" time="0.000"/>
  <testcase classname="com.juaracoding.testng2.SignInTest" name="testSignIn" time="0.001"/>
  <testcase classname="com.juaracoding.testng2.SignInTest" name="testSignIn" time="0.000"/>
  <testcase classname="com.juaracoding.testng2.SignInTest" name="testSignIn" time="0.000"/>
  <testcase classname="com.juaracoding.testng2.SignInTest" name="testSignIn" time="0.000"/>
  <testcase classname="com.juaracoding.testng2.SignInTest" name="testSignIn" time="0.000"/>
  <testcase classname="com.juaracoding.testng2.SignInTest" name="testSignIn" time="0.001"/>
  <testcase classname="com.juaracoding.testng2.SignInTest" name="testSignIn" time="0.000"/>
  <testcase classname="com.juaracoding.testng2.SignInTest" name="testSignIn" time="0.000"/>
  <testcase classname="com.juaracoding.testng2.SignInTest" name="testSignIn" time="0.000"/>
  <testcase classname="com.juaracoding.testng2.SignInTest" name="testSignIn" time="0.003"/>
  <testcase classname="com.juaracoding.testng2.SignInTest" name="testSignIn" time="0.000"/>
  <testcase classname="com.juaracoding.testng2.SignInTest" name="testSignIn" time="0.000"/>
  <testcase classname="com.juaracoding.testng2.SignInTest" name="testSignIn" time="0.000"/>
  <testcase classname="com.juaracoding.testng2.SignInTest" name="testSignIn" time="0.001"/>
  <testcase classname="com.juaracoding.testng2.SignInTest" name="testSignIn" time="0.008"/>
  <testcase classname="com.juaracoding.testng2.SignInTest" name="testSignIn" time="0.000"/>
  <testcase classname="com.juaracoding.testng2.SignInTest" name="testSignIn" time="0.000"/>
  <testcase classname="com.juaracoding.testng2.SignInTest" name="testSignIn" time="0.000"/>
  <testcase classname="com.juaracoding.testng2.SignInTest" name="testSignIn" time="0.000"/>
  <testcase classname="com.juaracoding.testng2.SignInTest" name="testSignIn" time="0.000"/>
  <testcase classname="com.juaracoding.testng2.SignInTest" name="testSignIn" time="0.000"/>
  <testcase classname="com.juaracoding.testng2.SignInTest" name="testSignIn" time="0.000"/>
  <testcase classname="com.juaracoding.testng2.SignInTest" name="testSignIn" time="0.001"/>
  <testcase classname="com.juaracoding.testng2.SignInTest" name="testSignIn" time="0.001"/>
  <testcase classname="com.juaracoding.testng2.SignInTest" name="testSignIn" time="0.001"/>
  <testcase classname="com.juaracoding.testng2.SignInTest" name="testSignIn" time="0.003"/>
  <testcase classname="com.juaracoding.testng2.SignInTest" name="testSignIn" time="0.000"/>
  <testcase classname="com.juaracoding.testng2.SignInTest" name="testSignIn" time="0.000"/>
  <testcase classname="com.juaracoding.testng2.SignInTest" name="testSignIn" time="0.000"/>
  <testcase classname="com.juaracoding.testng2.SignInTest" name="testSignIn" time="0.001"/>
  <testcase classname="com.juaracoding.testng2.SignInTest" name="testSignIn" time="0.000"/>
  <testcase classname="com.juaracoding.testng2.SignInTest" name="testSignIn" time="0.001"/>
  <testcase classname="com.juaracoding.testng2.SignInTest" name="testSignIn" time="0.000"/>
  <testcase classname="com.juaracoding.testng2.SignInTest" name="testSignIn" time="0.000"/>
  <testcase classname="com.juaracoding.testng2.SignInTest" name="testSignIn" time="0.000"/>
  <testcase classname="com.juaracoding.testng2.SignInTest" name="testSignIn" time="0.000"/>
  <testcase classname="com.juaracoding.testng2.SignInTest" name="testSignIn" time="0.000"/>
  <testcase classname="com.juaracoding.testng2.SignInTest" name="testSignIn" time="0.001"/>
  <testcase classname="com.juaracoding.testng2.SignInTest" name="testSignIn" time="0.001"/>
  <testcase classname="com.juaracoding.testng2.SignInTest" name="testSignIn" time="0.000"/>
  <testcase classname="com.juaracoding.testng2.SignInTest" name="testSignIn" time="0.000"/>
  <testcase classname="com.juaracoding.testng2.SignInTest" name="testSignIn" time="0.000"/>
  <testcase classname="com.juaracoding.testng2.SignInTest" name="testSignIn" time="0.001"/>
  <testcase classname="com.juaracoding.testng2.SignInTest" name="testSignIn" time="0.000"/>
  <testcase classname="com.juaracoding.testng2.SignInTest" name="testSignIn" time="0.000"/>
  <testcase classname="com.juaracoding.testng2.SignInTest" name="testSignIn" time="0.000"/>
  <testcase classname="com.juaracoding.testng2.SignInTest" name="testSignIn" time="0.000"/>
  <testcase classname="com.juaracoding.testng2.SignInTest" name="testSignIn" time="0.000"/>
  <testcase classname="com.juaracoding.testng2.SignInTest" name="testSignIn" time="0.000"/>
  <testcase classname="com.juaracoding.testng2.SignInTest" name="testSignIn" time="0.001"/>
  <testcase classname="com.juaracoding.testng2.SignInTest" name="testSignIn" time="0.000"/>
  <testcase classname="com.juaracoding.testng2.SignInTest" name="testSignIn" time="0.000"/>
  <testcase classname="com.juaracoding.testng2.SignInTest" name="testSignIn" time="0.001"/>
  <testcase classname="com.juaracoding.testng2.SignInTest" name="testSignIn" time="0.001"/>
  <testcase classname="com.juaracoding.testng2.SignInTest" name="testSignIn" time="0.000"/>
  <testcase classname="com.juaracoding.testng2.SignInTest" name="testSignIn" time="0.001"/>
  <testcase classname="com.juaracoding.testng2.SignInTest" name="testSignIn" time="0.000"/>
  <testcase classname="com.juaracoding.testng2.SignInTest" name="testSignIn" time="0.000"/>
  <testcase classname="com.juaracoding.testng2.SignInTest" name="testSignIn" time="0.000"/>
  <testcase classname="com.juaracoding.testng2.SignInTest" name="testSignIn" time="0.001"/>
  <testcase classname="com.juaracoding.testng2.SignInTest" name="testSignIn" time="0.000"/>
  <testcase classname="com.juaracoding.testng2.SignInTest" name="testSignIn" time="0.000"/>
  <testcase classname="com.juaracoding.testng2.SignInTest" name="testSignIn" time="0.000"/>
  <testcase classname="com.juaracoding.testng2.SignInTest" name="testSignIn" time="0.000"/>
  <testcase classname="com.juaracoding.testng2.SignInTest" name="testSignIn" time="0.000"/>
  <testcase classname="com.juaracoding.testng2.SignInTest" name="testSignIn" time="0.000"/>
  <testcase classname="com.juaracoding.testng2.SignInTest" name="testSignIn" time="0.000"/>
  <testcase classname="com.juaracoding.testng2.SignInTest" name="testSignIn" time="0.000"/>
  <testcase classname="com.juaracoding.testng2.SignInTest" name="testSignIn" time="0.001"/>
  <testcase classname="com.juaracoding.testng2.SignInTest" name="testSignIn" time="0.000"/>
  <testcase classname="com.juaracoding.testng2.SignInTest" name="testSignIn" time="0.001"/>
  <testcase classname="com.juaracoding.testng2.SignInTest" name="testSignIn" time="0.001"/>
  <testcase classname="com.juaracoding.testng2.SignInTest" name="testSignIn" time="0.000"/>
  <testcase classname="com.juaracoding.testng2.SignInTest" name="testSignIn" time="0.008"/>
  <testcase classname="com.juaracoding.testng2.SignInTest" name="testSignIn" time="0.000"/>
  <testcase classname="com.juaracoding.testng2.SignInTest" name="testSignIn" time="0.000"/>
  <testcase classname="com.juaracoding.testng2.SignInTest" name="testSignIn" time="0.000"/>
  <testcase classname="com.juaracoding.testng2.SignInTest" name="testSignIn" time="0.000"/>
  <testcase classname="com.juaracoding.testng2.SignInTest" name="testSignIn" time="0.000"/>
  <testcase classname="com.juaracoding.testng2.SignInTest" name="testSignIn" time="0.000"/>
  <testcase classname="com.juaracoding.testng2.SignInTest" name="testSignIn" time="0.000"/>
  <testcase classname="com.juaracoding.testng2.SignInTest" name="testSignIn" time="0.000"/>
  <testcase classname="com.juaracoding.testng2.SignInTest" name="testSignIn" time="0.000"/>
  <testcase classname="com.juaracoding.testng2.SignInTest" name="testSignIn" time="0.000"/>
  <testcase classname="com.juaracoding.testng2.SignInTest" name="testSignIn" time="0.001"/>
  <testcase classname="com.juaracoding.testng2.SignInTest" name="testSignIn" time="0.000"/>
  <testcase classname="com.juaracoding.testng2.SignInTest" name="testSignIn" time="0.000"/>
  <testcase classname="com.juaracoding.testng2.SignInTest" name="testSignIn" time="0.000"/>
  <testcase classname="com.juaracoding.testng2.SignInTest" name="testSignIn" time="0.000"/>
  <testcase classname="com.juaracoding.testng2.SignInTest" name="testSignIn" time="0.000"/>
  <testcase classname="com.juaracoding.testng2.SignInTest" name="testSignIn" time="0.001"/>
  <testcase classname="com.juaracoding.testng2.SignInTest" name="testSignIn" time="0.000"/>
  <testcase classname="com.juaracoding.testng2.SignInTest" name="testSignIn" time="0.000"/>
  <testcase classname="com.juaracoding.testng2.SignInTest" name="testSignIn" time="0.000"/>
  <testcase classname="com.juaracoding.testng2.SignInTest" name="testSignIn" time="0.000"/>
  <testcase classname="com.juaracoding.testng2.SignInTest" name="testSignIn" time="0.000"/>
  <testcase classname="com.juaracoding.testng2.SignInTest" name="testSignIn" time="0.001"/>
  <testcase classname="com.juaracoding.testng2.SignInTest" name="testSignIn" time="0.001"/>
  <testcase classname="com.juaracoding.testng2.SignInTest" name="testSignIn" time="0.000"/>
  <testcase classname="com.juaracoding.testng2.SignInTest" name="testSignIn" time="0.000"/>
  <testcase classname="com.juaracoding.testng2.SignInTest" name="testSignIn" time="0.000"/>
  <testcase classname="com.juaracoding.testng2.SignInTest" name="testSignIn" time="0.002"/>
  <testcase classname="com.juaracoding.testng2.SignInTest" name="testSignIn" time="0.000"/>
  <testcase classname="com.juaracoding.testng2.SignInTest" name="testSignIn" time="0.001"/>
  <testcase classname="com.juaracoding.testng2.SignInTest" name="testSignIn" time="0.000"/>
  <testcase classname="com.juaracoding.testng2.SignInTest" name="testSignIn" time="0.000"/>
  <testcase classname="com.juaracoding.testng2.SignInTest" name="testSignIn" time="0.000"/>
  <testcase classname="com.juaracoding.testng2.SignInTest" name="testSignIn" time="0.000"/>
  <testcase classname="com.juaracoding.testng2.SignInTest" name="testSignIn" time="0.000"/>
  <testcase classname="com.juaracoding.testng2.SignInTest" name="testSignIn" time="0.001"/>
  <testcase classname="com.juaracoding.testng2.SignInTest" name="testSignIn" time="0.000"/>
  <testcase classname="com.juaracoding.testng2.SignInTest" name="testSignIn" time="0.001"/>
  <testcase classname="com.juaracoding.testng2.SignInTest" name="testSignIn" time="0.001"/>
  <testcase classname="com.juaracoding.testng2.SignInTest" name="testSignIn" time="0.001"/>
  <testcase classname="com.juaracoding.testng2.SignInTest" name="testSignIn" time="0.000"/>
  <testcase classname="com.juaracoding.testng2.SignInTest" name="testSignIn" time="0.000"/>
  <testcase classname="com.juaracoding.testng2.SignInTest" name="testSignIn" time="0.000"/>
  <testcase classname="com.juaracoding.testng2.SignInTest" name="testSignIn" time="0.000"/>
  <testcase classname="com.juaracoding.testng2.SignInTest" name="testSignIn" time="0.000"/>
  <testcase classname="com.juaracoding.testng2.SignInTest" name="testSignIn" time="0.000"/>
  <testcase classname="com.juaracoding.testng2.SignInTest" name="testSignIn" time="0.000"/>
  <testcase classname="com.juaracoding.testng2.SignInTest" name="testSignIn" time="0.000"/>
  <testcase classname="com.juaracoding.testng2.SignInTest" name="testSignIn" time="0.002"/>
  <testcase classname="com.juaracoding.testng2.SignInTest" name="testSignIn" time="0.001"/>
  <testcase classname="com.juaracoding.testng2.SignInTest" name="testSignIn" time="0.000"/>
  <testcase classname="com.juaracoding.testng2.SignInTest" name="testSignIn" time="0.000"/>
  <testcase classname="com.juaracoding.testng2.SignInTest" name="testSignIn" time="0.000"/>
  <testcase classname="com.juaracoding.testng2.SignInTest" name="testSignIn" time="0.000"/>
  <testcase classname="com.juaracoding.testng2.SignInTest" name="testSignIn" time="0.000"/>
  <testcase classname="com.juaracoding.testng2.SignInTest" name="testSignIn" time="0.001"/>
  <testcase classname="com.juaracoding.testng2.SignInTest" name="testSignIn" time="0.000"/>
  <testcase classname="com.juaracoding.testng2.SignInTest" name="testSignIn" time="0.000"/>
  <testcase classname="com.juaracoding.testng2.SignInTest" name="testSignIn" time="0.000"/>
  <testcase classname="com.juaracoding.testng2.SignInTest" name="testSignIn" time="0.001"/>
  <testcase classname="com.juaracoding.testng2.SignInTest" name="testSignIn" time="0.000"/>
  <testcase classname="com.juaracoding.testng2.SignInTest" name="testSignIn" time="0.000"/>
  <testcase classname="com.juaracoding.testng2.SignInTest" name="testSignIn" time="0.000"/>
  <testcase classname="com.juaracoding.testng2.SignInTest" name="testSignIn" time="0.000"/>
  <testcase classname="com.juaracoding.testng2.SignInTest" name="testSignIn" time="0.000"/>
  <testcase classname="com.juaracoding.testng2.SignInTest" name="testSignIn" time="0.000"/>
  <testcase classname="com.juaracoding.testng2.SignInTest" name="testSignIn" time="0.003"/>
  <testcase classname="com.juaracoding.testng2.SignInTest" name="testSignIn" time="0.000"/>
  <testcase classname="com.juaracoding.testng2.SignInTest" name="testSignIn" time="0.000"/>
  <testcase classname="com.juaracoding.testng2.SignInTest" name="testSignIn" time="0.000"/>
  <testcase classname="com.juaracoding.testng2.SignInTest" name="testSignIn" time="0.000"/>
  <testcase classname="com.juaracoding.testng2.SignInTest" name="testSignIn" time="0.000"/>
  <testcase classname="com.juaracoding.testng2.SignInTest" name="testSignIn" time="0.001"/>
  <testcase classname="com.juaracoding.testng2.SignInTest" name="testSignIn" time="0.000"/>
  <testcase classname="com.juaracoding.testng2.SignInTest" name="testSignIn" time="0.001"/>
  <testcase classname="com.juaracoding.testng2.SignInTest" name="testSignIn" time="0.000"/>
  <testcase classname="com.juaracoding.testng2.SignInTest" name="testSignIn" time="0.000"/>
  <testcase classname="com.juaracoding.testng2.SignInTest" name="testSignIn" time="0.000"/>
  <testcase classname="com.juaracoding.testng2.SignInTest" name="testSignIn" time="0.000"/>
  <testcase classname="com.juaracoding.testng2.SignInTest" name="testSignIn" time="0.000"/>
  <testcase classname="com.juaracoding.testng2.SignInTest" name="testSignIn" time="0.000"/>
  <testcase classname="com.juaracoding.testng2.SignInTest" name="testSignIn" time="0.001"/>
  <testcase classname="com.juaracoding.testng2.SignInTest" name="testSignIn" time="0.000"/>
  <testcase classname="com.juaracoding.testng2.SignInTest" name="testSignIn" time="0.000"/>
  <testcase classname="com.juaracoding.testng2.SignInTest" name="testSignIn" time="0.000"/>
  <testcase classname="com.juaracoding.testng2.SignInTest" name="testSignIn" time="0.000"/>
  <testcase classname="com.juaracoding.testng2.SignInTest" name="testSignIn" time="0.000"/>
  <testcase classname="com.juaracoding.testng2.SignInTest" name="testSignIn" time="0.000"/>
  <testcase classname="com.juaracoding.testng2.SignInTest" name="testSignIn" time="0.000"/>
  <testcase classname="com.juaracoding.testng2.SignInTest" name="testSignIn" time="0.000"/>
  <testcase classname="com.juaracoding.testng2.SignInTest" name="testSignIn" time="0.000"/>
  <testcase classname="com.juaracoding.testng2.SignInTest" name="testSignIn" time="0.001"/>
  <testcase classname="com.juaracoding.testng2.SignInTest" name="testSignIn" time="0.000"/>
  <testcase classname="com.juaracoding.testng2.SignInTest" name="testSignIn" time="0.001"/>
  <testcase classname="com.juaracoding.testng2.SignInTest" name="testSignIn" time="0.000"/>
  <testcase classname="com.juaracoding.testng2.SignInTest" name="testSignIn" time="0.000"/>
  <testcase classname="com.juaracoding.testng2.SignInTest" name="testSignIn" time="0.001"/>
  <testcase classname="com.juaracoding.testng2.SignInTest" name="testSignIn" time="0.001"/>
  <testcase classname="com.juaracoding.testng2.SignInTest" name="testSignIn" time="0.000"/>
  <testcase classname="com.juaracoding.testng2.SignInTest" name="testSignIn" time="0.001"/>
  <testcase classname="com.juaracoding.testng2.SignInTest" name="testSignIn" time="0.000"/>
  <testcase classname="com.juaracoding.testng2.SignInTest" name="testSignIn" time="0.000"/>
  <testcase classname="com.juaracoding.testng2.SignInTest" name="testSignIn" time="0.000"/>
  <testcase classname="com.juaracoding.testng2.SignInTest" name="testSignIn" time="0.000"/>
  <testcase classname="com.juaracoding.testng2.SignInTest" name="testSignIn" time="0.000"/>
  <testcase classname="com.juaracoding.testng2.SignInTest" name="testSignIn" time="0.000"/>
  <testcase classname="com.juaracoding.testng2.SignInTest" name="testSignIn" time="0.000"/>
  <testcase classname="com.juaracoding.testng2.SignInTest" name="testSignIn" time="0.000"/>
  <testcase classname="com.juaracoding.testng2.SignInTest" name="testSignIn" time="0.000"/>
  <testcase classname="com.juaracoding.testng2.SignInTest" name="testSignIn" time="0.000"/>
  <testcase classname="com.juaracoding.testng2.SignInTest" name="testSignIn" time="0.000"/>
  <testcase classname="com.juaracoding.testng2.SignInTest" name="testSignIn" time="0.000"/>
  <testcase classname="com.juaracoding.testng2.SignInTest" name="testSignIn" time="0.000"/>
  <testcase classname="com.juaracoding.testng2.SignInTest" name="testSignIn" time="0.000"/>
  <testcase classname="com.juaracoding.testng2.SignInTest" name="testSignIn" time="0.000"/>
  <testcase classname="com.juaracoding.testng2.SignInTest" name="testSignIn" time="0.000"/>
  <testcase classname="com.juaracoding.testng2.SignInTest" name="testSignIn" time="0.000"/>
  <testcase classname="com.juaracoding.testng2.SignInTest" name="testSignIn" time="0.000"/>
  <testcase classname="com.juaracoding.testng2.SignInTest" name="testSignIn" time="0.000"/>
  <testcase classname="com.juaracoding.testng2.SignInTest" name="testSignIn" time="0.002"/>
  <testcase classname="com.juaracoding.testng2.SignInTest" name="testSignIn" time="0.000"/>
  <testcase classname="com.juaracoding.testng2.SignInTest" name="testSignIn" time="0.001"/>
  <testcase classname="com.juaracoding.testng2.SignInTest" name="testSignIn" time="0.000"/>
  <testcase classname="com.juaracoding.testng2.SignInTest" name="testSignIn" time="0.000"/>
  <testcase classname="com.juaracoding.testng2.SignInTest" name="testSignIn" time="0.000"/>
  <testcase classname="com.juaracoding.testng2.SignInTest" name="testSignIn" time="0.000"/>
  <testcase classname="com.juaracoding.testng2.SignInTest" name="testSignIn" time="0.000"/>
  <testcase classname="com.juaracoding.testng2.SignInTest" name="testSignIn" time="0.000"/>
  <testcase classname="com.juaracoding.testng2.SignInTest" name="testSignIn" time="0.000"/>
  <testcase classname="com.juaracoding.testng2.SignInTest" name="testSignIn" time="0.000"/>
  <testcase classname="com.juaracoding.testng2.SignInTest" name="testSignIn" time="0.000"/>
  <testcase classname="com.juaracoding.testng2.SignInTest" name="testSignIn" time="0.001"/>
  <testcase classname="com.juaracoding.testng2.SignInTest" name="testSignIn" time="0.000"/>
  <testcase classname="com.juaracoding.testng2.SignInTest" name="testSignIn" time="0.000"/>
  <testcase classname="com.juaracoding.testng2.SignInTest" name="testSignIn" time="0.001"/>
  <testcase classname="com.juaracoding.testng2.SignInTest" name="testSignIn" time="0.001"/>
  <testcase classname="com.juaracoding.testng2.SignInTest" name="testSignIn" time="0.001"/>
  <testcase classname="com.juaracoding.testng2.SignInTest" name="testSignIn" time="0.001"/>
  <testcase classname="com.juaracoding.testng2.SignInTest" name="testSignIn" time="0.001"/>
  <testcase classname="com.juaracoding.testng2.SignInTest" name="testSignIn" time="0.000"/>
  <testcase classname="com.juaracoding.testng2.SignInTest" name="testSignIn" time="0.001"/>
  <testcase classname="com.juaracoding.testng2.SignInTest" name="testSignIn" time="0.000"/>
  <testcase classname="com.juaracoding.testng2.SignInTest" name="testSignIn" time="0.000"/>
  <testcase classname="com.juaracoding.testng2.SignInTest" name="testSignIn" time="0.000"/>
  <testcase classname="com.juaracoding.testng2.SignInTest" name="testSignIn" time="0.000"/>
  <testcase classname="com.juaracoding.testng2.SignInTest" name="testSignIn" time="0.000"/>
  <testcase classname="com.juaracoding.testng2.SignInTest" name="testSignIn" time="0.000"/>
  <testcase classname="com.juaracoding.testng2.SignInTest" name="testSignIn" time="0.000"/>
  <testcase classname="com.juaracoding.testng2.SignInTest" name="testSignIn" time="0.000"/>
  <testcase classname="com.juaracoding.testng2.SignInTest" name="testSignIn" time="0.003"/>
  <testcase classname="com.juaracoding.testng2.SignInTest" name="testSignIn" time="0.000"/>
  <testcase classname="com.juaracoding.testng2.SignInTest" name="testSignIn" time="0.000"/>
  <testcase classname="com.juaracoding.testng2.SignInTest" name="testSignIn" time="0.000"/>
  <testcase classname="com.juaracoding.testng2.SignInTest" name="testSignIn" time="0.000"/>
  <testcase classname="com.juaracoding.testng2.SignInTest" name="testSignIn" time="0.000"/>
  <testcase classname="com.juaracoding.testng2.SignInTest" name="testSignIn" time="0.004"/>
  <testcase classname="com.juaracoding.testng2.SignInTest" name="testSignIn" time="0.001"/>
  <testcase classname="com.juaracoding.testng2.SignInTest" name="testSignIn" time="0.000"/>
  <testcase classname="com.juaracoding.testng2.SignInTest" name="testSignIn" time="0.000"/>
  <testcase classname="com.juaracoding.testng2.SignInTest" name="testSignIn" time="0.001"/>
  <testcase classname="com.juaracoding.testng2.SignInTest" name="testSignIn" time="0.000"/>
  <testcase classname="com.juaracoding.testng2.SignInTest" name="testSignIn" time="0.000"/>
  <testcase classname="com.juaracoding.testng2.SignInTest" name="testSignIn" time="0.001"/>
  <testcase classname="com.juaracoding.testng2.SignInTest" name="testSignIn" time="0.001"/>
  <testcase classname="com.juaracoding.testng2.SignInTest" name="testSignIn" time="0.000"/>
  <testcase classname="com.juaracoding.testng2.SignInTest" name="testSignIn" time="0.004"/>
  <testcase classname="com.juaracoding.testng2.SignInTest" name="testSignIn" time="0.000"/>
  <testcase classname="com.juaracoding.testng2.SignInTest" name="testSignIn" time="0.000"/>
  <testcase classname="com.juaracoding.testng2.SignInTest" name="testSignIn" time="0.000"/>
  <testcase classname="com.juaracoding.testng2.SignInTest" name="testSignIn" time="0.000"/>
  <testcase classname="com.juaracoding.testng2.SignInTest" name="testSignIn" time="0.000"/>
  <testcase classname="com.juaracoding.testng2.SignInTest" name="testSignIn" time="0.000"/>
  <testcase classname="com.juaracoding.testng2.SignInTest" name="testSignIn" time="0.000"/>
  <testcase classname="com.juaracoding.testng2.SignInTest" name="testSignIn" time="0.000"/>
  <testcase classname="com.juaracoding.testng2.SignInTest" name="testSignIn" time="0.001"/>
  <testcase classname="com.juaracoding.testng2.SignInTest" name="testSignIn" time="0.000"/>
  <testcase classname="com.juaracoding.testng2.SignInTest" name="testSignIn" time="0.001"/>
  <testcase classname="com.juaracoding.testng2.SignInTest" name="testSignIn" time="0.001"/>
  <testcase classname="com.juaracoding.testng2.SignInTest" name="testSignIn" time="0.000"/>
  <testcase classname="com.juaracoding.testng2.SignInTest" name="testSignIn" time="0.000"/>
  <testcase classname="com.juaracoding.testng2.SignInTest" name="testSignIn" time="0.000"/>
  <testcase classname="com.juaracoding.testng2.SignInTest" name="testSignIn" time="0.000"/>
  <testcase classname="com.juaracoding.testng2.SignInTest" name="testSignIn" time="0.000"/>
  <testcase classname="com.juaracoding.testng2.SignInTest" name="testSignIn" time="0.000"/>
  <testcase classname="com.juaracoding.testng2.SignInTest" name="testSignIn" time="0.000"/>
  <testcase classname="com.juaracoding.testng2.SignInTest" name="testSignIn" time="0.000"/>
  <testcase classname="com.juaracoding.testng2.SignInTest" name="testSignIn" time="0.000"/>
  <testcase classname="com.juaracoding.testng2.SignInTest" name="testSignIn" time="0.000"/>
  <testcase classname="com.juaracoding.testng2.SignInTest" name="testSignIn" time="0.000"/>
  <testcase classname="com.juaracoding.testng2.SignInTest" name="testSignIn" time="0.000"/>
[...]
  <testcase classname="com.juaracoding.testng2.SignInTest" name="testSignIn" time="0.002"/>
  <testcase classname="com.juaracoding.testng2.SignInTest" name="testSignIn" time="0.000"/>
  <testcase classname="com.juaracoding.testng2.SignInTest" name="testSignIn" time="0.000"/>
  <testcase classname="com.juaracoding.testng2.SignInTest" name="testSignIn" time="0.004"/>
  <testcase classname="com.juaracoding.testng2.SignInTest" name="testSignIn" time="0.000"/>
  <testcase classname="com.juaracoding.testng2.SignInTest" name="testSignIn" time="0.000"/>
  <testcase classname="com.juaracoding.testng2.SignInTest" name="testSignIn" time="0.000"/>
  <testcase classname="com.juaracoding.testng2.SignInTest" name="testSignIn" time="0.000"/>
  <testcase classname="com.juaracoding.testng2.SignInTest" name="testSignIn" time="0.001"/>
  <testcase classname="com.juaracoding.testng2.SignInTest" name="testSignIn" time="0.000"/>
  <testcase classname="com.juaracoding.testng2.SignInTest" name="testSignIn" time="0.000"/>
  <testcase classname="com.juaracoding.testng2.SignInTest" name="testSignIn" time="0.002"/>
  <testcase classname="com.juaracoding.testng2.SignInTest" name="testSignIn" time="0.000"/>
  <testcase classname="com.juaracoding.testng2.SignInTest" name="testSignIn" time="0.000"/>
  <testcase classname="com.juaracoding.testng2.SignInTest" name="testSignIn" time="0.003"/>
  <testcase classname="com.juaracoding.testng2.SignInTest" name="testSignIn" time="0.000"/>
  <testcase classname="com.juaracoding.testng2.SignInTest" name="testSignIn" time="0.000"/>
  <testcase classname="com.juaracoding.testng2.SignInTest" name="testSignIn" time="0.000"/>
  <testcase classname="com.juaracoding.testng2.SignInTest" name="testSignIn" time="0.000"/>
  <testcase classname="com.juaracoding.testng2.SignInTest" name="testSignIn" time="0.000"/>
  <testcase classname="com.juaracoding.testng2.SignInTest" name="testSignIn" time="0.000"/>
  <testcase classname="com.juaracoding.testng2.SignInTest" name="testSignIn" time="0.000"/>
  <testcase classname="com.juaracoding.testng2.SignInTest" name="testSignIn" time="0.000"/>
  <testcase classname="com.juaracoding.testng2.SignInTest" name="testSignIn" time="0.000"/>
  <testcase classname="com.juaracoding.testng2.SignInTest" name="testSignIn" time="0.000"/>
  <testcase classname="com.juaracoding.testng2.SignInTest" name="testSignIn" time="0.000"/>
  <testcase classname="com.juaracoding.testng2.SignInTest" name="testSignIn" time="0.000"/>
  <testcase classname="com.juaracoding.testng2.SignInTest" name="testSignIn" time="0.001"/>
  <testcase classname="com.juaracoding.testng2.SignInTest" name="testSignIn" time="0.000"/>
  <testcase classname="com.juaracoding.testng2.SignInTest" name="testSignIn" time="0.000"/>
  <testcase classname="com.juaracoding.testng2.SignInTest" name="testSignIn" time="0.000"/>
  <testcase classname="com.juaracoding.testng2.SignInTest" name="testSignIn" time="0.000"/>
  <testcase classname="com.juaracoding.testng2.SignInTest" name="testSignIn" time="0.000"/>
  <testcase classname="com.juaracoding.testng2.SignInTest" name="testSignIn" time="0.000"/>
  <testcase classname="com.juaracoding.testng2.SignInTest" name="testSignIn" time="0.000"/>
  <testcase classname="com.juaracoding.testng2.SignInTest" name="testSignIn" time="0.000"/>
  <testcase classname="com.juaracoding.testng2.SignInTest" name="testSignIn" time="0.000"/>
  <testcase classname="com.juaracoding.testng2.SignInTest" name="testSignIn" time="0.000"/>
  <testcase classname="com.juaracoding.testng2.SignInTest" name="testSignIn" time="0.000"/>
  <testcase classname="com.juaracoding.testng2.SignInTest" name="testSignIn" time="0.000"/>
  <testcase classname="com.juaracoding.testng2.SignInTest" name="testSignIn" time="0.001"/>
  <testcase classname="com.juaracoding.testng2.SignInTest" name="testSignIn" time="0.000"/>
  <testcase classname="com.juaracoding.testng2.SignInTest" name="testSignIn" time="0.000"/>
  <testcase classname="com.juaracoding.testng2.SignInTest" name="testSignIn" time="0.001"/>
  <testcase classname="com.juaracoding.testng2.SignInTest" name="testSignIn" time="0.000"/>
  <testcase classname="com.juaracoding.testng2.SignInTest" name="testSignIn" time="0.000"/>
  <testcase classname="com.juaracoding.testng2.SignInTest" name="testSignIn" time="0.000"/>
  <testcase classname="com.juaracoding.testng2.SignInTest" name="testSignIn" time="0.002"/>
  <testcase classname="com.juaracoding.testng2.SignInTest" name="testSignIn" time="0.000"/>
  <testcase classname="com.juaracoding.testng2.SignInTest" name="testSignIn" time="0.000"/>
  <testcase classname="com.juaracoding.testng2.SignInTest" name="testSignIn" time="0.000"/>
  <testcase classname="com.juaracoding.testng2.SignInTest" name="testSignIn" time="0.000"/>
  <testcase classname="com.juaracoding.testng2.SignInTest" name="testSignIn" time="0.001"/>
  <testcase classname="com.juaracoding.testng2.SignInTest" name="testSignIn" time="0.001"/>
  <testcase classname="com.juaracoding.testng2.SignInTest" name="testSignIn" time="0.000"/>
  <testcase classname="com.juaracoding.testng2.SignInTest" name="testSignIn" time="0.000"/>
  <testcase classname="com.juaracoding.testng2.SignInTest" name="testSignIn" time="0.000"/>
  <testcase classname="com.juaracoding.testng2.SignInTest" name="testSignIn" time="0.000"/>
  <testcase classname="com.juaracoding.testng2.SignInTest" name="testSignIn" time="0.000"/>
  <testcase classname="com.juaracoding.testng2.SignInTest" name="testSignIn" time="0.000"/>
  <testcase classname="com.juaracoding.testng2.SignInTest" name="testSignIn" time="0.001"/>
  <testcase classname="com.juaracoding.testng2.SignInTest" name="testSignIn" time="0.000"/>
  <testcase classname="com.juaracoding.testng2.SignInTest" name="testSignIn" time="0.000"/>
  <testcase classname="com.juaracoding.testng2.SignInTest" name="testSignIn" time="0.000"/>
  <testcase classname="com.juaracoding.testng2.SignInTest" name="testSignIn" time="0.001"/>
  <testcase classname="com.juaracoding.testng2.SignInTest" name="testSignIn" time="0.000"/>
  <testcase classname="com.juaracoding.testng2.SignInTest" name="testSignIn" time="0.001"/>
  <testcase classname="com.juaracoding.testng2.SignInTest" name="testSignIn" time="0.000"/>
  <testcase classname="com.juaracoding.testng2.SignInTest" name="testSignIn" time="0.000"/>
  <testcase classname="com.juaracoding.testng2.SignInTest" name="testSignIn" time="0.000"/>
  <testcase classname="com.juaracoding.testng2.SignInTest" name="testSignIn" time="0.000"/>
  <testcase classname="com.juaracoding.testng2.SignInTest" name="testSignIn" time="0.001"/>
  <testcase classname="com.juaracoding.testng2.SignInTest" name="testSignIn" time="0.000"/>
  <testcase classname="com.juaracoding.testng2.SignInTest" name="testSignIn" time="0.000"/>
  <testcase classname="com.juaracoding.testng2.SignInTest" name="testSignIn" time="0.000"/>
  <testcase classname="com.juaracoding.testng2.SignInTest" name="testSignIn" time="0.001"/>
  <testcase classname="com.juaracoding.testng2.SignInTest" name="testSignIn" time="0.000"/>
  <testcase classname="com.juaracoding.testng2.SignInTest" name="testSignIn" time="0.000"/>
  <testcase classname="com.juaracoding.testng2.SignInTest" name="testSignIn" time="0.000"/>
  <testcase classname="com.juaracoding.testng2.SignInTest" name="testSignIn" time="0.000"/>
  <testcase classname="com.juaracoding.testng2.SignInTest" name="testSignIn" time="0.000"/>
  <testcase classname="com.juaracoding.testng2.SignInTest" name="testSignIn" time="0.000"/>
  <testcase classname="com.juaracoding.testng2.SignInTest" name="testSignIn" time="0.000"/>
  <testcase classname="com.juaracoding.testng2.SignInTest" name="testSignIn" time="0.001"/>
  <testcase classname="com.juaracoding.testng2.SignInTest" name="testSignIn" time="0.000"/>
  <testcase classname="com.juaracoding.testng2.SignInTest" name="testSignIn" time="0.000"/>
  <testcase classname="com.juaracoding.testng2.SignInTest" name="testSignIn" time="0.000"/>
  <testcase classname="com.juaracoding.testng2.SignInTest" name="testSignIn" time="0.000"/>
  <testcase classname="com.juaracoding.testng2.SignInTest" name="testSignIn" time="0.000"/>
  <testcase classname="com.juaracoding.testng2.SignInTest" name="testSignIn" time="0.000"/>
  <testcase classname="com.juaracoding.testng2.SignInTest" name="testSignIn" time="0.000"/>
  <testcase classname="com.juaracoding.testng2.SignInTest" name="testSignIn" time="0.000"/>
  <testcase classname="com.juaracoding.testng2.SignInTest" name="testSignIn" time="0.000"/>
  <testcase classname="com.juaracoding.testng2.SignInTest" name="testSignIn" time="0.000"/>
  <testcase classname="com.juaracoding.testng2.SignInTest" name="testSignIn" time="0.000"/>
  <testcase classname="com.juaracoding.testng2.SignInTest" name="testSignIn" time="0.000"/>
  <testcase classname="com.juaracoding.testng2.SignInTest" name="testSignIn" time="0.002"/>
  <testcase classname="com.juaracoding.testng2.SignInTest" name="testSignIn" time="0.000"/>
  <testcase classname="com.juaracoding.testng2.SignInTest" name="testSignIn" time="0.000"/>
  <testcase classname="com.juaracoding.testng2.SignInTest" name="testSignIn" time="0.000"/>
  <testcase classname="com.juaracoding.testng2.SignInTest" name="testSignIn" time="0.000"/>
  <testcase classname="com.juaracoding.testng2.SignInTest" name="testSignIn" time="0.000"/>
  <testcase classname="com.juaracoding.testng2.SignInTest" name="testSignIn" time="0.000"/>
  <testcase classname="com.juaracoding.testng2.SignInTest" name="testSignIn" time="0.000"/>
  <testcase classname="com.juaracoding.testng2.SignInTest" name="testSignIn" time="0.000"/>
  <testcase classname="com.juaracoding.testng2.SignInTest" name="testSignIn" time="0.000"/>
  <testcase classname="com.juaracoding.testng2.SignInTest" name="testSignIn" time="0.000"/>
  <testcase classname="com.juaracoding.testng2.SignInTest" name="testSignIn" time="0.000"/>
  <testcase classname="com.juaracoding.testng2.SignInTest" name="testSignIn" time="0.000"/>
  <testcase classname="com.juaracoding.testng2.SignInTest" name="testSignIn" time="0.000"/>
  <testcase classname="com.juaracoding.testng2.SignInTest" name="testSignIn" time="0.000"/>
  <testcase classname="com.juaracoding.testng2.SignInTest" name="testSignIn" time="0.001"/>
  <testcase classname="com.juaracoding.testng2.SignInTest" name="testSignIn" time="0.000"/>
  <testcase classname="com.juaracoding.testng2.SignInTest" name="testSignIn" time="0.001"/>
  <testcase classname="com.juaracoding.testng2.SignInTest" name="testSignIn" time="0.000"/>
  <testcase classname="com.juaracoding.testng2.SignInTest" name="testSignIn" time="0.019"/>
  <testcase classname="com.juaracoding.testng2.SignInTest" name="testSignIn" time="0.000"/>
  <testcase classname="com.juaracoding.testng2.SignInTest" name="testSignIn" time="0.000"/>
  <testcase classname="com.juaracoding.testng2.SignInTest" name="testSignIn" time="0.000"/>
  <testcase classname="com.juaracoding.testng2.SignInTest" name="testSignIn" time="0.000"/>
  <testcase classname="com.juaracoding.testng2.SignInTest" name="testSignIn" time="0.004"/>
  <testcase classname="com.juaracoding.testng2.SignInTest" name="testSignIn" time="0.000"/>
  <testcase classname="com.juaracoding.testng2.SignInTest" name="testSignIn" time="0.000"/>
  <testcase classname="com.juaracoding.testng2.SignInTest" name="testSignIn" time="0.000"/>
  <testcase classname="com.juaracoding.testng2.SignInTest" name="testSignIn" time="0.001"/>
  <testcase classname="com.juaracoding.testng2.SignInTest" name="testSignIn" time="0.000"/>
  <testcase classname="com.juaracoding.testng2.SignInTest" name="testSignIn" time="0.000"/>
  <testcase classname="com.juaracoding.testng2.SignInTest" name="testSignIn" time="0.000"/>
  <testcase classname="com.juaracoding.testng2.SignInTest" name="testSignIn" time="0.000"/>
  <testcase classname="com.juaracoding.testng2.SignInTest" name="testSignIn" time="0.001"/>
  <testcase classname="com.juaracoding.testng2.SignInTest" name="testSignIn" time="0.000"/>
  <testcase classname="com.juaracoding.testng2.SignInTest" name="testSignIn" time="0.000"/>
  <testcase classname="com.juaracoding.testng2.SignInTest" name="testSignIn" time="0.000"/>
  <testcase classname="com.juaracoding.testng2.SignInTest" name="testSignIn" time="0.000"/>
  <testcase classname="com.juaracoding.testng2.SignInTest" name="testSignIn" time="0.001"/>
  <testcase classname="com.juaracoding.testng2.SignInTest" name="testSignIn" time="0.000"/>
  <testcase classname="com.juaracoding.testng2.SignInTest" name="testSignIn" time="0.001"/>
  <testcase classname="com.juaracoding.testng2.SignInTest" name="testSignIn" time="0.000"/>
  <testcase classname="com.juaracoding.testng2.SignInTest" name="testSignIn" time="0.000"/>
  <testcase classname="com.juaracoding.testng2.SignInTest" name="testSignIn" time="0.000"/>
  <testcase classname="com.juaracoding.testng2.SignInTest" name="testSignIn" time="0.000"/>
  <testcase classname="com.juaracoding.testng2.SignInTest" name="testSignIn" time="0.000"/>
  <testcase classname="com.juaracoding.testng2.SignInTest" name="testSignIn" time="0.001"/>
  <testcase classname="com.juaracoding.testng2.SignInTest" name="testSignIn" time="0.002"/>
  <testcase classname="com.juaracoding.testng2.SignInTest" name="testSignIn" time="0.000"/>
  <testcase classname="com.juaracoding.testng2.SignInTest" name="testSignIn" time="0.001"/>
  <testcase classname="com.juaracoding.testng2.SignInTest" name="testSignIn" time="0.001"/>
  <testcase classname="com.juaracoding.testng2.SignInTest" name="testSignIn" time="0.000"/>
  <testcase classname="com.juaracoding.testng2.SignInTest" name="testSignIn" time="0.001"/>
  <testcase classname="com.juaracoding.testng2.SignInTest" name="testSignIn" time="0.000"/>
  <testcase classname="com.juaracoding.testng2.SignInTest" name="testSignIn" time="0.001"/>
  <testcase classname="com.juaracoding.testng2.SignInTest" name="testSignIn" time="0.000"/>
  <testcase classname="com.juaracoding.testng2.SignInTest" name="testSignIn" time="0.001"/>
  <testcase classname="com.juaracoding.testng2.SignInTest" name="testSignIn" time="0.001"/>
  <testcase classname="com.juaracoding.testng2.SignInTest" name="testSignIn" time="0.000"/>
  <testcase classname="com.juaracoding.testng2.SignInTest" name="testSignIn" time="0.001"/>
  <testcase classname="com.juaracoding.testng2.SignInTest" name="testSignIn" time="0.000"/>
  <testcase classname="com.juaracoding.testng2.SignInTest" name="testSignIn" time="0.000"/>
  <testcase classname="com.juaracoding.testng2.SignInTest" name="testSignIn" time="0.000"/>
  <testcase classname="com.juaracoding.testng2.SignInTest" name="testSignIn" time="0.000"/>
  <testcase classname="com.juaracoding.testng2.SignInTest" name="testSignIn" time="0.000"/>
  <testcase classname="com.juaracoding.testng2.SignInTest" name="testSignIn" time="0.000"/>
  <testcase classname="com.juaracoding.testng2.SignInTest" name="testSignIn" time="0.000"/>
  <testcase classname="com.juaracoding.testng2.SignInTest" name="testSignIn" time="0.001"/>
  <testcase classname="com.juaracoding.testng2.SignInTest" name="testSignIn" time="0.000"/>
  <testcase classname="com.juaracoding.testng2.SignInTest" name="testSignIn" time="0.000"/>
  <testcase classname="com.juaracoding.testng2.SignInTest" name="testSignIn" time="0.000"/>
  <testcase classname="com.juaracoding.testng2.SignInTest" name="testSignIn" time="0.000"/>
  <testcase classname="com.juaracoding.testng2.SignInTest" name="testSignIn" time="0.000"/>
  <testcase classname="com.juaracoding.testng2.SignInTest" name="testSignIn" time="0.000"/>
  <testcase classname="com.juaracoding.testng2.SignInTest" name="testSignIn" time="0.000"/>
  <testcase classname="com.juaracoding.testng2.SignInTest" name="testSignIn" time="0.000"/>
  <testcase classname="com.juaracoding.testng2.SignInTest" name="testSignIn" time="0.000"/>
  <testcase classname="com.juaracoding.testng2.SignInTest" name="testSignIn" time="0.000"/>
  <testcase classname="com.juaracoding.testng2.SignInTest" name="testSignIn" time="0.000"/>
  <testcase classname="com.juaracoding.testng2.SignInTest" name="testSignIn" time="0.000"/>
  <testcase classname="com.juaracoding.testng2.SignInTest" name="testSignIn" time="0.000"/>
  <testcase classname="com.juaracoding.testng2.SignInTest" name="testSignIn" time="0.000"/>
  <testcase classname="com.juaracoding.testng2.SignInTest" name="testSignIn" time="0.000"/>
  <testcase classname="com.juaracoding.testng2.SignInTest" name="testSignIn" time="0.000"/>
  <testcase classname="com.juaracoding.testng2.SignInTest" name="testSignIn" time="0.000"/>
  <testcase classname="com.juaracoding.testng2.SignInTest" name="testSignIn" time="0.000"/>
  <testcase classname="com.juaracoding.testng2.SignInTest" name="testSignIn" time="0.000"/>
  <testcase classname="com.juaracoding.testng2.SignInTest" name="testSignIn" time="0.001"/>
  <testcase classname="com.juaracoding.testng2.SignInTest" name="testSignIn" time="0.000"/>
  <testcase classname="com.juaracoding.testng2.SignInTest" name="testSignIn" time="0.000"/>
  <testcase classname="com.juaracoding.testng2.SignInTest" name="testSignIn" time="0.001"/>
  <testcase classname="com.juaracoding.testng2.SignInTest" name="testSignIn" time="0.000"/>
  <testcase classname="com.juaracoding.testng2.SignInTest" name="testSignIn" time="0.000"/>
  <testcase classname="com.juaracoding.testng2.SignInTest" name="testSignIn" time="0.001"/>
  <testcase classname="com.juaracoding.testng2.SignInTest" name="testSignIn" time="0.000"/>
  <testcase classname="com.juaracoding.testng2.SignInTest" name="testSignIn" time="0.000"/>
  <testcase classname="com.juaracoding.testng2.SignInTest" name="testSignIn" time="0.000"/>
  <testcase classname="com.juaracoding.testng2.SignInTest" name="testSignIn" time="0.000"/>
  <testcase classname="com.juaracoding.testng2.SignInTest" name="testSignIn" time="0.000"/>
  <testcase classname="com.juaracoding.testng2.SignInTest" name="testSignIn" time="0.000"/>
  <testcase classname="com.juaracoding.testng2.SignInTest" name="testSignIn" time="0.000"/>
  <testcase classname="com.juaracoding.testng2.SignInTest" name="testSignIn" time="0.000"/>
  <testcase classname="com.juaracoding.testng2.SignInTest" name="testSignIn" time="0.000"/>
  <testcase classname="com.juaracoding.testng2.SignInTest" name="testSignIn" time="0.000"/>
  <testcase classname="com.juaracoding.testng2.SignInTest" name="testSignIn" time="0.000"/>
  <testcase classname="com.juaracoding.testng2.SignInTest" name="testSignIn" time="0.000"/>
  <testcase classname="com.juaracoding.testng2.SignInTest" name="testSignIn" time="0.000"/>
  <testcase classname="com.juaracoding.testng2.SignInTest" name="testSignIn" time="0.001"/>
  <testcase classname="com.juaracoding.testng2.SignInTest" name="testSignIn" time="0.001"/>
  <testcase classname="com.juaracoding.testng2.SignInTest" name="testSignIn" time="0.002"/>
  <testcase classname="com.juaracoding.testng2.SignInTest" name="testSignIn" time="0.000"/>
  <testcase classname="com.juaracoding.testng2.SignInTest" name="testSignIn" time="0.000"/>
  <testcase classname="com.juaracoding.testng2.SignInTest" name="testSignIn" time="0.000"/>
  <testcase classname="com.juaracoding.testng2.SignInTest" name="testSignIn" time="0.000"/>
  <testcase classname="com.juaracoding.testng2.SignInTest" name="testSignIn" time="0.000"/>
  <testcase classname="com.juaracoding.testng2.SignInTest" name="testSignIn" time="0.001"/>
  <testcase classname="com.juaracoding.testng2.SignInTest" name="testSignIn" time="0.001"/>
  <testcase classname="com.juaracoding.testng2.SignInTest" name="testSignIn" time="0.000"/>
  <testcase classname="com.juaracoding.testng2.SignInTest" name="testSignIn" time="0.000"/>
  <testcase classname="com.juaracoding.testng2.SignInTest" name="testSignIn" time="0.000"/>
</testsuite> <!-- com.juaracoding.testng2.SignInTest -->
