<?xml version="1.0" encoding="UTF-8"?>
<!-- Generated by org.testng.reporters.JUnitReportReporter -->
<testsuite hostname="Raga" failures="0" tests="4000" name="com.juaracoding.testng2.KasirTest" time="0.633" errors="0" timestamp="2025-07-23T12:18:38 WIB" skipped="0">
  <testcase classname="com.juaracoding.testng2.KasirTest" name="testCheckout" time="0.000"/>
  <testcase classname="com.juaracoding.testng2.KasirTest" name="testCheckout" time="0.000"/>
  <testcase classname="com.juaracoding.testng2.KasirTest" name="testCheckout" time="0.000"/>
  <testcase classname="com.juaracoding.testng2.KasirTest" name="testCheckout" time="0.000"/>
  <testcase classname="com.juaracoding.testng2.KasirTest" name="testCheckout" time="0.003"/>
  <testcase classname="com.juaracoding.testng2.KasirTest" name="testCheckout" time="0.000"/>
  <testcase classname="com.juaracoding.testng2.KasirTest" name="testCheckout" time="0.004"/>
  <testcase classname="com.juaracoding.testng2.KasirTest" name="testCheckout" time="0.000"/>
  <testcase classname="com.juaracoding.testng2.KasirTest" name="testCheckout" time="0.001"/>
  <testcase classname="com.juaracoding.testng2.KasirTest" name="testCheckout" time="0.000"/>
  <testcase classname="com.juaracoding.testng2.KasirTest" name="testCheckout" time="0.000"/>
  <testcase classname="com.juaracoding.testng2.KasirTest" name="testCheckout" time="0.000"/>
  <testcase classname="com.juaracoding.testng2.KasirTest" name="testCheckout" time="0.000"/>
  <testcase classname="com.juaracoding.testng2.KasirTest" name="testCheckout" time="0.000"/>
  <testcase classname="com.juaracoding.testng2.KasirTest" name="testCheckout" time="0.001"/>
  <testcase classname="com.juaracoding.testng2.KasirTest" name="testCheckout" time="0.000"/>
  <testcase classname="com.juaracoding.testng2.KasirTest" name="testCheckout" time="0.000"/>
  <testcase classname="com.juaracoding.testng2.KasirTest" name="testCheckout" time="0.000"/>
  <testcase classname="com.juaracoding.testng2.KasirTest" name="testCheckout" time="0.000"/>
  <testcase classname="com.juaracoding.testng2.KasirTest" name="testCheckout" time="0.000"/>
  <testcase classname="com.juaracoding.testng2.KasirTest" name="testCheckout" time="0.000"/>
  <testcase classname="com.juaracoding.testng2.KasirTest" name="testCheckout" time="0.000"/>
  <testcase classname="com.juaracoding.testng2.KasirTest" name="testCheckout" time="0.001"/>
  <testcase classname="com.juaracoding.testng2.KasirTest" name="testCheckout" time="0.000"/>
  <testcase classname="com.juaracoding.testng2.KasirTest" name="testCheckout" time="0.000"/>
  <testcase classname="com.juaracoding.testng2.KasirTest" name="testCheckout" time="0.000"/>
  <testcase classname="com.juaracoding.testng2.KasirTest" name="testCheckout" time="0.006"/>
  <testcase classname="com.juaracoding.testng2.KasirTest" name="testCheckout" time="0.000"/>
  <testcase classname="com.juaracoding.testng2.KasirTest" name="testCheckout" time="0.000"/>
  <testcase classname="com.juaracoding.testng2.KasirTest" name="testCheckout" time="0.000"/>
  <testcase classname="com.juaracoding.testng2.KasirTest" name="testCheckout" time="0.000"/>
  <testcase classname="com.juaracoding.testng2.KasirTest" name="testCheckout" time="0.000"/>
  <testcase classname="com.juaracoding.testng2.KasirTest" name="testCheckout" time="0.000"/>
  <testcase classname="com.juaracoding.testng2.KasirTest" name="testCheckout" time="0.001"/>
  <testcase classname="com.juaracoding.testng2.KasirTest" name="testCheckout" time="0.000"/>
  <testcase classname="com.juaracoding.testng2.KasirTest" name="testCheckout" time="0.000"/>
  <testcase classname="com.juaracoding.testng2.KasirTest" name="testCheckout" time="0.000"/>
  <testcase classname="com.juaracoding.testng2.KasirTest" name="testCheckout" time="0.000"/>
  <testcase classname="com.juaracoding.testng2.KasirTest" name="testCheckout" time="0.000"/>
  <testcase classname="com.juaracoding.testng2.KasirTest" name="testCheckout" time="0.000"/>
  <testcase classname="com.juaracoding.testng2.KasirTest" name="testCheckout" time="0.000"/>
  <testcase classname="com.juaracoding.testng2.KasirTest" name="testCheckout" time="0.000"/>
  <testcase classname="com.juaracoding.testng2.KasirTest" name="testCheckout" time="0.001"/>
  <testcase classname="com.juaracoding.testng2.KasirTest" name="testCheckout" time="0.000"/>
  <testcase classname="com.juaracoding.testng2.KasirTest" name="testCheckout" time="0.000"/>
  <testcase classname="com.juaracoding.testng2.KasirTest" name="testCheckout" time="0.000"/>
  <testcase classname="com.juaracoding.testng2.KasirTest" name="testCheckout" time="0.000"/>
  <testcase classname="com.juaracoding.testng2.KasirTest" name="testCheckout" time="0.000"/>
  <testcase classname="com.juaracoding.testng2.KasirTest" name="testCheckout" time="0.000"/>
  <testcase classname="com.juaracoding.testng2.KasirTest" name="testCheckout" time="0.000"/>
  <testcase classname="com.juaracoding.testng2.KasirTest" name="testCheckout" time="0.000"/>
  <testcase classname="com.juaracoding.testng2.KasirTest" name="testCheckout" time="0.000"/>
  <testcase classname="com.juaracoding.testng2.KasirTest" name="testCheckout" time="0.000"/>
  <testcase classname="com.juaracoding.testng2.KasirTest" name="testCheckout" time="0.000"/>
  <testcase classname="com.juaracoding.testng2.KasirTest" name="testCheckout" time="0.000"/>
  <testcase classname="com.juaracoding.testng2.KasirTest" name="testCheckout" time="0.000"/>
  <testcase classname="com.juaracoding.testng2.KasirTest" name="testCheckout" time="0.000"/>
  <testcase classname="com.juaracoding.testng2.KasirTest" name="testCheckout" time="0.000"/>
  <testcase classname="com.juaracoding.testng2.KasirTest" name="testCheckout" time="0.000"/>
  <testcase classname="com.juaracoding.testng2.KasirTest" name="testCheckout" time="0.000"/>
  <testcase classname="com.juaracoding.testng2.KasirTest" name="testCheckout" time="0.000"/>
  <testcase classname="com.juaracoding.testng2.KasirTest" name="testCheckout" time="0.000"/>
  <testcase classname="com.juaracoding.testng2.KasirTest" name="testCheckout" time="0.000"/>
  <testcase classname="com.juaracoding.testng2.KasirTest" name="testCheckout" time="0.000"/>
  <testcase classname="com.juaracoding.testng2.KasirTest" name="testCheckout" time="0.000"/>
  <testcase classname="com.juaracoding.testng2.KasirTest" name="testCheckout" time="0.000"/>
  <testcase classname="com.juaracoding.testng2.KasirTest" name="testCheckout" time="0.000"/>
  <testcase classname="com.juaracoding.testng2.KasirTest" name="testCheckout" time="0.000"/>
  <testcase classname="com.juaracoding.testng2.KasirTest" name="testCheckout" time="0.000"/>
  <testcase classname="com.juaracoding.testng2.KasirTest" name="testCheckout" time="0.000"/>
  <testcase classname="com.juaracoding.testng2.KasirTest" name="testCheckout" time="0.000"/>
  <testcase classname="com.juaracoding.testng2.KasirTest" name="testCheckout" time="0.000"/>
  <testcase classname="com.juaracoding.testng2.KasirTest" name="testCheckout" time="0.000"/>
  <testcase classname="com.juaracoding.testng2.KasirTest" name="testCheckout" time="0.000"/>
  <testcase classname="com.juaracoding.testng2.KasirTest" name="testCheckout" time="0.000"/>
  <testcase classname="com.juaracoding.testng2.KasirTest" name="testCheckout" time="0.000"/>
  <testcase classname="com.juaracoding.testng2.KasirTest" name="testCheckout" time="0.000"/>
  <testcase classname="com.juaracoding.testng2.KasirTest" name="testCheckout" time="0.000"/>
  <testcase classname="com.juaracoding.testng2.KasirTest" name="testCheckout" time="0.000"/>
  <testcase classname="com.juaracoding.testng2.KasirTest" name="testCheckout" time="0.000"/>
  <testcase classname="com.juaracoding.testng2.KasirTest" name="testCheckout" time="0.001"/>
  <testcase classname="com.juaracoding.testng2.KasirTest" name="testCheckout" time="0.000"/>
  <testcase classname="com.juaracoding.testng2.KasirTest" name="testCheckout" time="0.000"/>
  <testcase classname="com.juaracoding.testng2.KasirTest" name="testCheckout" time="0.000"/>
  <testcase classname="com.juaracoding.testng2.KasirTest" name="testCheckout" time="0.000"/>
  <testcase classname="com.juaracoding.testng2.KasirTest" name="testCheckout" time="0.000"/>
  <testcase classname="com.juaracoding.testng2.KasirTest" name="testCheckout" time="0.001"/>
  <testcase classname="com.juaracoding.testng2.KasirTest" name="testCheckout" time="0.000"/>
  <testcase classname="com.juaracoding.testng2.KasirTest" name="testCheckout" time="0.000"/>
  <testcase classname="com.juaracoding.testng2.KasirTest" name="testCheckout" time="0.000"/>
  <testcase classname="com.juaracoding.testng2.KasirTest" name="testCheckout" time="0.001"/>
  <testcase classname="com.juaracoding.testng2.KasirTest" name="testCheckout" time="0.001"/>
  <testcase classname="com.juaracoding.testng2.KasirTest" name="testCheckout" time="0.000"/>
  <testcase classname="com.juaracoding.testng2.KasirTest" name="testCheckout" time="0.000"/>
  <testcase classname="com.juaracoding.testng2.KasirTest" name="testCheckout" time="0.000"/>
  <testcase classname="com.juaracoding.testng2.KasirTest" name="testCheckout" time="0.000"/>
  <testcase classname="com.juaracoding.testng2.KasirTest" name="testCheckout" time="0.001"/>
  <testcase classname="com.juaracoding.testng2.KasirTest" name="testCheckout" time="0.000"/>
  <testcase classname="com.juaracoding.testng2.KasirTest" name="testCheckout" time="0.000"/>
  <testcase classname="com.juaracoding.testng2.KasirTest" name="testCheckout" time="0.000"/>
  <testcase classname="com.juaracoding.testng2.KasirTest" name="testCheckout" time="0.000"/>
  <testcase classname="com.juaracoding.testng2.KasirTest" name="testCheckout" time="0.000"/>
  <testcase classname="com.juaracoding.testng2.KasirTest" name="testCheckout" time="0.000"/>
  <testcase classname="com.juaracoding.testng2.KasirTest" name="testCheckout" time="0.000"/>
  <testcase classname="com.juaracoding.testng2.KasirTest" name="testCheckout" time="0.000"/>
  <testcase classname="com.juaracoding.testng2.KasirTest" name="testCheckout" time="0.000"/>
  <testcase classname="com.juaracoding.testng2.KasirTest" name="testCheckout" time="0.000"/>
  <testcase classname="com.juaracoding.testng2.KasirTest" name="testCheckout" time="0.000"/>
  <testcase classname="com.juaracoding.testng2.KasirTest" name="testCheckout" time="0.001"/>
  <testcase classname="com.juaracoding.testng2.KasirTest" name="testCheckout" time="0.000"/>
  <testcase classname="com.juaracoding.testng2.KasirTest" name="testCheckout" time="0.000"/>
  <testcase classname="com.juaracoding.testng2.KasirTest" name="testCheckout" time="0.000"/>
  <testcase classname="com.juaracoding.testng2.KasirTest" name="testCheckout" time="0.000"/>
  <testcase classname="com.juaracoding.testng2.KasirTest" name="testCheckout" time="0.000"/>
  <testcase classname="com.juaracoding.testng2.KasirTest" name="testCheckout" time="0.000"/>
  <testcase classname="com.juaracoding.testng2.KasirTest" name="testCheckout" time="0.000"/>
  <testcase classname="com.juaracoding.testng2.KasirTest" name="testCheckout" time="0.000"/>
  <testcase classname="com.juaracoding.testng2.KasirTest" name="testCheckout" time="0.000"/>
  <testcase classname="com.juaracoding.testng2.KasirTest" name="testCheckout" time="0.000"/>
  <testcase classname="com.juaracoding.testng2.KasirTest" name="testCheckout" time="0.000"/>
  <testcase classname="com.juaracoding.testng2.KasirTest" name="testCheckout" time="0.001"/>
  <testcase classname="com.juaracoding.testng2.KasirTest" name="testCheckout" time="0.001"/>
  <testcase classname="com.juaracoding.testng2.KasirTest" name="testCheckout" time="0.000"/>
  <testcase classname="com.juaracoding.testng2.KasirTest" name="testCheckout" time="0.000"/>
  <testcase classname="com.juaracoding.testng2.KasirTest" name="testCheckout" time="0.000"/>
  <testcase classname="com.juaracoding.testng2.KasirTest" name="testCheckout" time="0.000"/>
  <testcase classname="com.juaracoding.testng2.KasirTest" name="testCheckout" time="0.000"/>
  <testcase classname="com.juaracoding.testng2.KasirTest" name="testCheckout" time="0.000"/>
  <testcase classname="com.juaracoding.testng2.KasirTest" name="testCheckout" time="0.000"/>
  <testcase classname="com.juaracoding.testng2.KasirTest" name="testCheckout" time="0.000"/>
  <testcase classname="com.juaracoding.testng2.KasirTest" name="testCheckout" time="0.000"/>
  <testcase classname="com.juaracoding.testng2.KasirTest" name="testCheckout" time="0.000"/>
  <testcase classname="com.juaracoding.testng2.KasirTest" name="testCheckout" time="0.000"/>
  <testcase classname="com.juaracoding.testng2.KasirTest" name="testCheckout" time="0.001"/>
  <testcase classname="com.juaracoding.testng2.KasirTest" name="testCheckout" time="0.001"/>
  <testcase classname="com.juaracoding.testng2.KasirTest" name="testCheckout" time="0.000"/>
  <testcase classname="com.juaracoding.testng2.KasirTest" name="testCheckout" time="0.000"/>
  <testcase classname="com.juaracoding.testng2.KasirTest" name="testCheckout" time="0.000"/>
  <testcase classname="com.juaracoding.testng2.KasirTest" name="testCheckout" time="0.000"/>
  <testcase classname="com.juaracoding.testng2.KasirTest" name="testCheckout" time="0.000"/>
  <testcase classname="com.juaracoding.testng2.KasirTest" name="testCheckout" time="0.000"/>
  <testcase classname="com.juaracoding.testng2.KasirTest" name="testCheckout" time="0.000"/>
  <testcase classname="com.juaracoding.testng2.KasirTest" name="testCheckout" time="0.000"/>
  <testcase classname="com.juaracoding.testng2.KasirTest" name="testCheckout" time="0.000"/>
  <testcase classname="com.juaracoding.testng2.KasirTest" name="testCheckout" time="0.000"/>
  <testcase classname="com.juaracoding.testng2.KasirTest" name="testCheckout" time="0.000"/>
  <testcase classname="com.juaracoding.testng2.KasirTest" name="testCheckout" time="0.000"/>
  <testcase classname="com.juaracoding.testng2.KasirTest" name="testCheckout" time="0.000"/>
  <testcase classname="com.juaracoding.testng2.KasirTest" name="testCheckout" time="0.000"/>
  <testcase classname="com.juaracoding.testng2.KasirTest" name="testCheckout" time="0.000"/>
  <testcase classname="com.juaracoding.testng2.KasirTest" name="testCheckout" time="0.000"/>
  <testcase classname="com.juaracoding.testng2.KasirTest" name="testCheckout" time="0.000"/>
  <testcase classname="com.juaracoding.testng2.KasirTest" name="testCheckout" time="0.000"/>
  <testcase classname="com.juaracoding.testng2.KasirTest" name="testCheckout" time="0.000"/>
  <testcase classname="com.juaracoding.testng2.KasirTest" name="testCheckout" time="0.000"/>
  <testcase classname="com.juaracoding.testng2.KasirTest" name="testCheckout" time="0.000"/>
  <testcase classname="com.juaracoding.testng2.KasirTest" name="testCheckout" time="0.000"/>
  <testcase classname="com.juaracoding.testng2.KasirTest" name="testCheckout" time="0.000"/>
  <testcase classname="com.juaracoding.testng2.KasirTest" name="testCheckout" time="0.000"/>
  <testcase classname="com.juaracoding.testng2.KasirTest" name="testCheckout" time="0.001"/>
  <testcase classname="com.juaracoding.testng2.KasirTest" name="testCheckout" time="0.000"/>
  <testcase classname="com.juaracoding.testng2.KasirTest" name="testCheckout" time="0.000"/>
  <testcase classname="com.juaracoding.testng2.KasirTest" name="testCheckout" time="0.000"/>
  <testcase classname="com.juaracoding.testng2.KasirTest" name="testCheckout" time="0.000"/>
  <testcase classname="com.juaracoding.testng2.KasirTest" name="testCheckout" time="0.000"/>
  <testcase classname="com.juaracoding.testng2.KasirTest" name="testCheckout" time="0.001"/>
  <testcase classname="com.juaracoding.testng2.KasirTest" name="testCheckout" time="0.000"/>
  <testcase classname="com.juaracoding.testng2.KasirTest" name="testCheckout" time="0.000"/>
  <testcase classname="com.juaracoding.testng2.KasirTest" name="testCheckout" time="0.000"/>
  <testcase classname="com.juaracoding.testng2.KasirTest" name="testCheckout" time="0.000"/>
  <testcase classname="com.juaracoding.testng2.KasirTest" name="testCheckout" time="0.000"/>
  <testcase classname="com.juaracoding.testng2.KasirTest" name="testCheckout" time="0.000"/>
  <testcase classname="com.juaracoding.testng2.KasirTest" name="testCheckout" time="0.000"/>
  <testcase classname="com.juaracoding.testng2.KasirTest" name="testCheckout" time="0.000"/>
  <testcase classname="com.juaracoding.testng2.KasirTest" name="testCheckout" time="0.000"/>
  <testcase classname="com.juaracoding.testng2.KasirTest" name="testCheckout" time="0.000"/>
  <testcase classname="com.juaracoding.testng2.KasirTest" name="testCheckout" time="0.000"/>
  <testcase classname="com.juaracoding.testng2.KasirTest" name="testCheckout" time="0.000"/>
  <testcase classname="com.juaracoding.testng2.KasirTest" name="testCheckout" time="0.000"/>
  <testcase classname="com.juaracoding.testng2.KasirTest" name="testCheckout" time="0.000"/>
  <testcase classname="com.juaracoding.testng2.KasirTest" name="testCheckout" time="0.002"/>
  <testcase classname="com.juaracoding.testng2.KasirTest" name="testCheckout" time="0.000"/>
  <testcase classname="com.juaracoding.testng2.KasirTest" name="testCheckout" time="0.000"/>
  <testcase classname="com.juaracoding.testng2.KasirTest" name="testCheckout" time="0.001"/>
  <testcase classname="com.juaracoding.testng2.KasirTest" name="testCheckout" time="0.000"/>
  <testcase classname="com.juaracoding.testng2.KasirTest" name="testCheckout" time="0.000"/>
  <testcase classname="com.juaracoding.testng2.KasirTest" name="testCheckout" time="0.000"/>
  <testcase classname="com.juaracoding.testng2.KasirTest" name="testCheckout" time="0.000"/>
  <testcase classname="com.juaracoding.testng2.KasirTest" name="testCheckout" time="0.000"/>
  <testcase classname="com.juaracoding.testng2.KasirTest" name="testCheckout" time="0.000"/>
  <testcase classname="com.juaracoding.testng2.KasirTest" name="testCheckout" time="0.000"/>
  <testcase classname="com.juaracoding.testng2.KasirTest" name="testCheckout" time="0.000"/>
  <testcase classname="com.juaracoding.testng2.KasirTest" name="testCheckout" time="0.000"/>
  <testcase classname="com.juaracoding.testng2.KasirTest" name="testCheckout" time="0.002"/>
  <testcase classname="com.juaracoding.testng2.KasirTest" name="testCheckout" time="0.000"/>
  <testcase classname="com.juaracoding.testng2.KasirTest" name="testCheckout" time="0.000"/>
  <testcase classname="com.juaracoding.testng2.KasirTest" name="testCheckout" time="0.000"/>
  <testcase classname="com.juaracoding.testng2.KasirTest" name="testCheckout" time="0.000"/>
  <testcase classname="com.juaracoding.testng2.KasirTest" name="testCheckout" time="0.000"/>
  <testcase classname="com.juaracoding.testng2.KasirTest" name="testCheckout" time="0.000"/>
  <testcase classname="com.juaracoding.testng2.KasirTest" name="testCheckout" time="0.000"/>
  <testcase classname="com.juaracoding.testng2.KasirTest" name="testCheckout" time="0.000"/>
  <testcase classname="com.juaracoding.testng2.KasirTest" name="testCheckout" time="0.000"/>
  <testcase classname="com.juaracoding.testng2.KasirTest" name="testCheckout" time="0.000"/>
  <testcase classname="com.juaracoding.testng2.KasirTest" name="testCheckout" time="0.000"/>
  <testcase classname="com.juaracoding.testng2.KasirTest" name="testCheckout" time="0.000"/>
  <testcase classname="com.juaracoding.testng2.KasirTest" name="testCheckout" time="0.000"/>
  <testcase classname="com.juaracoding.testng2.KasirTest" name="testCheckout" time="0.000"/>
  <testcase classname="com.juaracoding.testng2.KasirTest" name="testCheckout" time="0.000"/>
  <testcase classname="com.juaracoding.testng2.KasirTest" name="testCheckout" time="0.000"/>
  <testcase classname="com.juaracoding.testng2.KasirTest" name="testCheckout" time="0.000"/>
  <testcase classname="com.juaracoding.testng2.KasirTest" name="testCheckout" time="0.000"/>
  <testcase classname="com.juaracoding.testng2.KasirTest" name="testCheckout" time="0.000"/>
  <testcase classname="com.juaracoding.testng2.KasirTest" name="testCheckout" time="0.000"/>
  <testcase classname="com.juaracoding.testng2.KasirTest" name="testCheckout" time="0.000"/>
  <testcase classname="com.juaracoding.testng2.KasirTest" name="testCheckout" time="0.001"/>
  <testcase classname="com.juaracoding.testng2.KasirTest" name="testCheckout" time="0.000"/>
  <testcase classname="com.juaracoding.testng2.KasirTest" name="testCheckout" time="0.000"/>
  <testcase classname="com.juaracoding.testng2.KasirTest" name="testCheckout" time="0.000"/>
  <testcase classname="com.juaracoding.testng2.KasirTest" name="testCheckout" time="0.000"/>
  <testcase classname="com.juaracoding.testng2.KasirTest" name="testCheckout" time="0.000"/>
  <testcase classname="com.juaracoding.testng2.KasirTest" name="testCheckout" time="0.000"/>
  <testcase classname="com.juaracoding.testng2.KasirTest" name="testCheckout" time="0.000"/>
  <testcase classname="com.juaracoding.testng2.KasirTest" name="testCheckout" time="0.000"/>
  <testcase classname="com.juaracoding.testng2.KasirTest" name="testCheckout" time="0.000"/>
  <testcase classname="com.juaracoding.testng2.KasirTest" name="testCheckout" time="0.000"/>
  <testcase classname="com.juaracoding.testng2.KasirTest" name="testCheckout" time="0.000"/>
  <testcase classname="com.juaracoding.testng2.KasirTest" name="testCheckout" time="0.000"/>
  <testcase classname="com.juaracoding.testng2.KasirTest" name="testCheckout" time="0.000"/>
  <testcase classname="com.juaracoding.testng2.KasirTest" name="testCheckout" time="0.000"/>
  <testcase classname="com.juaracoding.testng2.KasirTest" name="testCheckout" time="0.000"/>
  <testcase classname="com.juaracoding.testng2.KasirTest" name="testCheckout" time="0.000"/>
  <testcase classname="com.juaracoding.testng2.KasirTest" name="testCheckout" time="0.000"/>
  <testcase classname="com.juaracoding.testng2.KasirTest" name="testCheckout" time="0.000"/>
  <testcase classname="com.juaracoding.testng2.KasirTest" name="testCheckout" time="0.000"/>
  <testcase classname="com.juaracoding.testng2.KasirTest" name="testCheckout" time="0.000"/>
  <testcase classname="com.juaracoding.testng2.KasirTest" name="testCheckout" time="0.000"/>
  <testcase classname="com.juaracoding.testng2.KasirTest" name="testCheckout" time="0.000"/>
  <testcase classname="com.juaracoding.testng2.KasirTest" name="testCheckout" time="0.000"/>
  <testcase classname="com.juaracoding.testng2.KasirTest" name="testCheckout" time="0.000"/>
  <testcase classname="com.juaracoding.testng2.KasirTest" name="testCheckout" time="0.000"/>
  <testcase classname="com.juaracoding.testng2.KasirTest" name="testCheckout" time="0.000"/>
  <testcase classname="com.juaracoding.testng2.KasirTest" name="testCheckout" time="0.000"/>
  <testcase classname="com.juaracoding.testng2.KasirTest" name="testCheckout" time="0.000"/>
  <testcase classname="com.juaracoding.testng2.KasirTest" name="testCheckout" time="0.000"/>
  <testcase classname="com.juaracoding.testng2.KasirTest" name="testCheckout" time="0.000"/>
  <testcase classname="com.juaracoding.testng2.KasirTest" name="testCheckout" time="0.000"/>
  <testcase classname="com.juaracoding.testng2.KasirTest" name="testCheckout" time="0.000"/>
  <testcase classname="com.juaracoding.testng2.KasirTest" name="testCheckout" time="0.000"/>
  <testcase classname="com.juaracoding.testng2.KasirTest" name="testCheckout" time="0.000"/>
  <testcase classname="com.juaracoding.testng2.KasirTest" name="testCheckout" time="0.000"/>
  <testcase classname="com.juaracoding.testng2.KasirTest" name="testCheckout" time="0.000"/>
  <testcase classname="com.juaracoding.testng2.KasirTest" name="testCheckout" time="0.000"/>
  <testcase classname="com.juaracoding.testng2.KasirTest" name="testCheckout" time="0.000"/>
  <testcase classname="com.juaracoding.testng2.KasirTest" name="testCheckout" time="0.000"/>
  <testcase classname="com.juaracoding.testng2.KasirTest" name="testCheckout" time="0.000"/>
  <testcase classname="com.juaracoding.testng2.KasirTest" name="testCheckout" time="0.000"/>
  <testcase classname="com.juaracoding.testng2.KasirTest" name="testCheckout" time="0.000"/>
  <testcase classname="com.juaracoding.testng2.KasirTest" name="testCheckout" time="0.000"/>
  <testcase classname="com.juaracoding.testng2.KasirTest" name="testCheckout" time="0.000"/>
  <testcase classname="com.juaracoding.testng2.KasirTest" name="testCheckout" time="0.000"/>
  <testcase classname="com.juaracoding.testng2.KasirTest" name="testCheckout" time="0.000"/>
  <testcase classname="com.juaracoding.testng2.KasirTest" name="testCheckout" time="0.000"/>
  <testcase classname="com.juaracoding.testng2.KasirTest" name="testCheckout" time="0.001"/>
  <testcase classname="com.juaracoding.testng2.KasirTest" name="testCheckout" time="0.000"/>
  <testcase classname="com.juaracoding.testng2.KasirTest" name="testCheckout" time="0.000"/>
  <testcase classname="com.juaracoding.testng2.KasirTest" name="testCheckout" time="0.000"/>
  <testcase classname="com.juaracoding.testng2.KasirTest" name="testCheckout" time="0.000"/>
  <testcase classname="com.juaracoding.testng2.KasirTest" name="testCheckout" time="0.000"/>
  <testcase classname="com.juaracoding.testng2.KasirTest" name="testCheckout" time="0.000"/>
  <testcase classname="com.juaracoding.testng2.KasirTest" name="testCheckout" time="0.000"/>
  <testcase classname="com.juaracoding.testng2.KasirTest" name="testCheckout" time="0.000"/>
  <testcase classname="com.juaracoding.testng2.KasirTest" name="testCheckout" time="0.000"/>
  <testcase classname="com.juaracoding.testng2.KasirTest" name="testCheckout" time="0.000"/>
  <testcase classname="com.juaracoding.testng2.KasirTest" name="testCheckout" time="0.000"/>
  <testcase classname="com.juaracoding.testng2.KasirTest" name="testCheckout" time="0.000"/>
  <testcase classname="com.juaracoding.testng2.KasirTest" name="testCheckout" time="0.000"/>
  <testcase classname="com.juaracoding.testng2.KasirTest" name="testCheckout" time="0.000"/>
  <testcase classname="com.juaracoding.testng2.KasirTest" name="testCheckout" time="0.001"/>
  <testcase classname="com.juaracoding.testng2.KasirTest" name="testCheckout" time="0.000"/>
  <testcase classname="com.juaracoding.testng2.KasirTest" name="testCheckout" time="0.000"/>
  <testcase classname="com.juaracoding.testng2.KasirTest" name="testCheckout" time="0.000"/>
  <testcase classname="com.juaracoding.testng2.KasirTest" name="testCheckout" time="0.000"/>
  <testcase classname="com.juaracoding.testng2.KasirTest" name="testCheckout" time="0.000"/>
  <testcase classname="com.juaracoding.testng2.KasirTest" name="testCheckout" time="0.000"/>
  <testcase classname="com.juaracoding.testng2.KasirTest" name="testCheckout" time="0.000"/>
  <testcase classname="com.juaracoding.testng2.KasirTest" name="testCheckout" time="0.000"/>
  <testcase classname="com.juaracoding.testng2.KasirTest" name="testCheckout" time="0.001"/>
  <testcase classname="com.juaracoding.testng2.KasirTest" name="testCheckout" time="0.000"/>
  <testcase classname="com.juaracoding.testng2.KasirTest" name="testCheckout" time="0.000"/>
  <testcase classname="com.juaracoding.testng2.KasirTest" name="testCheckout" time="0.000"/>
  <testcase classname="com.juaracoding.testng2.KasirTest" name="testCheckout" time="0.000"/>
  <testcase classname="com.juaracoding.testng2.KasirTest" name="testCheckout" time="0.001"/>
  <testcase classname="com.juaracoding.testng2.KasirTest" name="testCheckout" time="0.000"/>
  <testcase classname="com.juaracoding.testng2.KasirTest" name="testCheckout" time="0.000"/>
  <testcase classname="com.juaracoding.testng2.KasirTest" name="testCheckout" time="0.001"/>
  <testcase classname="com.juaracoding.testng2.KasirTest" name="testCheckout" time="0.000"/>
  <testcase classname="com.juaracoding.testng2.KasirTest" name="testCheckout" time="0.000"/>
  <testcase classname="com.juaracoding.testng2.KasirTest" name="testCheckout" time="0.000"/>
  <testcase classname="com.juaracoding.testng2.KasirTest" name="testCheckout" time="0.000"/>
  <testcase classname="com.juaracoding.testng2.KasirTest" name="testCheckout" time="0.000"/>
  <testcase classname="com.juaracoding.testng2.KasirTest" name="testCheckout" time="0.000"/>
  <testcase classname="com.juaracoding.testng2.KasirTest" name="testCheckout" time="0.001"/>
  <testcase classname="com.juaracoding.testng2.KasirTest" name="testCheckout" time="0.000"/>
  <testcase classname="com.juaracoding.testng2.KasirTest" name="testCheckout" time="0.000"/>
  <testcase classname="com.juaracoding.testng2.KasirTest" name="testCheckout" time="0.000"/>
  <testcase classname="com.juaracoding.testng2.KasirTest" name="testCheckout" time="0.000"/>
  <testcase classname="com.juaracoding.testng2.KasirTest" name="testCheckout" time="0.000"/>
  <testcase classname="com.juaracoding.testng2.KasirTest" name="testCheckout" time="0.000"/>
  <testcase classname="com.juaracoding.testng2.KasirTest" name="testCheckout" time="0.000"/>
  <testcase classname="com.juaracoding.testng2.KasirTest" name="testCheckout" time="0.000"/>
  <testcase classname="com.juaracoding.testng2.KasirTest" name="testCheckout" time="0.000"/>
  <testcase classname="com.juaracoding.testng2.KasirTest" name="testCheckout" time="0.000"/>
  <testcase classname="com.juaracoding.testng2.KasirTest" name="testCheckout" time="0.000"/>
  <testcase classname="com.juaracoding.testng2.KasirTest" name="testCheckout" time="0.000"/>
  <testcase classname="com.juaracoding.testng2.KasirTest" name="testCheckout" time="0.000"/>
  <testcase classname="com.juaracoding.testng2.KasirTest" name="testCheckout" time="0.000"/>
  <testcase classname="com.juaracoding.testng2.KasirTest" name="testCheckout" time="0.000"/>
  <testcase classname="com.juaracoding.testng2.KasirTest" name="testCheckout" time="0.000"/>
  <testcase classname="com.juaracoding.testng2.KasirTest" name="testCheckout" time="0.000"/>
  <testcase classname="com.juaracoding.testng2.KasirTest" name="testCheckout" time="0.000"/>
  <testcase classname="com.juaracoding.testng2.KasirTest" name="testCheckout" time="0.000"/>
  <testcase classname="com.juaracoding.testng2.KasirTest" name="testCheckout" time="0.000"/>
  <testcase classname="com.juaracoding.testng2.KasirTest" name="testCheckout" time="0.001"/>
  <testcase classname="com.juaracoding.testng2.KasirTest" name="testCheckout" time="0.000"/>
  <testcase classname="com.juaracoding.testng2.KasirTest" name="testCheckout" time="0.000"/>
  <testcase classname="com.juaracoding.testng2.KasirTest" name="testCheckout" time="0.001"/>
  <testcase classname="com.juaracoding.testng2.KasirTest" name="testCheckout" time="0.000"/>
  <testcase classname="com.juaracoding.testng2.KasirTest" name="testCheckout" time="0.000"/>
  <testcase classname="com.juaracoding.testng2.KasirTest" name="testCheckout" time="0.001"/>
  <testcase classname="com.juaracoding.testng2.KasirTest" name="testCheckout" time="0.000"/>
  <testcase classname="com.juaracoding.testng2.KasirTest" name="testCheckout" time="0.000"/>
  <testcase classname="com.juaracoding.testng2.KasirTest" name="testCheckout" time="0.000"/>
  <testcase classname="com.juaracoding.testng2.KasirTest" name="testCheckout" time="0.000"/>
  <testcase classname="com.juaracoding.testng2.KasirTest" name="testCheckout" time="0.000"/>
  <testcase classname="com.juaracoding.testng2.KasirTest" name="testCheckout" time="0.000"/>
  <testcase classname="com.juaracoding.testng2.KasirTest" name="testCheckout" time="0.000"/>
  <testcase classname="com.juaracoding.testng2.KasirTest" name="testCheckout" time="0.000"/>
  <testcase classname="com.juaracoding.testng2.KasirTest" name="testCheckout" time="0.000"/>
  <testcase classname="com.juaracoding.testng2.KasirTest" name="testCheckout" time="0.001"/>
  <testcase classname="com.juaracoding.testng2.KasirTest" name="testCheckout" time="0.000"/>
  <testcase classname="com.juaracoding.testng2.KasirTest" name="testCheckout" time="0.000"/>
  <testcase classname="com.juaracoding.testng2.KasirTest" name="testCheckout" time="0.000"/>
  <testcase classname="com.juaracoding.testng2.KasirTest" name="testCheckout" time="0.001"/>
  <testcase classname="com.juaracoding.testng2.KasirTest" name="testCheckout" time="0.000"/>
  <testcase classname="com.juaracoding.testng2.KasirTest" name="testCheckout" time="0.000"/>
  <testcase classname="com.juaracoding.testng2.KasirTest" name="testCheckout" time="0.000"/>
  <testcase classname="com.juaracoding.testng2.KasirTest" name="testCheckout" time="0.000"/>
  <testcase classname="com.juaracoding.testng2.KasirTest" name="testCheckout" time="0.000"/>
  <testcase classname="com.juaracoding.testng2.KasirTest" name="testCheckout" time="0.002"/>
  <testcase classname="com.juaracoding.testng2.KasirTest" name="testCheckout" time="0.000"/>
  <testcase classname="com.juaracoding.testng2.KasirTest" name="testCheckout" time="0.000"/>
  <testcase classname="com.juaracoding.testng2.KasirTest" name="testCheckout" time="0.000"/>
  <testcase classname="com.juaracoding.testng2.KasirTest" name="testCheckout" time="0.000"/>
  <testcase classname="com.juaracoding.testng2.KasirTest" name="testCheckout" time="0.000"/>
  <testcase classname="com.juaracoding.testng2.KasirTest" name="testCheckout" time="0.000"/>
  <testcase classname="com.juaracoding.testng2.KasirTest" name="testCheckout" time="0.000"/>
  <testcase classname="com.juaracoding.testng2.KasirTest" name="testCheckout" time="0.001"/>
  <testcase classname="com.juaracoding.testng2.KasirTest" name="testCheckout" time="0.000"/>
  <testcase classname="com.juaracoding.testng2.KasirTest" name="testCheckout" time="0.000"/>
  <testcase classname="com.juaracoding.testng2.KasirTest" name="testCheckout" time="0.000"/>
  <testcase classname="com.juaracoding.testng2.KasirTest" name="testCheckout" time="0.000"/>
  <testcase classname="com.juaracoding.testng2.KasirTest" name="testCheckout" time="0.000"/>
  <testcase classname="com.juaracoding.testng2.KasirTest" name="testCheckout" time="0.000"/>
  <testcase classname="com.juaracoding.testng2.KasirTest" name="testCheckout" time="0.000"/>
  <testcase classname="com.juaracoding.testng2.KasirTest" name="testCheckout" time="0.012"/>
  <testcase classname="com.juaracoding.testng2.KasirTest" name="testCheckout" time="0.000"/>
  <testcase classname="com.juaracoding.testng2.KasirTest" name="testCheckout" time="0.000"/>
  <testcase classname="com.juaracoding.testng2.KasirTest" name="testCheckout" time="0.000"/>
  <testcase classname="com.juaracoding.testng2.KasirTest" name="testCheckout" time="0.000"/>
  <testcase classname="com.juaracoding.testng2.KasirTest" name="testCheckout" time="0.000"/>
  <testcase classname="com.juaracoding.testng2.KasirTest" name="testCheckout" time="0.001"/>
  <testcase classname="com.juaracoding.testng2.KasirTest" name="testCheckout" time="0.000"/>
  <testcase classname="com.juaracoding.testng2.KasirTest" name="testCheckout" time="0.000"/>
  <testcase classname="com.juaracoding.testng2.KasirTest" name="testCheckout" time="0.000"/>
  <testcase classname="com.juaracoding.testng2.KasirTest" name="testCheckout" time="0.000"/>
  <testcase classname="com.juaracoding.testng2.KasirTest" name="testCheckout" time="0.000"/>
  <testcase classname="com.juaracoding.testng2.KasirTest" name="testCheckout" time="0.000"/>
  <testcase classname="com.juaracoding.testng2.KasirTest" name="testCheckout" time="0.000"/>
  <testcase classname="com.juaracoding.testng2.KasirTest" name="testCheckout" time="0.000"/>
  <testcase classname="com.juaracoding.testng2.KasirTest" name="testCheckout" time="0.000"/>
  <testcase classname="com.juaracoding.testng2.KasirTest" name="testCheckout" time="0.000"/>
  <testcase classname="com.juaracoding.testng2.KasirTest" name="testCheckout" time="0.000"/>
  <testcase classname="com.juaracoding.testng2.KasirTest" name="testCheckout" time="0.000"/>
  <testcase classname="com.juaracoding.testng2.KasirTest" name="testCheckout" time="0.001"/>
  <testcase classname="com.juaracoding.testng2.KasirTest" name="testCheckout" time="0.001"/>
  <testcase classname="com.juaracoding.testng2.KasirTest" name="testCheckout" time="0.000"/>
  <testcase classname="com.juaracoding.testng2.KasirTest" name="testCheckout" time="0.000"/>
  <testcase classname="com.juaracoding.testng2.KasirTest" name="testCheckout" time="0.000"/>
  <testcase classname="com.juaracoding.testng2.KasirTest" name="testCheckout" time="0.000"/>
  <testcase classname="com.juaracoding.testng2.KasirTest" name="testCheckout" time="0.000"/>
  <testcase classname="com.juaracoding.testng2.KasirTest" name="testCheckout" time="0.000"/>
  <testcase classname="com.juaracoding.testng2.KasirTest" name="testCheckout" time="0.000"/>
  <testcase classname="com.juaracoding.testng2.KasirTest" name="testCheckout" time="0.000"/>
  <testcase classname="com.juaracoding.testng2.KasirTest" name="testCheckout" time="0.000"/>
  <testcase classname="com.juaracoding.testng2.KasirTest" name="testCheckout" time="0.000"/>
  <testcase classname="com.juaracoding.testng2.KasirTest" name="testCheckout" time="0.000"/>
  <testcase classname="com.juaracoding.testng2.KasirTest" name="testCheckout" time="0.000"/>
  <testcase classname="com.juaracoding.testng2.KasirTest" name="testCheckout" time="0.000"/>
  <testcase classname="com.juaracoding.testng2.KasirTest" name="testCheckout" time="0.000"/>
  <testcase classname="com.juaracoding.testng2.KasirTest" name="testCheckout" time="0.000"/>
  <testcase classname="com.juaracoding.testng2.KasirTest" name="testCheckout" time="0.000"/>
  <testcase classname="com.juaracoding.testng2.KasirTest" name="testCheckout" time="0.000"/>
  <testcase classname="com.juaracoding.testng2.KasirTest" name="testCheckout" time="0.001"/>
  <testcase classname="com.juaracoding.testng2.KasirTest" name="testCheckout" time="0.000"/>
  <testcase classname="com.juaracoding.testng2.KasirTest" name="testCheckout" time="0.000"/>
  <testcase classname="com.juaracoding.testng2.KasirTest" name="testCheckout" time="0.000"/>
  <testcase classname="com.juaracoding.testng2.KasirTest" name="testCheckout" time="0.000"/>
  <testcase classname="com.juaracoding.testng2.KasirTest" name="testCheckout" time="0.000"/>
  <testcase classname="com.juaracoding.testng2.KasirTest" name="testCheckout" time="0.001"/>
  <testcase classname="com.juaracoding.testng2.KasirTest" name="testCheckout" time="0.000"/>
  <testcase classname="com.juaracoding.testng2.KasirTest" name="testCheckout" time="0.000"/>
  <testcase classname="com.juaracoding.testng2.KasirTest" name="testCheckout" time="0.000"/>
  <testcase classname="com.juaracoding.testng2.KasirTest" name="testCheckout" time="0.000"/>
  <testcase classname="com.juaracoding.testng2.KasirTest" name="testCheckout" time="0.000"/>
  <testcase classname="com.juaracoding.testng2.KasirTest" name="testCheckout" time="0.001"/>
  <testcase classname="com.juaracoding.testng2.KasirTest" name="testCheckout" time="0.000"/>
  <testcase classname="com.juaracoding.testng2.KasirTest" name="testCheckout" time="0.000"/>
  <testcase classname="com.juaracoding.testng2.KasirTest" name="testCheckout" time="0.000"/>
  <testcase classname="com.juaracoding.testng2.KasirTest" name="testCheckout" time="0.000"/>
  <testcase classname="com.juaracoding.testng2.KasirTest" name="testCheckout" time="0.000"/>
  <testcase classname="com.juaracoding.testng2.KasirTest" name="testCheckout" time="0.000"/>
  <testcase classname="com.juaracoding.testng2.KasirTest" name="testCheckout" time="0.001"/>
  <testcase classname="com.juaracoding.testng2.KasirTest" name="testCheckout" time="0.000"/>
  <testcase classname="com.juaracoding.testng2.KasirTest" name="testCheckout" time="0.000"/>
  <testcase classname="com.juaracoding.testng2.KasirTest" name="testCheckout" time="0.000"/>
  <testcase classname="com.juaracoding.testng2.KasirTest" name="testCheckout" time="0.000"/>
  <testcase classname="com.juaracoding.testng2.KasirTest" name="testCheckout" time="0.000"/>
  <testcase classname="com.juaracoding.testng2.KasirTest" name="testCheckout" time="0.000"/>
  <testcase classname="com.juaracoding.testng2.KasirTest" name="testCheckout" time="0.000"/>
  <testcase classname="com.juaracoding.testng2.KasirTest" name="testCheckout" time="0.000"/>
  <testcase classname="com.juaracoding.testng2.KasirTest" name="testCheckout" time="0.001"/>
  <testcase classname="com.juaracoding.testng2.KasirTest" name="testCheckout" time="0.000"/>
  <testcase classname="com.juaracoding.testng2.KasirTest" name="testCheckout" time="0.000"/>
  <testcase classname="com.juaracoding.testng2.KasirTest" name="testCheckout" time="0.000"/>
  <testcase classname="com.juaracoding.testng2.KasirTest" name="testCheckout" time="0.000"/>
  <testcase classname="com.juaracoding.testng2.KasirTest" name="testCheckout" time="0.000"/>
  <testcase classname="com.juaracoding.testng2.KasirTest" name="testCheckout" time="0.000"/>
  <testcase classname="com.juaracoding.testng2.KasirTest" name="testCheckout" time="0.000"/>
  <testcase classname="com.juaracoding.testng2.KasirTest" name="testCheckout" time="0.000"/>
  <testcase classname="com.juaracoding.testng2.KasirTest" name="testCheckout" time="0.000"/>
  <testcase classname="com.juaracoding.testng2.KasirTest" name="testCheckout" time="0.000"/>
  <testcase classname="com.juaracoding.testng2.KasirTest" name="testCheckout" time="0.000"/>
  <testcase classname="com.juaracoding.testng2.KasirTest" name="testCheckout" time="0.000"/>
  <testcase classname="com.juaracoding.testng2.KasirTest" name="testCheckout" time="0.000"/>
  <testcase classname="com.juaracoding.testng2.KasirTest" name="testCheckout" time="0.000"/>
  <testcase classname="com.juaracoding.testng2.KasirTest" name="testCheckout" time="0.000"/>
  <testcase classname="com.juaracoding.testng2.KasirTest" name="testCheckout" time="0.000"/>
  <testcase classname="com.juaracoding.testng2.KasirTest" name="testCheckout" time="0.000"/>
  <testcase classname="com.juaracoding.testng2.KasirTest" name="testCheckout" time="0.000"/>
  <testcase classname="com.juaracoding.testng2.KasirTest" name="testCheckout" time="0.000"/>
  <testcase classname="com.juaracoding.testng2.KasirTest" name="testCheckout" time="0.000"/>
  <testcase classname="com.juaracoding.testng2.KasirTest" name="testCheckout" time="0.000"/>
  <testcase classname="com.juaracoding.testng2.KasirTest" name="testCheckout" time="0.000"/>
  <testcase classname="com.juaracoding.testng2.KasirTest" name="testCheckout" time="0.000"/>
  <testcase classname="com.juaracoding.testng2.KasirTest" name="testCheckout" time="0.000"/>
  <testcase classname="com.juaracoding.testng2.KasirTest" name="testCheckout" time="0.000"/>
  <testcase classname="com.juaracoding.testng2.KasirTest" name="testCheckout" time="0.000"/>
  <testcase classname="com.juaracoding.testng2.KasirTest" name="testCheckout" time="0.000"/>
  <testcase classname="com.juaracoding.testng2.KasirTest" name="testCheckout" time="0.000"/>
  <testcase classname="com.juaracoding.testng2.KasirTest" name="testCheckout" time="0.000"/>
  <testcase classname="com.juaracoding.testng2.KasirTest" name="testCheckout" time="0.000"/>
  <testcase classname="com.juaracoding.testng2.KasirTest" name="testCheckout" time="0.001"/>
  <testcase classname="com.juaracoding.testng2.KasirTest" name="testCheckout" time="0.000"/>
  <testcase classname="com.juaracoding.testng2.KasirTest" name="testCheckout" time="0.000"/>
  <testcase classname="com.juaracoding.testng2.KasirTest" name="testCheckout" time="0.000"/>
  <testcase classname="com.juaracoding.testng2.KasirTest" name="testCheckout" time="0.000"/>
  <testcase classname="com.juaracoding.testng2.KasirTest" name="testCheckout" time="0.000"/>
  <testcase classname="com.juaracoding.testng2.KasirTest" name="testCheckout" time="0.000"/>
  <testcase classname="com.juaracoding.testng2.KasirTest" name="testCheckout" time="0.000"/>
  <testcase classname="com.juaracoding.testng2.KasirTest" name="testCheckout" time="0.000"/>
  <testcase classname="com.juaracoding.testng2.KasirTest" name="testCheckout" time="0.000"/>
  <testcase classname="com.juaracoding.testng2.KasirTest" name="testCheckout" time="0.000"/>
  <testcase classname="com.juaracoding.testng2.KasirTest" name="testCheckout" time="0.000"/>
  <testcase classname="com.juaracoding.testng2.KasirTest" name="testCheckout" time="0.000"/>
  <testcase classname="com.juaracoding.testng2.KasirTest" name="testCheckout" time="0.000"/>
  <testcase classname="com.juaracoding.testng2.KasirTest" name="testCheckout" time="0.000"/>
  <testcase classname="com.juaracoding.testng2.KasirTest" name="testCheckout" time="0.000"/>
  <testcase classname="com.juaracoding.testng2.KasirTest" name="testCheckout" time="0.000"/>
  <testcase classname="com.juaracoding.testng2.KasirTest" name="testCheckout" time="0.000"/>
  <testcase classname="com.juaracoding.testng2.KasirTest" name="testCheckout" time="0.000"/>
  <testcase classname="com.juaracoding.testng2.KasirTest" name="testCheckout" time="0.000"/>
  <testcase classname="com.juaracoding.testng2.KasirTest" name="testCheckout" time="0.000"/>
  <testcase classname="com.juaracoding.testng2.KasirTest" name="testCheckout" time="0.000"/>
  <testcase classname="com.juaracoding.testng2.KasirTest" name="testCheckout" time="0.000"/>
  <testcase classname="com.juaracoding.testng2.KasirTest" name="testCheckout" time="0.000"/>
  <testcase classname="com.juaracoding.testng2.KasirTest" name="testCheckout" time="0.000"/>
  <testcase classname="com.juaracoding.testng2.KasirTest" name="testCheckout" time="0.000"/>
  <testcase classname="com.juaracoding.testng2.KasirTest" name="testCheckout" time="0.000"/>
  <testcase classname="com.juaracoding.testng2.KasirTest" name="testCheckout" time="0.000"/>
  <testcase classname="com.juaracoding.testng2.KasirTest" name="testCheckout" time="0.000"/>
  <testcase classname="com.juaracoding.testng2.KasirTest" name="testCheckout" time="0.000"/>
  <testcase classname="com.juaracoding.testng2.KasirTest" name="testCheckout" time="0.000"/>
  <testcase classname="com.juaracoding.testng2.KasirTest" name="testCheckout" time="0.000"/>
  <testcase classname="com.juaracoding.testng2.KasirTest" name="testCheckout" time="0.000"/>
  <testcase classname="com.juaracoding.testng2.KasirTest" name="testCheckout" time="0.000"/>
  <testcase classname="com.juaracoding.testng2.KasirTest" name="testCheckout" time="0.000"/>
  <testcase classname="com.juaracoding.testng2.KasirTest" name="testCheckout" time="0.000"/>
  <testcase classname="com.juaracoding.testng2.KasirTest" name="testCheckout" time="0.000"/>
  <testcase classname="com.juaracoding.testng2.KasirTest" name="testCheckout" time="0.000"/>
  <testcase classname="com.juaracoding.testng2.KasirTest" name="testCheckout" time="0.000"/>
  <testcase classname="com.juaracoding.testng2.KasirTest" name="testCheckout" time="0.001"/>
  <testcase classname="com.juaracoding.testng2.KasirTest" name="testCheckout" time="0.000"/>
  <testcase classname="com.juaracoding.testng2.KasirTest" name="testCheckout" time="0.000"/>
  <testcase classname="com.juaracoding.testng2.KasirTest" name="testCheckout" time="0.000"/>
  <testcase classname="com.juaracoding.testng2.KasirTest" name="testCheckout" time="0.000"/>
  <testcase classname="com.juaracoding.testng2.KasirTest" name="testCheckout" time="0.000"/>
  <testcase classname="com.juaracoding.testng2.KasirTest" name="testCheckout" time="0.000"/>
  <testcase classname="com.juaracoding.testng2.KasirTest" name="testCheckout" time="0.000"/>
  <testcase classname="com.juaracoding.testng2.KasirTest" name="testCheckout" time="0.000"/>
  <testcase classname="com.juaracoding.testng2.KasirTest" name="testCheckout" time="0.000"/>
  <testcase classname="com.juaracoding.testng2.KasirTest" name="testCheckout" time="0.000"/>
  <testcase classname="com.juaracoding.testng2.KasirTest" name="testCheckout" time="0.000"/>
  <testcase classname="com.juaracoding.testng2.KasirTest" name="testCheckout" time="0.000"/>
  <testcase classname="com.juaracoding.testng2.KasirTest" name="testCheckout" time="0.000"/>
  <testcase classname="com.juaracoding.testng2.KasirTest" name="testCheckout" time="0.000"/>
  <testcase classname="com.juaracoding.testng2.KasirTest" name="testCheckout" time="0.000"/>
  <testcase classname="com.juaracoding.testng2.KasirTest" name="testCheckout" time="0.000"/>
  <testcase classname="com.juaracoding.testng2.KasirTest" name="testCheckout" time="0.000"/>
  <testcase classname="com.juaracoding.testng2.KasirTest" name="testCheckout" time="0.000"/>
  <testcase classname="com.juaracoding.testng2.KasirTest" name="testCheckout" time="0.000"/>
  <testcase classname="com.juaracoding.testng2.KasirTest" name="testCheckout" time="0.000"/>
  <testcase classname="com.juaracoding.testng2.KasirTest" name="testCheckout" time="0.000"/>
  <testcase classname="com.juaracoding.testng2.KasirTest" name="testCheckout" time="0.000"/>
  <testcase classname="com.juaracoding.testng2.KasirTest" name="testCheckout" time="0.000"/>
  <testcase classname="com.juaracoding.testng2.KasirTest" name="testCheckout" time="0.000"/>
  <testcase classname="com.juaracoding.testng2.KasirTest" name="testCheckout" time="0.000"/>
  <testcase classname="com.juaracoding.testng2.KasirTest" name="testCheckout" time="0.000"/>
  <testcase classname="com.juaracoding.testng2.KasirTest" name="testCheckout" time="0.000"/>
  <testcase classname="com.juaracoding.testng2.KasirTest" name="testCheckout" time="0.000"/>
  <testcase classname="com.juaracoding.testng2.KasirTest" name="testCheckout" time="0.000"/>
  <testcase classname="com.juaracoding.testng2.KasirTest" name="testCheckout" time="0.000"/>
  <testcase classname="com.juaracoding.testng2.KasirTest" name="testCheckout" time="0.000"/>
  <testcase classname="com.juaracoding.testng2.KasirTest" name="testCheckout" time="0.000"/>
  <testcase classname="com.juaracoding.testng2.KasirTest" name="testCheckout" time="0.000"/>
  <testcase classname="com.juaracoding.testng2.KasirTest" name="testCheckout" time="0.000"/>
  <testcase classname="com.juaracoding.testng2.KasirTest" name="testCheckout" time="0.000"/>
  <testcase classname="com.juaracoding.testng2.KasirTest" name="testCheckout" time="0.000"/>
  <testcase classname="com.juaracoding.testng2.KasirTest" name="testCheckout" time="0.000"/>
  <testcase classname="com.juaracoding.testng2.KasirTest" name="testCheckout" time="0.000"/>
  <testcase classname="com.juaracoding.testng2.KasirTest" name="testCheckout" time="0.000"/>
  <testcase classname="com.juaracoding.testng2.KasirTest" name="testCheckout" time="0.000"/>
  <testcase classname="com.juaracoding.testng2.KasirTest" name="testCheckout" time="0.000"/>
  <testcase classname="com.juaracoding.testng2.KasirTest" name="testCheckout" time="0.000"/>
  <testcase classname="com.juaracoding.testng2.KasirTest" name="testCheckout" time="0.001"/>
  <testcase classname="com.juaracoding.testng2.KasirTest" name="testCheckout" time="0.000"/>
  <testcase classname="com.juaracoding.testng2.KasirTest" name="testCheckout" time="0.000"/>
  <testcase classname="com.juaracoding.testng2.KasirTest" name="testCheckout" time="0.000"/>
  <testcase classname="com.juaracoding.testng2.KasirTest" name="testCheckout" time="0.000"/>
  <testcase classname="com.juaracoding.testng2.KasirTest" name="testCheckout" time="0.000"/>
  <testcase classname="com.juaracoding.testng2.KasirTest" name="testCheckout" time="0.000"/>
  <testcase classname="com.juaracoding.testng2.KasirTest" name="testCheckout" time="0.000"/>
  <testcase classname="com.juaracoding.testng2.KasirTest" name="testCheckout" time="0.000"/>
  <testcase classname="com.juaracoding.testng2.KasirTest" name="testCheckout" time="0.000"/>
  <testcase classname="com.juaracoding.testng2.KasirTest" name="testCheckout" time="0.000"/>
  <testcase classname="com.juaracoding.testng2.KasirTest" name="testCheckout" time="0.001"/>
  <testcase classname="com.juaracoding.testng2.KasirTest" name="testCheckout" time="0.000"/>
  <testcase classname="com.juaracoding.testng2.KasirTest" name="testCheckout" time="0.000"/>
  <testcase classname="com.juaracoding.testng2.KasirTest" name="testCheckout" time="0.000"/>
  <testcase classname="com.juaracoding.testng2.KasirTest" name="testCheckout" time="0.000"/>
  <testcase classname="com.juaracoding.testng2.KasirTest" name="testCheckout" time="0.000"/>
  <testcase classname="com.juaracoding.testng2.KasirTest" name="testCheckout" time="0.001"/>
  <testcase classname="com.juaracoding.testng2.KasirTest" name="testCheckout" time="0.001"/>
  <testcase classname="com.juaracoding.testng2.KasirTest" name="testCheckout" time="0.000"/>
  <testcase classname="com.juaracoding.testng2.KasirTest" name="testCheckout" time="0.000"/>
  <testcase classname="com.juaracoding.testng2.KasirTest" name="testCheckout" time="0.000"/>
  <testcase classname="com.juaracoding.testng2.KasirTest" name="testCheckout" time="0.000"/>
  <testcase classname="com.juaracoding.testng2.KasirTest" name="testCheckout" time="0.000"/>
  <testcase classname="com.juaracoding.testng2.KasirTest" name="testCheckout" time="0.000"/>
  <testcase classname="com.juaracoding.testng2.KasirTest" name="testCheckout" time="0.000"/>
  <testcase classname="com.juaracoding.testng2.KasirTest" name="testCheckout" time="0.000"/>
  <testcase classname="com.juaracoding.testng2.KasirTest" name="testCheckout" time="0.000"/>
  <testcase classname="com.juaracoding.testng2.KasirTest" name="testCheckout" time="0.001"/>
  <testcase classname="com.juaracoding.testng2.KasirTest" name="testCheckout" time="0.000"/>
  <testcase classname="com.juaracoding.testng2.KasirTest" name="testCheckout" time="0.000"/>
  <testcase classname="com.juaracoding.testng2.KasirTest" name="testCheckout" time="0.000"/>
  <testcase classname="com.juaracoding.testng2.KasirTest" name="testCheckout" time="0.000"/>
  <testcase classname="com.juaracoding.testng2.KasirTest" name="testCheckout" time="0.000"/>
  <testcase classname="com.juaracoding.testng2.KasirTest" name="testCheckout" time="0.000"/>
  <testcase classname="com.juaracoding.testng2.KasirTest" name="testCheckout" time="0.000"/>
  <testcase classname="com.juaracoding.testng2.KasirTest" name="testCheckout" time="0.000"/>
  <testcase classname="com.juaracoding.testng2.KasirTest" name="testCheckout" time="0.000"/>
  <testcase classname="com.juaracoding.testng2.KasirTest" name="testCheckout" time="0.000"/>
  <testcase classname="com.juaracoding.testng2.KasirTest" name="testCheckout" time="0.000"/>
  <testcase classname="com.juaracoding.testng2.KasirTest" name="testCheckout" time="0.000"/>
  <testcase classname="com.juaracoding.testng2.KasirTest" name="testCheckout" time="0.000"/>
  <testcase classname="com.juaracoding.testng2.KasirTest" name="testCheckout" time="0.000"/>
  <testcase classname="com.juaracoding.testng2.KasirTest" name="testCheckout" time="0.000"/>
  <testcase classname="com.juaracoding.testng2.KasirTest" name="testCheckout" time="0.001"/>
  <testcase classname="com.juaracoding.testng2.KasirTest" name="testCheckout" time="0.000"/>
  <testcase classname="com.juaracoding.testng2.KasirTest" name="testCheckout" time="0.000"/>
  <testcase classname="com.juaracoding.testng2.KasirTest" name="testCheckout" time="0.000"/>
  <testcase classname="com.juaracoding.testng2.KasirTest" name="testCheckout" time="0.000"/>
  <testcase classname="com.juaracoding.testng2.KasirTest" name="testCheckout" time="0.000"/>
  <testcase classname="com.juaracoding.testng2.KasirTest" name="testCheckout" time="0.000"/>
  <testcase classname="com.juaracoding.testng2.KasirTest" name="testCheckout" time="0.000"/>
  <testcase classname="com.juaracoding.testng2.KasirTest" name="testCheckout" time="0.000"/>
  <testcase classname="com.juaracoding.testng2.KasirTest" name="testCheckout" time="0.000"/>
  <testcase classname="com.juaracoding.testng2.KasirTest" name="testCheckout" time="0.000"/>
  <testcase classname="com.juaracoding.testng2.KasirTest" name="testCheckout" time="0.000"/>
  <testcase classname="com.juaracoding.testng2.KasirTest" name="testCheckout" time="0.000"/>
  <testcase classname="com.juaracoding.testng2.KasirTest" name="testCheckout" time="0.000"/>
  <testcase classname="com.juaracoding.testng2.KasirTest" name="testCheckout" time="0.000"/>
  <testcase classname="com.juaracoding.testng2.KasirTest" name="testCheckout" time="0.000"/>
  <testcase classname="com.juaracoding.testng2.KasirTest" name="testCheckout" time="0.000"/>
  <testcase classname="com.juaracoding.testng2.KasirTest" name="testCheckout" time="0.001"/>
  <testcase classname="com.juaracoding.testng2.KasirTest" name="testCheckout" time="0.000"/>
  <testcase classname="com.juaracoding.testng2.KasirTest" name="testCheckout" time="0.000"/>
  <testcase classname="com.juaracoding.testng2.KasirTest" name="testCheckout" time="0.000"/>
  <testcase classname="com.juaracoding.testng2.KasirTest" name="testCheckout" time="0.000"/>
  <testcase classname="com.juaracoding.testng2.KasirTest" name="testCheckout" time="0.000"/>
  <testcase classname="com.juaracoding.testng2.KasirTest" name="testCheckout" time="0.000"/>
  <testcase classname="com.juaracoding.testng2.KasirTest" name="testCheckout" time="0.000"/>
  <testcase classname="com.juaracoding.testng2.KasirTest" name="testCheckout" time="0.000"/>
  <testcase classname="com.juaracoding.testng2.KasirTest" name="testCheckout" time="0.000"/>
  <testcase classname="com.juaracoding.testng2.KasirTest" name="testCheckout" time="0.000"/>
  <testcase classname="com.juaracoding.testng2.KasirTest" name="testCheckout" time="0.000"/>
  <testcase classname="com.juaracoding.testng2.KasirTest" name="testCheckout" time="0.000"/>
  <testcase classname="com.juaracoding.testng2.KasirTest" name="testCheckout" time="0.000"/>
  <testcase classname="com.juaracoding.testng2.KasirTest" name="testCheckout" time="0.000"/>
  <testcase classname="com.juaracoding.testng2.KasirTest" name="testCheckout" time="0.000"/>
  <testcase classname="com.juaracoding.testng2.KasirTest" name="testCheckout" time="0.000"/>
  <testcase classname="com.juaracoding.testng2.KasirTest" name="testCheckout" time="0.000"/>
  <testcase classname="com.juaracoding.testng2.KasirTest" name="testCheckout" time="0.000"/>
  <testcase classname="com.juaracoding.testng2.KasirTest" name="testCheckout" time="0.000"/>
  <testcase classname="com.juaracoding.testng2.KasirTest" name="testCheckout" time="0.000"/>
  <testcase classname="com.juaracoding.testng2.KasirTest" name="testCheckout" time="0.000"/>
  <testcase classname="com.juaracoding.testng2.KasirTest" name="testCheckout" time="0.000"/>
  <testcase classname="com.juaracoding.testng2.KasirTest" name="testCheckout" time="0.000"/>
  <testcase classname="com.juaracoding.testng2.KasirTest" name="testCheckout" time="0.000"/>
  <testcase classname="com.juaracoding.testng2.KasirTest" name="testCheckout" time="0.000"/>
  <testcase classname="com.juaracoding.testng2.KasirTest" name="testCheckout" time="0.000"/>
  <testcase classname="com.juaracoding.testng2.KasirTest" name="testCheckout" time="0.000"/>
  <testcase classname="com.juaracoding.testng2.KasirTest" name="testCheckout" time="0.000"/>
  <testcase classname="com.juaracoding.testng2.KasirTest" name="testCheckout" time="0.000"/>
  <testcase classname="com.juaracoding.testng2.KasirTest" name="testCheckout" time="0.000"/>
  <testcase classname="com.juaracoding.testng2.KasirTest" name="testCheckout" time="0.000"/>
  <testcase classname="com.juaracoding.testng2.KasirTest" name="testCheckout" time="0.000"/>
  <testcase classname="com.juaracoding.testng2.KasirTest" name="testCheckout" time="0.000"/>
  <testcase classname="com.juaracoding.testng2.KasirTest" name="testCheckout" time="0.000"/>
  <testcase classname="com.juaracoding.testng2.KasirTest" name="testCheckout" time="0.000"/>
  <testcase classname="com.juaracoding.testng2.KasirTest" name="testCheckout" time="0.000"/>
  <testcase classname="com.juaracoding.testng2.KasirTest" name="testCheckout" time="0.000"/>
  <testcase classname="com.juaracoding.testng2.KasirTest" name="testCheckout" time="0.000"/>
  <testcase classname="com.juaracoding.testng2.KasirTest" name="testCheckout" time="0.000"/>
  <testcase classname="com.juaracoding.testng2.KasirTest" name="testCheckout" time="0.000"/>
  <testcase classname="com.juaracoding.testng2.KasirTest" name="testCheckout" time="0.000"/>
  <testcase classname="com.juaracoding.testng2.KasirTest" name="testCheckout" time="0.000"/>
  <testcase classname="com.juaracoding.testng2.KasirTest" name="testCheckout" time="0.000"/>
  <testcase classname="com.juaracoding.testng2.KasirTest" name="testCheckout" time="0.000"/>
  <testcase classname="com.juaracoding.testng2.KasirTest" name="testCheckout" time="0.000"/>
  <testcase classname="com.juaracoding.testng2.KasirTest" name="testCheckout" time="0.000"/>
  <testcase classname="com.juaracoding.testng2.KasirTest" name="testCheckout" time="0.000"/>
  <testcase classname="com.juaracoding.testng2.KasirTest" name="testCheckout" time="0.000"/>
  <testcase classname="com.juaracoding.testng2.KasirTest" name="testCheckout" time="0.000"/>
  <testcase classname="com.juaracoding.testng2.KasirTest" name="testCheckout" time="0.000"/>
  <testcase classname="com.juaracoding.testng2.KasirTest" name="testCheckout" time="0.001"/>
  <testcase classname="com.juaracoding.testng2.KasirTest" name="testCheckout" time="0.001"/>
  <testcase classname="com.juaracoding.testng2.KasirTest" name="testCheckout" time="0.000"/>
  <testcase classname="com.juaracoding.testng2.KasirTest" name="testCheckout" time="0.001"/>
  <testcase classname="com.juaracoding.testng2.KasirTest" name="testCheckout" time="0.000"/>
  <testcase classname="com.juaracoding.testng2.KasirTest" name="testCheckout" time="0.000"/>
  <testcase classname="com.juaracoding.testng2.KasirTest" name="testCheckout" time="0.003"/>
  <testcase classname="com.juaracoding.testng2.KasirTest" name="testCheckout" time="0.000"/>
  <testcase classname="com.juaracoding.testng2.KasirTest" name="testCheckout" time="0.000"/>
  <testcase classname="com.juaracoding.testng2.KasirTest" name="testCheckout" time="0.000"/>
  <testcase classname="com.juaracoding.testng2.KasirTest" name="testCheckout" time="0.000"/>
  <testcase classname="com.juaracoding.testng2.KasirTest" name="testCheckout" time="0.000"/>
  <testcase classname="com.juaracoding.testng2.KasirTest" name="testCheckout" time="0.006"/>
  <testcase classname="com.juaracoding.testng2.KasirTest" name="testCheckout" time="0.000"/>
  <testcase classname="com.juaracoding.testng2.KasirTest" name="testCheckout" time="0.000"/>
  <testcase classname="com.juaracoding.testng2.KasirTest" name="testCheckout" time="0.001"/>
  <testcase classname="com.juaracoding.testng2.KasirTest" name="testCheckout" time="0.000"/>
  <testcase classname="com.juaracoding.testng2.KasirTest" name="testCheckout" time="0.000"/>
  <testcase classname="com.juaracoding.testng2.KasirTest" name="testCheckout" time="0.000"/>
  <testcase classname="com.juaracoding.testng2.KasirTest" name="testCheckout" time="0.000"/>
  <testcase classname="com.juaracoding.testng2.KasirTest" name="testCheckout" time="0.000"/>
  <testcase classname="com.juaracoding.testng2.KasirTest" name="testCheckout" time="0.001"/>
  <testcase classname="com.juaracoding.testng2.KasirTest" name="testCheckout" time="0.001"/>
  <testcase classname="com.juaracoding.testng2.KasirTest" name="testCheckout" time="0.000"/>
  <testcase classname="com.juaracoding.testng2.KasirTest" name="testCheckout" time="0.002"/>
  <testcase classname="com.juaracoding.testng2.KasirTest" name="testCheckout" time="0.000"/>
  <testcase classname="com.juaracoding.testng2.KasirTest" name="testCheckout" time="0.000"/>
  <testcase classname="com.juaracoding.testng2.KasirTest" name="testCheckout" time="0.000"/>
  <testcase classname="com.juaracoding.testng2.KasirTest" name="testCheckout" time="0.000"/>
  <testcase classname="com.juaracoding.testng2.KasirTest" name="testCheckout" time="0.000"/>
  <testcase classname="com.juaracoding.testng2.KasirTest" name="testCheckout" time="0.000"/>
  <testcase classname="com.juaracoding.testng2.KasirTest" name="testCheckout" time="0.000"/>
  <testcase classname="com.juaracoding.testng2.KasirTest" name="testCheckout" time="0.000"/>
  <testcase classname="com.juaracoding.testng2.KasirTest" name="testCheckout" time="0.001"/>
  <testcase classname="com.juaracoding.testng2.KasirTest" name="testCheckout" time="0.000"/>
  <testcase classname="com.juaracoding.testng2.KasirTest" name="testCheckout" time="0.000"/>
  <testcase classname="com.juaracoding.testng2.KasirTest" name="testCheckout" time="0.000"/>
  <testcase classname="com.juaracoding.testng2.KasirTest" name="testCheckout" time="0.000"/>
  <testcase classname="com.juaracoding.testng2.KasirTest" name="testCheckout" time="0.000"/>
  <testcase classname="com.juaracoding.testng2.KasirTest" name="testCheckout" time="0.000"/>
  <testcase classname="com.juaracoding.testng2.KasirTest" name="testCheckout" time="0.000"/>
  <testcase classname="com.juaracoding.testng2.KasirTest" name="testCheckout" time="0.000"/>
  <testcase classname="com.juaracoding.testng2.KasirTest" name="testCheckout" time="0.000"/>
  <testcase classname="com.juaracoding.testng2.KasirTest" name="testCheckout" time="0.000"/>
  <testcase classname="com.juaracoding.testng2.KasirTest" name="testCheckout" time="0.001"/>
  <testcase classname="com.juaracoding.testng2.KasirTest" name="testCheckout" time="0.000"/>
  <testcase classname="com.juaracoding.testng2.KasirTest" name="testCheckout" time="0.000"/>
  <testcase classname="com.juaracoding.testng2.KasirTest" name="testCheckout" time="0.000"/>
  <testcase classname="com.juaracoding.testng2.KasirTest" name="testCheckout" time="0.000"/>
  <testcase classname="com.juaracoding.testng2.KasirTest" name="testCheckout" time="0.001"/>
  <testcase classname="com.juaracoding.testng2.KasirTest" name="testCheckout" time="0.004"/>
  <testcase classname="com.juaracoding.testng2.KasirTest" name="testCheckout" time="0.000"/>
  <testcase classname="com.juaracoding.testng2.KasirTest" name="testCheckout" time="0.000"/>
  <testcase classname="com.juaracoding.testng2.KasirTest" name="testCheckout" time="0.000"/>
  <testcase classname="com.juaracoding.testng2.KasirTest" name="testCheckout" time="0.000"/>
  <testcase classname="com.juaracoding.testng2.KasirTest" name="testCheckout" time="0.000"/>
  <testcase classname="com.juaracoding.testng2.KasirTest" name="testCheckout" time="0.000"/>
  <testcase classname="com.juaracoding.testng2.KasirTest" name="testCheckout" time="0.000"/>
  <testcase classname="com.juaracoding.testng2.KasirTest" name="testCheckout" time="0.000"/>
  <testcase classname="com.juaracoding.testng2.KasirTest" name="testCheckout" time="0.000"/>
  <testcase classname="com.juaracoding.testng2.KasirTest" name="testCheckout" time="0.000"/>
  <testcase classname="com.juaracoding.testng2.KasirTest" name="testCheckout" time="0.001"/>
  <testcase classname="com.juaracoding.testng2.KasirTest" name="testCheckout" time="0.000"/>
  <testcase classname="com.juaracoding.testng2.KasirTest" name="testCheckout" time="0.000"/>
  <testcase classname="com.juaracoding.testng2.KasirTest" name="testCheckout" time="0.000"/>
  <testcase classname="com.juaracoding.testng2.KasirTest" name="testCheckout" time="0.000"/>
  <testcase classname="com.juaracoding.testng2.KasirTest" name="testCheckout" time="0.000"/>
  <testcase classname="com.juaracoding.testng2.KasirTest" name="testCheckout" time="0.001"/>
  <testcase classname="com.juaracoding.testng2.KasirTest" name="testCheckout" time="0.000"/>
  <testcase classname="com.juaracoding.testng2.KasirTest" name="testCheckout" time="0.000"/>
  <testcase classname="com.juaracoding.testng2.KasirTest" name="testCheckout" time="0.000"/>
  <testcase classname="com.juaracoding.testng2.KasirTest" name="testCheckout" time="0.000"/>
  <testcase classname="com.juaracoding.testng2.KasirTest" name="testCheckout" time="0.000"/>
  <testcase classname="com.juaracoding.testng2.KasirTest" name="testCheckout" time="0.000"/>
  <testcase classname="com.juaracoding.testng2.KasirTest" name="testCheckout" time="0.002"/>
  <testcase classname="com.juaracoding.testng2.KasirTest" name="testCheckout" time="0.000"/>
  <testcase classname="com.juaracoding.testng2.KasirTest" name="testCheckout" time="0.000"/>
  <testcase classname="com.juaracoding.testng2.KasirTest" name="testCheckout" time="0.000"/>
  <testcase classname="com.juaracoding.testng2.KasirTest" name="testCheckout" time="0.000"/>
  <testcase classname="com.juaracoding.testng2.KasirTest" name="testCheckout" time="0.000"/>
  <testcase classname="com.juaracoding.testng2.KasirTest" name="testCheckout" time="0.000"/>
  <testcase classname="com.juaracoding.testng2.KasirTest" name="testCheckout" time="0.000"/>
  <testcase classname="com.juaracoding.testng2.KasirTest" name="testCheckout" time="0.000"/>
  <testcase classname="com.juaracoding.testng2.KasirTest" name="testCheckout" time="0.000"/>
  <testcase classname="com.juaracoding.testng2.KasirTest" name="testCheckout" time="0.000"/>
  <testcase classname="com.juaracoding.testng2.KasirTest" name="testCheckout" time="0.000"/>
  <testcase classname="com.juaracoding.testng2.KasirTest" name="testCheckout" time="0.000"/>
  <testcase classname="com.juaracoding.testng2.KasirTest" name="testCheckout" time="0.000"/>
  <testcase classname="com.juaracoding.testng2.KasirTest" name="testCheckout" time="0.000"/>
  <testcase classname="com.juaracoding.testng2.KasirTest" name="testCheckout" time="0.000"/>
  <testcase classname="com.juaracoding.testng2.KasirTest" name="testCheckout" time="0.000"/>
  <testcase classname="com.juaracoding.testng2.KasirTest" name="testCheckout" time="0.000"/>
  <testcase classname="com.juaracoding.testng2.KasirTest" name="testCheckout" time="0.000"/>
  <testcase classname="com.juaracoding.testng2.KasirTest" name="testCheckout" time="0.000"/>
  <testcase classname="com.juaracoding.testng2.KasirTest" name="testCheckout" time="0.000"/>
  <testcase classname="com.juaracoding.testng2.KasirTest" name="testCheckout" time="0.000"/>
  <testcase classname="com.juaracoding.testng2.KasirTest" name="testCheckout" time="0.000"/>
  <testcase classname="com.juaracoding.testng2.KasirTest" name="testCheckout" time="0.000"/>
  <testcase classname="com.juaracoding.testng2.KasirTest" name="testCheckout" time="0.000"/>
  <testcase classname="com.juaracoding.testng2.KasirTest" name="testCheckout" time="0.000"/>
  <testcase classname="com.juaracoding.testng2.KasirTest" name="testCheckout" time="0.000"/>
  <testcase classname="com.juaracoding.testng2.KasirTest" name="testCheckout" time="0.000"/>
  <testcase classname="com.juaracoding.testng2.KasirTest" name="testCheckout" time="0.000"/>
  <testcase classname="com.juaracoding.testng2.KasirTest" name="testCheckout" time="0.000"/>
  <testcase classname="com.juaracoding.testng2.KasirTest" name="testCheckout" time="0.000"/>
  <testcase classname="com.juaracoding.testng2.KasirTest" name="testCheckout" time="0.000"/>
  <testcase classname="com.juaracoding.testng2.KasirTest" name="testCheckout" time="0.000"/>
  <testcase classname="com.juaracoding.testng2.KasirTest" name="testCheckout" time="0.000"/>
  <testcase classname="com.juaracoding.testng2.KasirTest" name="testCheckout" time="0.001"/>
  <testcase classname="com.juaracoding.testng2.KasirTest" name="testCheckout" time="0.001"/>
  <testcase classname="com.juaracoding.testng2.KasirTest" name="testCheckout" time="0.000"/>
  <testcase classname="com.juaracoding.testng2.KasirTest" name="testCheckout" time="0.000"/>
  <testcase classname="com.juaracoding.testng2.KasirTest" name="testCheckout" time="0.000"/>
  <testcase classname="com.juaracoding.testng2.KasirTest" name="testCheckout" time="0.000"/>
  <testcase classname="com.juaracoding.testng2.KasirTest" name="testCheckout" time="0.000"/>
  <testcase classname="com.juaracoding.testng2.KasirTest" name="testCheckout" time="0.000"/>
  <testcase classname="com.juaracoding.testng2.KasirTest" name="testCheckout" time="0.000"/>
  <testcase classname="com.juaracoding.testng2.KasirTest" name="testCheckout" time="0.000"/>
  <testcase classname="com.juaracoding.testng2.KasirTest" name="testCheckout" time="0.000"/>
  <testcase classname="com.juaracoding.testng2.KasirTest" name="testCheckout" time="0.000"/>
  <testcase classname="com.juaracoding.testng2.KasirTest" name="testCheckout" time="0.001"/>
  <testcase classname="com.juaracoding.testng2.KasirTest" name="testCheckout" time="0.000"/>
  <testcase classname="com.juaracoding.testng2.KasirTest" name="testCheckout" time="0.000"/>
  <testcase classname="com.juaracoding.testng2.KasirTest" name="testCheckout" time="0.000"/>
  <testcase classname="com.juaracoding.testng2.KasirTest" name="testCheckout" time="0.000"/>
  <testcase classname="com.juaracoding.testng2.KasirTest" name="testCheckout" time="0.000"/>
  <testcase classname="com.juaracoding.testng2.KasirTest" name="testCheckout" time="0.000"/>
  <testcase classname="com.juaracoding.testng2.KasirTest" name="testCheckout" time="0.000"/>
  <testcase classname="com.juaracoding.testng2.KasirTest" name="testCheckout" time="0.000"/>
  <testcase classname="com.juaracoding.testng2.KasirTest" name="testCheckout" time="0.000"/>
  <testcase classname="com.juaracoding.testng2.KasirTest" name="testCheckout" time="0.000"/>
  <testcase classname="com.juaracoding.testng2.KasirTest" name="testCheckout" time="0.000"/>
  <testcase classname="com.juaracoding.testng2.KasirTest" name="testCheckout" time="0.000"/>
  <testcase classname="com.juaracoding.testng2.KasirTest" name="testCheckout" time="0.000"/>
  <testcase classname="com.juaracoding.testng2.KasirTest" name="testCheckout" time="0.000"/>
  <testcase classname="com.juaracoding.testng2.KasirTest" name="testCheckout" time="0.000"/>
  <testcase classname="com.juaracoding.testng2.KasirTest" name="testCheckout" time="0.000"/>
  <testcase classname="com.juaracoding.testng2.KasirTest" name="testCheckout" time="0.000"/>
  <testcase classname="com.juaracoding.testng2.KasirTest" name="testCheckout" time="0.000"/>
  <testcase classname="com.juaracoding.testng2.KasirTest" name="testCheckout" time="0.000"/>
  <testcase classname="com.juaracoding.testng2.KasirTest" name="testCheckout" time="0.000"/>
  <testcase classname="com.juaracoding.testng2.KasirTest" name="testCheckout" time="0.000"/>
  <testcase classname="com.juaracoding.testng2.KasirTest" name="testCheckout" time="0.000"/>
  <testcase classname="com.juaracoding.testng2.KasirTest" name="testCheckout" time="0.000"/>
  <testcase classname="com.juaracoding.testng2.KasirTest" name="testCheckout" time="0.000"/>
  <testcase classname="com.juaracoding.testng2.KasirTest" name="testCheckout" time="0.000"/>
  <testcase classname="com.juaracoding.testng2.KasirTest" name="testCheckout" time="0.000"/>
  <testcase classname="com.juaracoding.testng2.KasirTest" name="testCheckout" time="0.000"/>
  <testcase classname="com.juaracoding.testng2.KasirTest" name="testCheckout" time="0.000"/>
  <testcase classname="com.juaracoding.testng2.KasirTest" name="testCheckout" time="0.000"/>
  <testcase classname="com.juaracoding.testng2.KasirTest" name="testCheckout" time="0.000"/>
  <testcase classname="com.juaracoding.testng2.KasirTest" name="testCheckout" time="0.000"/>
  <testcase classname="com.juaracoding.testng2.KasirTest" name="testCheckout" time="0.001"/>
  <testcase classname="com.juaracoding.testng2.KasirTest" name="testCheckout" time="0.000"/>
  <testcase classname="com.juaracoding.testng2.KasirTest" name="testCheckout" time="0.000"/>
  <testcase classname="com.juaracoding.testng2.KasirTest" name="testCheckout" time="0.000"/>
  <testcase classname="com.juaracoding.testng2.KasirTest" name="testCheckout" time="0.000"/>
  <testcase classname="com.juaracoding.testng2.KasirTest" name="testCheckout" time="0.000"/>
  <testcase classname="com.juaracoding.testng2.KasirTest" name="testCheckout" time="0.000"/>
  <testcase classname="com.juaracoding.testng2.KasirTest" name="testCheckout" time="0.000"/>
  <testcase classname="com.juaracoding.testng2.KasirTest" name="testCheckout" time="0.000"/>
  <testcase classname="com.juaracoding.testng2.KasirTest" name="testCheckout" time="0.001"/>
  <testcase classname="com.juaracoding.testng2.KasirTest" name="testCheckout" time="0.001"/>
  <testcase classname="com.juaracoding.testng2.KasirTest" name="testCheckout" time="0.000"/>
  <testcase classname="com.juaracoding.testng2.KasirTest" name="testCheckout" time="0.000"/>
  <testcase classname="com.juaracoding.testng2.KasirTest" name="testCheckout" time="0.000"/>
  <testcase classname="com.juaracoding.testng2.KasirTest" name="testCheckout" time="0.000"/>
  <testcase classname="com.juaracoding.testng2.KasirTest" name="testCheckout" time="0.000"/>
  <testcase classname="com.juaracoding.testng2.KasirTest" name="testCheckout" time="0.000"/>
  <testcase classname="com.juaracoding.testng2.KasirTest" name="testCheckout" time="0.000"/>
  <testcase classname="com.juaracoding.testng2.KasirTest" name="testCheckout" time="0.000"/>
  <testcase classname="com.juaracoding.testng2.KasirTest" name="testCheckout" time="0.000"/>
  <testcase classname="com.juaracoding.testng2.KasirTest" name="testCheckout" time="0.000"/>
  <testcase classname="com.juaracoding.testng2.KasirTest" name="testCheckout" time="0.001"/>
  <testcase classname="com.juaracoding.testng2.KasirTest" name="testCheckout" time="0.000"/>
  <testcase classname="com.juaracoding.testng2.KasirTest" name="testCheckout" time="0.000"/>
  <testcase classname="com.juaracoding.testng2.KasirTest" name="testCheckout" time="0.000"/>
  <testcase classname="com.juaracoding.testng2.KasirTest" name="testCheckout" time="0.000"/>
  <testcase classname="com.juaracoding.testng2.KasirTest" name="testCheckout" time="0.000"/>
  <testcase classname="com.juaracoding.testng2.KasirTest" name="testCheckout" time="0.000"/>
  <testcase classname="com.juaracoding.testng2.KasirTest" name="testCheckout" time="0.000"/>
  <testcase classname="com.juaracoding.testng2.KasirTest" name="testCheckout" time="0.000"/>
  <testcase classname="com.juaracoding.testng2.KasirTest" name="testCheckout" time="0.000"/>
  <testcase classname="com.juaracoding.testng2.KasirTest" name="testCheckout" time="0.000"/>
  <testcase classname="com.juaracoding.testng2.KasirTest" name="testCheckout" time="0.001"/>
  <testcase classname="com.juaracoding.testng2.KasirTest" name="testCheckout" time="0.000"/>
  <testcase classname="com.juaracoding.testng2.KasirTest" name="testCheckout" time="0.000"/>
  <testcase classname="com.juaracoding.testng2.KasirTest" name="testCheckout" time="0.000"/>
  <testcase classname="com.juaracoding.testng2.KasirTest" name="testCheckout" time="0.000"/>
  <testcase classname="com.juaracoding.testng2.KasirTest" name="testCheckout" time="0.000"/>
  <testcase classname="com.juaracoding.testng2.KasirTest" name="testCheckout" time="0.000"/>
  <testcase classname="com.juaracoding.testng2.KasirTest" name="testCheckout" time="0.000"/>
  <testcase classname="com.juaracoding.testng2.KasirTest" name="testCheckout" time="0.000"/>
  <testcase classname="com.juaracoding.testng2.KasirTest" name="testCheckout" time="0.000"/>
  <testcase classname="com.juaracoding.testng2.KasirTest" name="testCheckout" time="0.000"/>
  <testcase classname="com.juaracoding.testng2.KasirTest" name="testCheckout" time="0.000"/>
  <testcase classname="com.juaracoding.testng2.KasirTest" name="testCheckout" time="0.000"/>
  <testcase classname="com.juaracoding.testng2.KasirTest" name="testCheckout" time="0.000"/>
  <testcase classname="com.juaracoding.testng2.KasirTest" name="testCheckout" time="0.000"/>
  <testcase classname="com.juaracoding.testng2.KasirTest" name="testCheckout" time="0.001"/>
  <testcase classname="com.juaracoding.testng2.KasirTest" name="testCheckout" time="0.000"/>
[...]
  <testcase classname="com.juaracoding.testng2.KasirTest" name="testCheckout" time="0.000"/>
  <testcase classname="com.juaracoding.testng2.KasirTest" name="testCheckout" time="0.000"/>
  <testcase classname="com.juaracoding.testng2.KasirTest" name="testCheckout" time="0.000"/>
  <testcase classname="com.juaracoding.testng2.KasirTest" name="testCheckout" time="0.000"/>
  <testcase classname="com.juaracoding.testng2.KasirTest" name="testCheckout" time="0.000"/>
  <testcase classname="com.juaracoding.testng2.KasirTest" name="testCheckout" time="0.000"/>
  <testcase classname="com.juaracoding.testng2.KasirTest" name="testCheckout" time="0.000"/>
  <testcase classname="com.juaracoding.testng2.KasirTest" name="testCheckout" time="0.000"/>
  <testcase classname="com.juaracoding.testng2.KasirTest" name="testCheckout" time="0.000"/>
  <testcase classname="com.juaracoding.testng2.KasirTest" name="testCheckout" time="0.000"/>
  <testcase classname="com.juaracoding.testng2.KasirTest" name="testCheckout" time="0.000"/>
  <testcase classname="com.juaracoding.testng2.KasirTest" name="testCheckout" time="0.001"/>
  <testcase classname="com.juaracoding.testng2.KasirTest" name="testCheckout" time="0.001"/>
  <testcase classname="com.juaracoding.testng2.KasirTest" name="testCheckout" time="0.000"/>
  <testcase classname="com.juaracoding.testng2.KasirTest" name="testCheckout" time="0.001"/>
  <testcase classname="com.juaracoding.testng2.KasirTest" name="testCheckout" time="0.000"/>
  <testcase classname="com.juaracoding.testng2.KasirTest" name="testCheckout" time="0.000"/>
  <testcase classname="com.juaracoding.testng2.KasirTest" name="testCheckout" time="0.000"/>
  <testcase classname="com.juaracoding.testng2.KasirTest" name="testCheckout" time="0.000"/>
  <testcase classname="com.juaracoding.testng2.KasirTest" name="testCheckout" time="0.001"/>
  <testcase classname="com.juaracoding.testng2.KasirTest" name="testCheckout" time="0.000"/>
  <testcase classname="com.juaracoding.testng2.KasirTest" name="testCheckout" time="0.000"/>
  <testcase classname="com.juaracoding.testng2.KasirTest" name="testCheckout" time="0.000"/>
  <testcase classname="com.juaracoding.testng2.KasirTest" name="testCheckout" time="0.000"/>
  <testcase classname="com.juaracoding.testng2.KasirTest" name="testCheckout" time="0.000"/>
  <testcase classname="com.juaracoding.testng2.KasirTest" name="testCheckout" time="0.000"/>
  <testcase classname="com.juaracoding.testng2.KasirTest" name="testCheckout" time="0.000"/>
  <testcase classname="com.juaracoding.testng2.KasirTest" name="testCheckout" time="0.000"/>
  <testcase classname="com.juaracoding.testng2.KasirTest" name="testCheckout" time="0.000"/>
  <testcase classname="com.juaracoding.testng2.KasirTest" name="testCheckout" time="0.000"/>
  <testcase classname="com.juaracoding.testng2.KasirTest" name="testCheckout" time="0.000"/>
  <testcase classname="com.juaracoding.testng2.KasirTest" name="testCheckout" time="0.000"/>
  <testcase classname="com.juaracoding.testng2.KasirTest" name="testCheckout" time="0.000"/>
  <testcase classname="com.juaracoding.testng2.KasirTest" name="testCheckout" time="0.000"/>
  <testcase classname="com.juaracoding.testng2.KasirTest" name="testCheckout" time="0.000"/>
  <testcase classname="com.juaracoding.testng2.KasirTest" name="testCheckout" time="0.000"/>
  <testcase classname="com.juaracoding.testng2.KasirTest" name="testCheckout" time="0.000"/>
  <testcase classname="com.juaracoding.testng2.KasirTest" name="testCheckout" time="0.000"/>
  <testcase classname="com.juaracoding.testng2.KasirTest" name="testCheckout" time="0.000"/>
  <testcase classname="com.juaracoding.testng2.KasirTest" name="testCheckout" time="0.000"/>
  <testcase classname="com.juaracoding.testng2.KasirTest" name="testCheckout" time="0.000"/>
  <testcase classname="com.juaracoding.testng2.KasirTest" name="testCheckout" time="0.000"/>
  <testcase classname="com.juaracoding.testng2.KasirTest" name="testCheckout" time="0.000"/>
  <testcase classname="com.juaracoding.testng2.KasirTest" name="testCheckout" time="0.000"/>
  <testcase classname="com.juaracoding.testng2.KasirTest" name="testCheckout" time="0.000"/>
  <testcase classname="com.juaracoding.testng2.KasirTest" name="testCheckout" time="0.001"/>
  <testcase classname="com.juaracoding.testng2.KasirTest" name="testCheckout" time="0.000"/>
  <testcase classname="com.juaracoding.testng2.KasirTest" name="testCheckout" time="0.000"/>
  <testcase classname="com.juaracoding.testng2.KasirTest" name="testCheckout" time="0.000"/>
  <testcase classname="com.juaracoding.testng2.KasirTest" name="testCheckout" time="0.000"/>
  <testcase classname="com.juaracoding.testng2.KasirTest" name="testCheckout" time="0.001"/>
  <testcase classname="com.juaracoding.testng2.KasirTest" name="testCheckout" time="0.000"/>
  <testcase classname="com.juaracoding.testng2.KasirTest" name="testCheckout" time="0.000"/>
  <testcase classname="com.juaracoding.testng2.KasirTest" name="testCheckout" time="0.000"/>
  <testcase classname="com.juaracoding.testng2.KasirTest" name="testCheckout" time="0.000"/>
  <testcase classname="com.juaracoding.testng2.KasirTest" name="testCheckout" time="0.000"/>
  <testcase classname="com.juaracoding.testng2.KasirTest" name="testCheckout" time="0.000"/>
  <testcase classname="com.juaracoding.testng2.KasirTest" name="testCheckout" time="0.000"/>
  <testcase classname="com.juaracoding.testng2.KasirTest" name="testCheckout" time="0.000"/>
  <testcase classname="com.juaracoding.testng2.KasirTest" name="testCheckout" time="0.000"/>
  <testcase classname="com.juaracoding.testng2.KasirTest" name="testCheckout" time="0.000"/>
  <testcase classname="com.juaracoding.testng2.KasirTest" name="testCheckout" time="0.000"/>
  <testcase classname="com.juaracoding.testng2.KasirTest" name="testCheckout" time="0.000"/>
  <testcase classname="com.juaracoding.testng2.KasirTest" name="testCheckout" time="0.000"/>
  <testcase classname="com.juaracoding.testng2.KasirTest" name="testCheckout" time="0.000"/>
  <testcase classname="com.juaracoding.testng2.KasirTest" name="testCheckout" time="0.000"/>
  <testcase classname="com.juaracoding.testng2.KasirTest" name="testCheckout" time="0.000"/>
  <testcase classname="com.juaracoding.testng2.KasirTest" name="testCheckout" time="0.000"/>
  <testcase classname="com.juaracoding.testng2.KasirTest" name="testCheckout" time="0.000"/>
  <testcase classname="com.juaracoding.testng2.KasirTest" name="testCheckout" time="0.000"/>
  <testcase classname="com.juaracoding.testng2.KasirTest" name="testCheckout" time="0.001"/>
  <testcase classname="com.juaracoding.testng2.KasirTest" name="testCheckout" time="0.000"/>
  <testcase classname="com.juaracoding.testng2.KasirTest" name="testCheckout" time="0.000"/>
  <testcase classname="com.juaracoding.testng2.KasirTest" name="testCheckout" time="0.000"/>
  <testcase classname="com.juaracoding.testng2.KasirTest" name="testCheckout" time="0.000"/>
  <testcase classname="com.juaracoding.testng2.KasirTest" name="testCheckout" time="0.001"/>
  <testcase classname="com.juaracoding.testng2.KasirTest" name="testCheckout" time="0.000"/>
  <testcase classname="com.juaracoding.testng2.KasirTest" name="testCheckout" time="0.000"/>
  <testcase classname="com.juaracoding.testng2.KasirTest" name="testCheckout" time="0.000"/>
  <testcase classname="com.juaracoding.testng2.KasirTest" name="testCheckout" time="0.000"/>
  <testcase classname="com.juaracoding.testng2.KasirTest" name="testCheckout" time="0.000"/>
  <testcase classname="com.juaracoding.testng2.KasirTest" name="testCheckout" time="0.000"/>
  <testcase classname="com.juaracoding.testng2.KasirTest" name="testCheckout" time="0.000"/>
  <testcase classname="com.juaracoding.testng2.KasirTest" name="testCheckout" time="0.000"/>
  <testcase classname="com.juaracoding.testng2.KasirTest" name="testCheckout" time="0.000"/>
  <testcase classname="com.juaracoding.testng2.KasirTest" name="testCheckout" time="0.000"/>
  <testcase classname="com.juaracoding.testng2.KasirTest" name="testCheckout" time="0.000"/>
  <testcase classname="com.juaracoding.testng2.KasirTest" name="testCheckout" time="0.000"/>
  <testcase classname="com.juaracoding.testng2.KasirTest" name="testCheckout" time="0.000"/>
  <testcase classname="com.juaracoding.testng2.KasirTest" name="testCheckout" time="0.000"/>
  <testcase classname="com.juaracoding.testng2.KasirTest" name="testCheckout" time="0.000"/>
  <testcase classname="com.juaracoding.testng2.KasirTest" name="testCheckout" time="0.000"/>
  <testcase classname="com.juaracoding.testng2.KasirTest" name="testCheckout" time="0.000"/>
  <testcase classname="com.juaracoding.testng2.KasirTest" name="testCheckout" time="0.001"/>
  <testcase classname="com.juaracoding.testng2.KasirTest" name="testCheckout" time="0.000"/>
  <testcase classname="com.juaracoding.testng2.KasirTest" name="testCheckout" time="0.000"/>
  <testcase classname="com.juaracoding.testng2.KasirTest" name="testCheckout" time="0.000"/>
  <testcase classname="com.juaracoding.testng2.KasirTest" name="testCheckout" time="0.001"/>
  <testcase classname="com.juaracoding.testng2.KasirTest" name="testCheckout" time="0.000"/>
  <testcase classname="com.juaracoding.testng2.KasirTest" name="testCheckout" time="0.000"/>
  <testcase classname="com.juaracoding.testng2.KasirTest" name="testCheckout" time="0.000"/>
  <testcase classname="com.juaracoding.testng2.KasirTest" name="testCheckout" time="0.000"/>
  <testcase classname="com.juaracoding.testng2.KasirTest" name="testCheckout" time="0.000"/>
  <testcase classname="com.juaracoding.testng2.KasirTest" name="testCheckout" time="0.000"/>
  <testcase classname="com.juaracoding.testng2.KasirTest" name="testCheckout" time="0.000"/>
  <testcase classname="com.juaracoding.testng2.KasirTest" name="testCheckout" time="0.000"/>
  <testcase classname="com.juaracoding.testng2.KasirTest" name="testCheckout" time="0.000"/>
  <testcase classname="com.juaracoding.testng2.KasirTest" name="testCheckout" time="0.000"/>
  <testcase classname="com.juaracoding.testng2.KasirTest" name="testCheckout" time="0.000"/>
  <testcase classname="com.juaracoding.testng2.KasirTest" name="testCheckout" time="0.000"/>
  <testcase classname="com.juaracoding.testng2.KasirTest" name="testCheckout" time="0.000"/>
  <testcase classname="com.juaracoding.testng2.KasirTest" name="testCheckout" time="0.000"/>
  <testcase classname="com.juaracoding.testng2.KasirTest" name="testCheckout" time="0.000"/>
  <testcase classname="com.juaracoding.testng2.KasirTest" name="testCheckout" time="0.000"/>
  <testcase classname="com.juaracoding.testng2.KasirTest" name="testCheckout" time="0.000"/>
  <testcase classname="com.juaracoding.testng2.KasirTest" name="testCheckout" time="0.000"/>
  <testcase classname="com.juaracoding.testng2.KasirTest" name="testCheckout" time="0.000"/>
  <testcase classname="com.juaracoding.testng2.KasirTest" name="testCheckout" time="0.000"/>
  <testcase classname="com.juaracoding.testng2.KasirTest" name="testCheckout" time="0.000"/>
  <testcase classname="com.juaracoding.testng2.KasirTest" name="testCheckout" time="0.000"/>
  <testcase classname="com.juaracoding.testng2.KasirTest" name="testCheckout" time="0.000"/>
  <testcase classname="com.juaracoding.testng2.KasirTest" name="testCheckout" time="0.000"/>
  <testcase classname="com.juaracoding.testng2.KasirTest" name="testCheckout" time="0.000"/>
  <testcase classname="com.juaracoding.testng2.KasirTest" name="testCheckout" time="0.000"/>
  <testcase classname="com.juaracoding.testng2.KasirTest" name="testCheckout" time="0.000"/>
  <testcase classname="com.juaracoding.testng2.KasirTest" name="testCheckout" time="0.001"/>
  <testcase classname="com.juaracoding.testng2.KasirTest" name="testCheckout" time="0.001"/>
  <testcase classname="com.juaracoding.testng2.KasirTest" name="testCheckout" time="0.000"/>
  <testcase classname="com.juaracoding.testng2.KasirTest" name="testCheckout" time="0.000"/>
  <testcase classname="com.juaracoding.testng2.KasirTest" name="testCheckout" time="0.000"/>
  <testcase classname="com.juaracoding.testng2.KasirTest" name="testCheckout" time="0.000"/>
  <testcase classname="com.juaracoding.testng2.KasirTest" name="testCheckout" time="0.000"/>
  <testcase classname="com.juaracoding.testng2.KasirTest" name="testCheckout" time="0.000"/>
  <testcase classname="com.juaracoding.testng2.KasirTest" name="testCheckout" time="0.000"/>
  <testcase classname="com.juaracoding.testng2.KasirTest" name="testCheckout" time="0.000"/>
  <testcase classname="com.juaracoding.testng2.KasirTest" name="testCheckout" time="0.000"/>
  <testcase classname="com.juaracoding.testng2.KasirTest" name="testCheckout" time="0.000"/>
  <testcase classname="com.juaracoding.testng2.KasirTest" name="testCheckout" time="0.000"/>
  <testcase classname="com.juaracoding.testng2.KasirTest" name="testCheckout" time="0.000"/>
  <testcase classname="com.juaracoding.testng2.KasirTest" name="testCheckout" time="0.000"/>
  <testcase classname="com.juaracoding.testng2.KasirTest" name="testCheckout" time="0.000"/>
  <testcase classname="com.juaracoding.testng2.KasirTest" name="testCheckout" time="0.000"/>
  <testcase classname="com.juaracoding.testng2.KasirTest" name="testCheckout" time="0.000"/>
  <testcase classname="com.juaracoding.testng2.KasirTest" name="testCheckout" time="0.000"/>
  <testcase classname="com.juaracoding.testng2.KasirTest" name="testCheckout" time="0.000"/>
  <testcase classname="com.juaracoding.testng2.KasirTest" name="testCheckout" time="0.008"/>
  <testcase classname="com.juaracoding.testng2.KasirTest" name="testCheckout" time="0.000"/>
  <testcase classname="com.juaracoding.testng2.KasirTest" name="testCheckout" time="0.000"/>
  <testcase classname="com.juaracoding.testng2.KasirTest" name="testCheckout" time="0.000"/>
  <testcase classname="com.juaracoding.testng2.KasirTest" name="testCheckout" time="0.000"/>
  <testcase classname="com.juaracoding.testng2.KasirTest" name="testCheckout" time="0.000"/>
  <testcase classname="com.juaracoding.testng2.KasirTest" name="testCheckout" time="0.000"/>
  <testcase classname="com.juaracoding.testng2.KasirTest" name="testCheckout" time="0.000"/>
  <testcase classname="com.juaracoding.testng2.KasirTest" name="testCheckout" time="0.000"/>
  <testcase classname="com.juaracoding.testng2.KasirTest" name="testCheckout" time="0.000"/>
  <testcase classname="com.juaracoding.testng2.KasirTest" name="testCheckout" time="0.000"/>
  <testcase classname="com.juaracoding.testng2.KasirTest" name="testCheckout" time="0.000"/>
  <testcase classname="com.juaracoding.testng2.KasirTest" name="testCheckout" time="0.000"/>
  <testcase classname="com.juaracoding.testng2.KasirTest" name="testCheckout" time="0.000"/>
  <testcase classname="com.juaracoding.testng2.KasirTest" name="testCheckout" time="0.000"/>
  <testcase classname="com.juaracoding.testng2.KasirTest" name="testCheckout" time="0.000"/>
  <testcase classname="com.juaracoding.testng2.KasirTest" name="testCheckout" time="0.000"/>
  <testcase classname="com.juaracoding.testng2.KasirTest" name="testCheckout" time="0.000"/>
  <testcase classname="com.juaracoding.testng2.KasirTest" name="testCheckout" time="0.000"/>
  <testcase classname="com.juaracoding.testng2.KasirTest" name="testCheckout" time="0.000"/>
  <testcase classname="com.juaracoding.testng2.KasirTest" name="testCheckout" time="0.000"/>
  <testcase classname="com.juaracoding.testng2.KasirTest" name="testCheckout" time="0.000"/>
  <testcase classname="com.juaracoding.testng2.KasirTest" name="testCheckout" time="0.000"/>
  <testcase classname="com.juaracoding.testng2.KasirTest" name="testCheckout" time="0.000"/>
  <testcase classname="com.juaracoding.testng2.KasirTest" name="testCheckout" time="0.000"/>
  <testcase classname="com.juaracoding.testng2.KasirTest" name="testCheckout" time="0.000"/>
  <testcase classname="com.juaracoding.testng2.KasirTest" name="testCheckout" time="0.000"/>
  <testcase classname="com.juaracoding.testng2.KasirTest" name="testCheckout" time="0.000"/>
  <testcase classname="com.juaracoding.testng2.KasirTest" name="testCheckout" time="0.000"/>
  <testcase classname="com.juaracoding.testng2.KasirTest" name="testCheckout" time="0.000"/>
  <testcase classname="com.juaracoding.testng2.KasirTest" name="testCheckout" time="0.000"/>
  <testcase classname="com.juaracoding.testng2.KasirTest" name="testCheckout" time="0.000"/>
  <testcase classname="com.juaracoding.testng2.KasirTest" name="testCheckout" time="0.000"/>
  <testcase classname="com.juaracoding.testng2.KasirTest" name="testCheckout" time="0.000"/>
  <testcase classname="com.juaracoding.testng2.KasirTest" name="testCheckout" time="0.000"/>
  <testcase classname="com.juaracoding.testng2.KasirTest" name="testCheckout" time="0.000"/>
  <testcase classname="com.juaracoding.testng2.KasirTest" name="testCheckout" time="0.000"/>
  <testcase classname="com.juaracoding.testng2.KasirTest" name="testCheckout" time="0.000"/>
  <testcase classname="com.juaracoding.testng2.KasirTest" name="testCheckout" time="0.000"/>
  <testcase classname="com.juaracoding.testng2.KasirTest" name="testCheckout" time="0.000"/>
  <testcase classname="com.juaracoding.testng2.KasirTest" name="testCheckout" time="0.000"/>
  <testcase classname="com.juaracoding.testng2.KasirTest" name="testCheckout" time="0.000"/>
  <testcase classname="com.juaracoding.testng2.KasirTest" name="testCheckout" time="0.000"/>
  <testcase classname="com.juaracoding.testng2.KasirTest" name="testCheckout" time="0.000"/>
  <testcase classname="com.juaracoding.testng2.KasirTest" name="testCheckout" time="0.000"/>
  <testcase classname="com.juaracoding.testng2.KasirTest" name="testCheckout" time="0.000"/>
  <testcase classname="com.juaracoding.testng2.KasirTest" name="testCheckout" time="0.000"/>
  <testcase classname="com.juaracoding.testng2.KasirTest" name="testCheckout" time="0.000"/>
  <testcase classname="com.juaracoding.testng2.KasirTest" name="testCheckout" time="0.000"/>
  <testcase classname="com.juaracoding.testng2.KasirTest" name="testCheckout" time="0.000"/>
  <testcase classname="com.juaracoding.testng2.KasirTest" name="testCheckout" time="0.000"/>
  <testcase classname="com.juaracoding.testng2.KasirTest" name="testCheckout" time="0.000"/>
  <testcase classname="com.juaracoding.testng2.KasirTest" name="testCheckout" time="0.000"/>
  <testcase classname="com.juaracoding.testng2.KasirTest" name="testCheckout" time="0.001"/>
  <testcase classname="com.juaracoding.testng2.KasirTest" name="testCheckout" time="0.000"/>
  <testcase classname="com.juaracoding.testng2.KasirTest" name="testCheckout" time="0.000"/>
  <testcase classname="com.juaracoding.testng2.KasirTest" name="testCheckout" time="0.000"/>
  <testcase classname="com.juaracoding.testng2.KasirTest" name="testCheckout" time="0.000"/>
  <testcase classname="com.juaracoding.testng2.KasirTest" name="testCheckout" time="0.000"/>
  <testcase classname="com.juaracoding.testng2.KasirTest" name="testCheckout" time="0.000"/>
  <testcase classname="com.juaracoding.testng2.KasirTest" name="testCheckout" time="0.000"/>
  <testcase classname="com.juaracoding.testng2.KasirTest" name="testCheckout" time="0.000"/>
  <testcase classname="com.juaracoding.testng2.KasirTest" name="testCheckout" time="0.000"/>
  <testcase classname="com.juaracoding.testng2.KasirTest" name="testCheckout" time="0.000"/>
  <testcase classname="com.juaracoding.testng2.KasirTest" name="testCheckout" time="0.000"/>
  <testcase classname="com.juaracoding.testng2.KasirTest" name="testCheckout" time="0.000"/>
  <testcase classname="com.juaracoding.testng2.KasirTest" name="testCheckout" time="0.000"/>
  <testcase classname="com.juaracoding.testng2.KasirTest" name="testCheckout" time="0.000"/>
  <testcase classname="com.juaracoding.testng2.KasirTest" name="testCheckout" time="0.000"/>
</testsuite> <!-- com.juaracoding.testng2.KasirTest -->
